2020-04-07 11:09:23,416 INFO com.sapient.user_management.UserManagementApplicationTests [main] Starting UserManagementApplicationTests on WKWIN6139632 with PID 23252 (started by akasingh9 in C:\Users\akasingh9\Desktop\MicroServicesPractice\user-management-trial-4)
2020-04-07 11:09:23,426 DEBUG com.sapient.user_management.UserManagementApplicationTests [main] Running with Spring Boot v2.2.5.RELEASE, Spring v5.2.4.RELEASE
2020-04-07 11:09:23,426 INFO com.sapient.user_management.UserManagementApplicationTests [main] No active profile set, falling back to default profiles: default
2020-04-07 11:09:35,441 DEBUG com.sapient.aspect.MessageAspect$$EnhancerBySpringCGLIB$$4d10c352 [main] Door-in RestController : Docket com.sapient.user_management.UserManagementApplication.api()
2020-04-07 11:09:35,525 DEBUG com.sapient.aspect.MessageAspect$$EnhancerBySpringCGLIB$$4d10c352 [main] Door-out RestController : Docket com.sapient.user_management.UserManagementApplication.api() : without error : returned :springfox.documentation.spring.web.plugins.Docket@2484c868 : with Arguments : 
2020-04-07 11:09:36,518 INFO com.sapient.user_management.UserManagementApplicationTests [main] Started UserManagementApplicationTests in 13.504 seconds (JVM running for 16.086)
2020-04-07 11:09:37,052 INFO com.sapient.controller.BatchCategoryControllerTest [main] Starting BatchCategoryControllerTest on WKWIN6139632 with PID 23252 (started by akasingh9 in C:\Users\akasingh9\Desktop\MicroServicesPractice\user-management-trial-4)
2020-04-07 11:09:37,052 DEBUG com.sapient.controller.BatchCategoryControllerTest [main] Running with Spring Boot v2.2.5.RELEASE, Spring v5.2.4.RELEASE
2020-04-07 11:09:37,058 INFO com.sapient.controller.BatchCategoryControllerTest [main] No active profile set, falling back to default profiles: default
2020-04-07 11:09:41,629 DEBUG com.sapient.aspect.MessageAspect$$EnhancerBySpringCGLIB$$4d10c352 [main] Door-in RestController : Docket com.sapient.user_management.UserManagementApplication.api()
2020-04-07 11:09:41,630 DEBUG com.sapient.aspect.MessageAspect$$EnhancerBySpringCGLIB$$4d10c352 [main] Door-out RestController : Docket com.sapient.user_management.UserManagementApplication.api() : without error : returned :springfox.documentation.spring.web.plugins.Docket@5da41d02 : with Arguments : 
2020-04-07 11:09:42,387 INFO com.sapient.controller.BatchCategoryControllerTest [main] Started BatchCategoryControllerTest in 5.49 seconds (JVM running for 21.955)
2020-04-07 11:09:42,443 DEBUG com.sapient.aspect.MessageAspect$$EnhancerBySpringCGLIB$$4d10c352 [main] Door-in RestController : Object com.sapient.controller.BatchCategoryController.getBatchCategoryById(Integer)
2020-04-07 11:09:42,468 DEBUG com.sapient.aspect.MessageAspect$$EnhancerBySpringCGLIB$$4d10c352 [main] Door-out RestController : Object com.sapient.controller.BatchCategoryController.getBatchCategoryById(Integer) : without error : returned :<200 OK OK,[],[]> : with Arguments : [1] 
2020-04-07 11:09:42,479 DEBUG com.sapient.aspect.MessageAspect$$EnhancerBySpringCGLIB$$4d10c352 [main] Door-in RestController : Object com.sapient.controller.BatchCategoryController.getBatchCategoryById(Integer)
2020-04-07 11:09:42,480 DEBUG com.sapient.aspect.MessageAspect$$EnhancerBySpringCGLIB$$4d10c352 [main] Door-out RestController : Object com.sapient.controller.BatchCategoryController.getBatchCategoryById(Integer) : without error : returned :<404 NOT_FOUND Not Found,Categories not found,[]> : with Arguments : [2] 
2020-04-07 11:09:42,548 INFO com.sapient.controller.BatchControllerTest [main] Starting BatchControllerTest on WKWIN6139632 with PID 23252 (started by akasingh9 in C:\Users\akasingh9\Desktop\MicroServicesPractice\user-management-trial-4)
2020-04-07 11:09:42,548 DEBUG com.sapient.controller.BatchControllerTest [main] Running with Spring Boot v2.2.5.RELEASE, Spring v5.2.4.RELEASE
2020-04-07 11:09:42,548 INFO com.sapient.controller.BatchControllerTest [main] No active profile set, falling back to default profiles: default
2020-04-07 11:09:47,006 DEBUG com.sapient.aspect.MessageAspect$$EnhancerBySpringCGLIB$$4d10c352 [main] Door-in RestController : Docket com.sapient.user_management.UserManagementApplication.api()
2020-04-07 11:09:47,007 DEBUG com.sapient.aspect.MessageAspect$$EnhancerBySpringCGLIB$$4d10c352 [main] Door-out RestController : Docket com.sapient.user_management.UserManagementApplication.api() : without error : returned :springfox.documentation.spring.web.plugins.Docket@71a509c : with Arguments : 
2020-04-07 11:09:47,741 INFO com.sapient.controller.BatchControllerTest [main] Started BatchControllerTest in 5.25 seconds (JVM running for 27.309)
2020-04-07 11:09:47,755 DEBUG com.sapient.aspect.MessageAspect$$EnhancerBySpringCGLIB$$4d10c352 [main] Door-in RestController : Object com.sapient.controller.BatchController.getBatchById(Integer)
2020-04-07 11:09:47,767 INFO com.sapient.controller.BatchController [main] Batch returned with details null
2020-04-07 11:09:47,771 DEBUG com.sapient.aspect.MessageAspect$$EnhancerBySpringCGLIB$$4d10c352 [main] Door-out RestController : Object com.sapient.controller.BatchController.getBatchById(Integer) : without error : returned :<404 NOT_FOUND Not Found,Batch not found,[]> : with Arguments : [2] 
2020-04-07 11:09:47,789 DEBUG com.sapient.aspect.MessageAspect$$EnhancerBySpringCGLIB$$4d10c352 [main] Door-in RestController : Object com.sapient.controller.BatchController.getBatchById(Integer)
2020-04-07 11:09:47,789 INFO com.sapient.controller.BatchController [main] Batch returned with details 
2020-04-07 11:09:47,789 DEBUG com.sapient.aspect.MessageAspect$$EnhancerBySpringCGLIB$$4d10c352 [main] Door-out RestController : Object com.sapient.controller.BatchController.getBatchById(Integer) : without error : returned :<200 OK OK,,[]> : with Arguments : [1] 
2020-04-07 11:09:47,797 DEBUG com.sapient.aspect.MessageAspect$$EnhancerBySpringCGLIB$$4d10c352 [main] Door-in RestController : Object com.sapient.controller.BatchController.deleteBatch(Batch)
2020-04-07 11:09:47,798 DEBUG com.sapient.aspect.MessageAspect$$EnhancerBySpringCGLIB$$4d10c352 [main] Door-out RestController : Object com.sapient.controller.BatchController.deleteBatch(Batch) : without error : returned :<200 OK OK,[]> : with Arguments : [] 
2020-04-07 11:09:47,812 DEBUG com.sapient.aspect.MessageAspect$$EnhancerBySpringCGLIB$$4d10c352 [main] Door-in RestController : Object com.sapient.controller.BatchController.getallBatches()
2020-04-07 11:09:47,813 DEBUG com.sapient.aspect.MessageAspect$$EnhancerBySpringCGLIB$$4d10c352 [main] Door-out RestController : Object com.sapient.controller.BatchController.getallBatches() : without error : returned :<200 OK OK,[],[]> : with Arguments : 
2020-04-07 11:09:47,895 INFO com.sapient.controller.RoleControllerTest [main] Starting RoleControllerTest on WKWIN6139632 with PID 23252 (started by akasingh9 in C:\Users\akasingh9\Desktop\MicroServicesPractice\user-management-trial-4)
2020-04-07 11:09:47,896 DEBUG com.sapient.controller.RoleControllerTest [main] Running with Spring Boot v2.2.5.RELEASE, Spring v5.2.4.RELEASE
2020-04-07 11:09:47,896 INFO com.sapient.controller.RoleControllerTest [main] No active profile set, falling back to default profiles: default
2020-04-07 11:09:53,252 DEBUG com.sapient.aspect.MessageAspect$$EnhancerBySpringCGLIB$$4d10c352 [main] Door-in RestController : Docket com.sapient.user_management.UserManagementApplication.api()
2020-04-07 11:09:53,253 DEBUG com.sapient.aspect.MessageAspect$$EnhancerBySpringCGLIB$$4d10c352 [main] Door-out RestController : Docket com.sapient.user_management.UserManagementApplication.api() : without error : returned :springfox.documentation.spring.web.plugins.Docket@5cb4e255 : with Arguments : 
2020-04-07 11:09:53,870 INFO com.sapient.controller.RoleControllerTest [main] Started RoleControllerTest in 6.05 seconds (JVM running for 33.438)
2020-04-07 11:09:53,887 DEBUG com.sapient.aspect.MessageAspect$$EnhancerBySpringCGLIB$$4d10c352 [main] Door-in RestController : Object com.sapient.controller.RoleController.addNew(Role)
2020-04-07 11:09:53,895 DEBUG com.sapient.aspect.MessageAspect$$EnhancerBySpringCGLIB$$4d10c352 [main] Door-out RestController : Object com.sapient.controller.RoleController.addNew(Role) : without error : returned :Prem : with Arguments : [] 
2020-04-07 11:09:53,902 DEBUG com.sapient.aspect.MessageAspect$$EnhancerBySpringCGLIB$$4d10c352 [main] Door-in RestController : Object com.sapient.controller.RoleController.getRoleById(Integer)
2020-04-07 11:09:53,903 INFO com.sapient.controller.RoleController [main] Role returned with details 
2020-04-07 11:09:53,903 DEBUG com.sapient.aspect.MessageAspect$$EnhancerBySpringCGLIB$$4d10c352 [main] Door-out RestController : Object com.sapient.controller.RoleController.getRoleById(Integer) : without error : returned :<200 OK OK,,[]> : with Arguments : [1] 
2020-04-07 11:09:53,909 DEBUG com.sapient.aspect.MessageAspect$$EnhancerBySpringCGLIB$$4d10c352 [main] Door-in RestController : Object com.sapient.controller.RoleController.getRoleById(Integer)
2020-04-07 11:09:53,909 INFO com.sapient.controller.RoleController [main] Role returned with details null
2020-04-07 11:09:53,909 DEBUG com.sapient.aspect.MessageAspect$$EnhancerBySpringCGLIB$$4d10c352 [main] Door-out RestController : Object com.sapient.controller.RoleController.getRoleById(Integer) : without error : returned :<404 NOT_FOUND Not Found,Role not found,[]> : with Arguments : [2] 
2020-04-07 11:09:53,917 DEBUG com.sapient.aspect.MessageAspect$$EnhancerBySpringCGLIB$$4d10c352 [main] Door-in RestController : Object com.sapient.controller.RoleController.deleteRole(Role)
2020-04-07 11:09:53,918 DEBUG com.sapient.aspect.MessageAspect$$EnhancerBySpringCGLIB$$4d10c352 [main] Door-out RestController : Object com.sapient.controller.RoleController.deleteRole(Role) : without error : returned :<200 OK OK,[]> : with Arguments : [] 
2020-04-07 11:09:53,925 DEBUG com.sapient.aspect.MessageAspect$$EnhancerBySpringCGLIB$$4d10c352 [main] Door-in RestController : Object com.sapient.controller.RoleController.getallRoles()
2020-04-07 11:09:53,926 DEBUG com.sapient.aspect.MessageAspect$$EnhancerBySpringCGLIB$$4d10c352 [main] Door-out RestController : Object com.sapient.controller.RoleController.getallRoles() : without error : returned :<200 OK OK,[],[]> : with Arguments : 
2020-04-07 11:09:53,999 INFO com.sapient.controller.SearchControllerTest [main] Starting SearchControllerTest on WKWIN6139632 with PID 23252 (started by akasingh9 in C:\Users\akasingh9\Desktop\MicroServicesPractice\user-management-trial-4)
2020-04-07 11:09:53,999 DEBUG com.sapient.controller.SearchControllerTest [main] Running with Spring Boot v2.2.5.RELEASE, Spring v5.2.4.RELEASE
2020-04-07 11:09:53,999 INFO com.sapient.controller.SearchControllerTest [main] No active profile set, falling back to default profiles: default
2020-04-07 11:10:00,098 DEBUG com.sapient.aspect.MessageAspect$$EnhancerBySpringCGLIB$$4d10c352 [main] Door-in RestController : Docket com.sapient.user_management.UserManagementApplication.api()
2020-04-07 11:10:00,098 DEBUG com.sapient.aspect.MessageAspect$$EnhancerBySpringCGLIB$$4d10c352 [main] Door-out RestController : Docket com.sapient.user_management.UserManagementApplication.api() : without error : returned :springfox.documentation.spring.web.plugins.Docket@66ab765c : with Arguments : 
2020-04-07 11:10:00,684 INFO com.sapient.controller.SearchControllerTest [main] Started SearchControllerTest in 6.751 seconds (JVM running for 40.253)
2020-04-07 11:10:00,691 DEBUG com.sapient.aspect.MessageAspect$$EnhancerBySpringCGLIB$$4d10c352 [main] Door-in RestController : Object com.sapient.controller.SearchController.getUserByQuery(String)
2020-04-07 11:10:00,700 DEBUG com.sapient.aspect.MessageAspect$$EnhancerBySpringCGLIB$$4d10c352 [main] Door-out RestController : Object com.sapient.controller.SearchController.getUserByQuery(String) : without error : returned :[] : with Arguments : [Prem] 
2020-04-07 11:10:00,713 DEBUG com.sapient.aspect.MessageAspect$$EnhancerBySpringCGLIB$$4d10c352 [main] Door-in RestController : Object com.sapient.controller.UserController.getUserById(Integer)
2020-04-07 11:10:00,723 INFO com.sapient.controller.UserController [main] User returned with details null
2020-04-07 11:10:00,723 DEBUG com.sapient.aspect.MessageAspect$$EnhancerBySpringCGLIB$$4d10c352 [main] Door-out RestController : Object com.sapient.controller.UserController.getUserById(Integer) : without error : returned :<404 NOT_FOUND Not Found,User not found,[]> : with Arguments : [2] 
2020-04-07 11:10:00,736 DEBUG com.sapient.aspect.MessageAspect$$EnhancerBySpringCGLIB$$4d10c352 [main] Door-in RestController : Object com.sapient.controller.UserController.getUserById(Integer)
2020-04-07 11:10:00,737 INFO com.sapient.controller.UserController [main] User returned with details 
2020-04-07 11:10:00,738 DEBUG com.sapient.aspect.MessageAspect$$EnhancerBySpringCGLIB$$4d10c352 [main] Door-out RestController : Object com.sapient.controller.UserController.getUserById(Integer) : without error : returned :<200 OK OK,,[]> : with Arguments : [1] 
2020-04-07 11:10:00,746 DEBUG com.sapient.aspect.MessageAspect$$EnhancerBySpringCGLIB$$4d10c352 [main] Door-in RestController : Object com.sapient.controller.UserController.deleteUser(User)
2020-04-07 11:10:00,748 DEBUG com.sapient.aspect.MessageAspect$$EnhancerBySpringCGLIB$$4d10c352 [main] Door-out RestController : Object com.sapient.controller.UserController.deleteUser(User) : without error : returned :<200 OK OK,[]> : with Arguments : [] 
2020-04-07 11:10:00,754 DEBUG com.sapient.aspect.MessageAspect$$EnhancerBySpringCGLIB$$4d10c352 [main] Door-in RestController : Object com.sapient.controller.UserController.getallUsers()
2020-04-07 11:10:00,755 DEBUG com.sapient.aspect.MessageAspect$$EnhancerBySpringCGLIB$$4d10c352 [main] Door-out RestController : Object com.sapient.controller.UserController.getallUsers() : without error : returned :<200 OK OK,[],[]> : with Arguments : 
2020-04-07 11:10:01,540 INFO com.sapient.service.BatchCategoryImplTest [main] Starting BatchCategoryImplTest on WKWIN6139632 with PID 23252 (started by akasingh9 in C:\Users\akasingh9\Desktop\MicroServicesPractice\user-management-trial-4)
2020-04-07 11:10:01,540 DEBUG com.sapient.service.BatchCategoryImplTest [main] Running with Spring Boot v2.2.5.RELEASE, Spring v5.2.4.RELEASE
2020-04-07 11:10:01,541 INFO com.sapient.service.BatchCategoryImplTest [main] No active profile set, falling back to default profiles: default
2020-04-07 11:10:07,432 DEBUG com.sapient.aspect.MessageAspect$$EnhancerBySpringCGLIB$$4d10c352 [main] Door-in RestController : Docket com.sapient.user_management.UserManagementApplication.api()
2020-04-07 11:10:07,433 DEBUG com.sapient.aspect.MessageAspect$$EnhancerBySpringCGLIB$$4d10c352 [main] Door-out RestController : Docket com.sapient.user_management.UserManagementApplication.api() : without error : returned :springfox.documentation.spring.web.plugins.Docket@62c4ad40 : with Arguments : 
2020-04-07 11:10:08,243 INFO com.sapient.service.BatchCategoryImplTest [main] Started BatchCategoryImplTest in 6.784 seconds (JVM running for 47.811)
2020-04-07 11:10:08,260 DEBUG com.sapient.aspect.MessageAspect$$EnhancerBySpringCGLIB$$4d10c352 [main] Door-in RestController : Integer com.sapient.service.BatchCategoryImpl.addNewBatchCategory(BatchCategory)
2020-04-07 11:10:08,261 INFO com.sapient.aspect.UserAspect$$EnhancerBySpringCGLIB$$dbd367f4 [main] before execution of execution(Integer com.sapient.service.BatchCategoryImpl.addNewBatchCategory(BatchCategory))
2020-04-07 11:10:08,272 DEBUG com.sapient.aspect.MessageAspect$$EnhancerBySpringCGLIB$$4d10c352 [main] Door-out RestController : Integer com.sapient.service.BatchCategoryImpl.addNewBatchCategory(BatchCategory) : without error : returned :1 : with Arguments : [com.sapient.model.BatchCategory@39081953] 
2020-04-07 11:10:08,280 DEBUG com.sapient.aspect.MessageAspect$$EnhancerBySpringCGLIB$$4d10c352 [main] Door-in RestController : ArrayList com.sapient.service.BatchCategoryImpl.getAllCategoriesOfBatchId(Integer)
2020-04-07 11:10:08,280 INFO com.sapient.aspect.UserAspect$$EnhancerBySpringCGLIB$$dbd367f4 [main] before execution of execution(ArrayList com.sapient.service.BatchCategoryImpl.getAllCategoriesOfBatchId(Integer))
2020-04-07 11:10:08,281 DEBUG com.sapient.aspect.MessageAspect$$EnhancerBySpringCGLIB$$4d10c352 [main] Door-out RestController : ArrayList com.sapient.service.BatchCategoryImpl.getAllCategoriesOfBatchId(Integer) : without error : returned :[] : with Arguments : [1] 
2020-04-07 11:10:08,414 INFO com.sapient.service.BatchImplTest [main] Starting BatchImplTest on WKWIN6139632 with PID 23252 (started by akasingh9 in C:\Users\akasingh9\Desktop\MicroServicesPractice\user-management-trial-4)
2020-04-07 11:10:08,415 DEBUG com.sapient.service.BatchImplTest [main] Running with Spring Boot v2.2.5.RELEASE, Spring v5.2.4.RELEASE
2020-04-07 11:10:08,415 INFO com.sapient.service.BatchImplTest [main] No active profile set, falling back to default profiles: default
2020-04-07 11:10:19,891 DEBUG com.sapient.aspect.MessageAspect$$EnhancerBySpringCGLIB$$4d10c352 [main] Door-in RestController : Docket com.sapient.user_management.UserManagementApplication.api()
2020-04-07 11:10:19,891 DEBUG com.sapient.aspect.MessageAspect$$EnhancerBySpringCGLIB$$4d10c352 [main] Door-out RestController : Docket com.sapient.user_management.UserManagementApplication.api() : without error : returned :springfox.documentation.spring.web.plugins.Docket@5e7cfcb5 : with Arguments : 
2020-04-07 11:10:20,424 INFO com.sapient.service.BatchImplTest [main] Started BatchImplTest in 12.134 seconds (JVM running for 59.993)
2020-04-07 11:10:20,458 DEBUG com.sapient.aspect.MessageAspect$$EnhancerBySpringCGLIB$$4d10c352 [main] Door-in RestController : Integer com.sapient.service.BatchImpl.addNewBatch(Batch)
2020-04-07 11:10:20,459 INFO com.sapient.aspect.UserAspect$$EnhancerBySpringCGLIB$$dbd367f4 [main] before execution of execution(Integer com.sapient.service.BatchImpl.addNewBatch(Batch))
2020-04-07 11:10:20,466 DEBUG com.sapient.aspect.MessageAspect$$EnhancerBySpringCGLIB$$4d10c352 [main] Door-out RestController : Integer com.sapient.service.BatchImpl.addNewBatch(Batch) : without error : returned :1 : with Arguments : [] 
2020-04-07 11:10:20,474 DEBUG com.sapient.aspect.MessageAspect$$EnhancerBySpringCGLIB$$4d10c352 [main] Door-in RestController : String com.sapient.service.BatchImpl.deleteBatch(Batch)
2020-04-07 11:10:20,474 INFO com.sapient.aspect.UserAspect$$EnhancerBySpringCGLIB$$dbd367f4 [main] before execution of execution(String com.sapient.service.BatchImpl.deleteBatch(Batch))
2020-04-07 11:10:20,474 DEBUG com.sapient.aspect.MessageAspect$$EnhancerBySpringCGLIB$$4d10c352 [main] Door-out RestController : String com.sapient.service.BatchImpl.deleteBatch(Batch) : without error : returned :Batch Deleted : with Arguments : [] 
2020-04-07 11:10:20,481 DEBUG com.sapient.aspect.MessageAspect$$EnhancerBySpringCGLIB$$4d10c352 [main] Door-in RestController : ArrayList com.sapient.service.BatchImpl.getAllBatches()
2020-04-07 11:10:20,481 INFO com.sapient.aspect.UserAspect$$EnhancerBySpringCGLIB$$dbd367f4 [main] before execution of execution(ArrayList com.sapient.service.BatchImpl.getAllBatches())
2020-04-07 11:10:20,482 DEBUG com.sapient.aspect.MessageAspect$$EnhancerBySpringCGLIB$$4d10c352 [main] Door-out RestController : ArrayList com.sapient.service.BatchImpl.getAllBatches() : without error : returned :[] : with Arguments : 
2020-04-07 11:10:20,488 DEBUG com.sapient.aspect.MessageAspect$$EnhancerBySpringCGLIB$$4d10c352 [main] Door-in RestController : Batch com.sapient.service.BatchImpl.getBatchById(Integer)
2020-04-07 11:10:20,488 INFO com.sapient.aspect.UserAspect$$EnhancerBySpringCGLIB$$dbd367f4 [main] before execution of execution(Batch com.sapient.service.BatchImpl.getBatchById(Integer))
2020-04-07 11:10:20,489 DEBUG com.sapient.aspect.MessageAspect$$EnhancerBySpringCGLIB$$4d10c352 [main] Door-out RestController : Batch com.sapient.service.BatchImpl.getBatchById(Integer) : without error : returned : : with Arguments : [1] 
2020-04-07 11:10:20,590 INFO com.sapient.service.CategoryImplTest [main] Starting CategoryImplTest on WKWIN6139632 with PID 23252 (started by akasingh9 in C:\Users\akasingh9\Desktop\MicroServicesPractice\user-management-trial-4)
2020-04-07 11:10:20,590 DEBUG com.sapient.service.CategoryImplTest [main] Running with Spring Boot v2.2.5.RELEASE, Spring v5.2.4.RELEASE
2020-04-07 11:10:20,590 INFO com.sapient.service.CategoryImplTest [main] No active profile set, falling back to default profiles: default
2020-04-07 11:10:28,366 DEBUG com.sapient.aspect.MessageAspect$$EnhancerBySpringCGLIB$$4d10c352 [main] Door-in RestController : Docket com.sapient.user_management.UserManagementApplication.api()
2020-04-07 11:10:28,367 DEBUG com.sapient.aspect.MessageAspect$$EnhancerBySpringCGLIB$$4d10c352 [main] Door-out RestController : Docket com.sapient.user_management.UserManagementApplication.api() : without error : returned :springfox.documentation.spring.web.plugins.Docket@3743d16b : with Arguments : 
2020-04-07 11:10:28,869 INFO com.sapient.service.CategoryImplTest [main] Started CategoryImplTest in 8.374 seconds (JVM running for 68.438)
2020-04-07 11:10:28,879 DEBUG com.sapient.aspect.MessageAspect$$EnhancerBySpringCGLIB$$4d10c352 [main] Door-in RestController : String com.sapient.service.CategoryImpl.deleteCategory(Category)
2020-04-07 11:10:28,879 INFO com.sapient.aspect.UserAspect$$EnhancerBySpringCGLIB$$dbd367f4 [main] before execution of execution(String com.sapient.service.CategoryImpl.deleteCategory(Category))
2020-04-07 11:10:28,887 DEBUG com.sapient.aspect.MessageAspect$$EnhancerBySpringCGLIB$$4d10c352 [main] Door-out RestController : String com.sapient.service.CategoryImpl.deleteCategory(Category) : without error : returned :Category Deleted : with Arguments : [] 
2020-04-07 11:10:28,897 DEBUG com.sapient.aspect.MessageAspect$$EnhancerBySpringCGLIB$$4d10c352 [main] Door-in RestController : Integer com.sapient.service.CategoryImpl.getCategoryByName(Category)
2020-04-07 11:10:28,897 INFO com.sapient.aspect.UserAspect$$EnhancerBySpringCGLIB$$dbd367f4 [main] before execution of execution(Integer com.sapient.service.CategoryImpl.getCategoryByName(Category))
2020-04-07 11:10:28,898 DEBUG com.sapient.aspect.MessageAspect$$EnhancerBySpringCGLIB$$4d10c352 [main] Door-out RestController : Integer com.sapient.service.CategoryImpl.getCategoryByName(Category) : without error : returned :1 : with Arguments : [] 
2020-04-07 11:10:28,905 DEBUG com.sapient.aspect.MessageAspect$$EnhancerBySpringCGLIB$$4d10c352 [main] Door-in RestController : Integer com.sapient.service.CategoryImpl.addNewCategory(Category)
2020-04-07 11:10:28,905 INFO com.sapient.aspect.UserAspect$$EnhancerBySpringCGLIB$$dbd367f4 [main] before execution of execution(Integer com.sapient.service.CategoryImpl.addNewCategory(Category))
2020-04-07 11:10:28,906 DEBUG com.sapient.aspect.MessageAspect$$EnhancerBySpringCGLIB$$4d10c352 [main] Door-out RestController : Integer com.sapient.service.CategoryImpl.addNewCategory(Category) : without error : returned :1 : with Arguments : [] 
2020-04-07 11:10:28,914 DEBUG com.sapient.aspect.MessageAspect$$EnhancerBySpringCGLIB$$4d10c352 [main] Door-in RestController : ArrayList com.sapient.service.CategoryImpl.getAllCategories()
2020-04-07 11:10:28,914 INFO com.sapient.aspect.UserAspect$$EnhancerBySpringCGLIB$$dbd367f4 [main] before execution of execution(ArrayList com.sapient.service.CategoryImpl.getAllCategories())
2020-04-07 11:10:28,915 DEBUG com.sapient.aspect.MessageAspect$$EnhancerBySpringCGLIB$$4d10c352 [main] Door-out RestController : ArrayList com.sapient.service.CategoryImpl.getAllCategories() : without error : returned :[] : with Arguments : 
2020-04-07 11:10:28,922 DEBUG com.sapient.aspect.MessageAspect$$EnhancerBySpringCGLIB$$4d10c352 [main] Door-in RestController : ArrayList com.sapient.service.CategoryImpl.getAllCategories()
2020-04-07 11:10:28,922 INFO com.sapient.aspect.UserAspect$$EnhancerBySpringCGLIB$$dbd367f4 [main] before execution of execution(ArrayList com.sapient.service.CategoryImpl.getAllCategories())
2020-04-07 11:10:28,922 DEBUG com.sapient.aspect.MessageAspect$$EnhancerBySpringCGLIB$$4d10c352 [main] Door-out RestController : ArrayList com.sapient.service.CategoryImpl.getAllCategories() : without error : returned :[] : with Arguments : 
2020-04-07 11:10:28,922 DEBUG com.sapient.aspect.MessageAspect$$EnhancerBySpringCGLIB$$4d10c352 [main] Door-in RestController : boolean com.sapient.service.CategoryImpl.isCategoryExists(Category)
2020-04-07 11:10:28,922 INFO com.sapient.aspect.UserAspect$$EnhancerBySpringCGLIB$$dbd367f4 [main] before execution of execution(boolean com.sapient.service.CategoryImpl.isCategoryExists(Category))
2020-04-07 11:10:28,923 DEBUG com.sapient.aspect.MessageAspect$$EnhancerBySpringCGLIB$$4d10c352 [main] Door-out RestController : boolean com.sapient.service.CategoryImpl.isCategoryExists(Category) : without error : returned :true : with Arguments : [] 
2020-04-07 11:10:28,930 DEBUG com.sapient.aspect.MessageAspect$$EnhancerBySpringCGLIB$$4d10c352 [main] Door-in RestController : boolean com.sapient.service.CategoryImpl.isCategoryExists(Category)
2020-04-07 11:10:28,931 INFO com.sapient.aspect.UserAspect$$EnhancerBySpringCGLIB$$dbd367f4 [main] before execution of execution(boolean com.sapient.service.CategoryImpl.isCategoryExists(Category))
2020-04-07 11:10:28,931 DEBUG com.sapient.aspect.MessageAspect$$EnhancerBySpringCGLIB$$4d10c352 [main] Door-out RestController : boolean com.sapient.service.CategoryImpl.isCategoryExists(Category) : without error : returned :false : with Arguments : [] 
2020-04-07 11:10:28,938 DEBUG com.sapient.aspect.MessageAspect$$EnhancerBySpringCGLIB$$4d10c352 [main] Door-in RestController : Category com.sapient.service.CategoryImpl.getCategoryById(Integer)
2020-04-07 11:10:28,939 INFO com.sapient.aspect.UserAspect$$EnhancerBySpringCGLIB$$dbd367f4 [main] before execution of execution(Category com.sapient.service.CategoryImpl.getCategoryById(Integer))
2020-04-07 11:10:28,939 DEBUG com.sapient.aspect.MessageAspect$$EnhancerBySpringCGLIB$$4d10c352 [main] Door-out RestController : Category com.sapient.service.CategoryImpl.getCategoryById(Integer) : without error : returned : : with Arguments : [1] 
2020-04-07 11:10:29,005 INFO com.sapient.service.InstituteImplTest [main] Starting InstituteImplTest on WKWIN6139632 with PID 23252 (started by akasingh9 in C:\Users\akasingh9\Desktop\MicroServicesPractice\user-management-trial-4)
2020-04-07 11:10:29,005 DEBUG com.sapient.service.InstituteImplTest [main] Running with Spring Boot v2.2.5.RELEASE, Spring v5.2.4.RELEASE
2020-04-07 11:10:29,006 INFO com.sapient.service.InstituteImplTest [main] No active profile set, falling back to default profiles: default
2020-04-07 11:10:36,233 DEBUG com.sapient.aspect.MessageAspect$$EnhancerBySpringCGLIB$$4d10c352 [main] Door-in RestController : Docket com.sapient.user_management.UserManagementApplication.api()
2020-04-07 11:10:36,234 DEBUG com.sapient.aspect.MessageAspect$$EnhancerBySpringCGLIB$$4d10c352 [main] Door-out RestController : Docket com.sapient.user_management.UserManagementApplication.api() : without error : returned :springfox.documentation.spring.web.plugins.Docket@62885131 : with Arguments : 
2020-04-07 11:10:36,833 INFO com.sapient.service.InstituteImplTest [main] Started InstituteImplTest in 7.888 seconds (JVM running for 76.401)
2020-04-07 11:10:36,840 DEBUG com.sapient.aspect.MessageAspect$$EnhancerBySpringCGLIB$$4d10c352 [main] Door-in RestController : Institute com.sapient.service.InstituteImpl.addNewInstitute(Institute)
2020-04-07 11:10:36,840 INFO com.sapient.aspect.UserAspect$$EnhancerBySpringCGLIB$$dbd367f4 [main] before execution of execution(Institute com.sapient.service.InstituteImpl.addNewInstitute(Institute))
2020-04-07 11:10:36,847 DEBUG com.sapient.aspect.MessageAspect$$EnhancerBySpringCGLIB$$4d10c352 [main] Door-out RestController : Institute com.sapient.service.InstituteImpl.addNewInstitute(Institute) : without error : returned : : with Arguments : [] 
2020-04-07 11:10:36,853 DEBUG com.sapient.aspect.MessageAspect$$EnhancerBySpringCGLIB$$4d10c352 [main] Door-in RestController : Institute com.sapient.service.InstituteImpl.getInstituteById(Integer)
2020-04-07 11:10:36,854 INFO com.sapient.aspect.UserAspect$$EnhancerBySpringCGLIB$$dbd367f4 [main] before execution of execution(Institute com.sapient.service.InstituteImpl.getInstituteById(Integer))
2020-04-07 11:10:36,855 DEBUG com.sapient.aspect.MessageAspect$$EnhancerBySpringCGLIB$$4d10c352 [main] Door-out RestController : Institute com.sapient.service.InstituteImpl.getInstituteById(Integer) : without error : returned : : with Arguments : [1] 
2020-04-07 11:10:36,958 INFO com.sapient.service.RoleImplTest [main] Starting RoleImplTest on WKWIN6139632 with PID 23252 (started by akasingh9 in C:\Users\akasingh9\Desktop\MicroServicesPractice\user-management-trial-4)
2020-04-07 11:10:36,958 DEBUG com.sapient.service.RoleImplTest [main] Running with Spring Boot v2.2.5.RELEASE, Spring v5.2.4.RELEASE
2020-04-07 11:10:36,959 INFO com.sapient.service.RoleImplTest [main] No active profile set, falling back to default profiles: default
2020-04-07 11:10:45,510 DEBUG com.sapient.aspect.MessageAspect$$EnhancerBySpringCGLIB$$4d10c352 [main] Door-in RestController : Docket com.sapient.user_management.UserManagementApplication.api()
2020-04-07 11:10:45,510 DEBUG com.sapient.aspect.MessageAspect$$EnhancerBySpringCGLIB$$4d10c352 [main] Door-out RestController : Docket com.sapient.user_management.UserManagementApplication.api() : without error : returned :springfox.documentation.spring.web.plugins.Docket@703b2538 : with Arguments : 
2020-04-07 11:10:46,097 INFO com.sapient.service.RoleImplTest [main] Started RoleImplTest in 9.237 seconds (JVM running for 85.666)
2020-04-07 11:10:46,107 DEBUG com.sapient.aspect.MessageAspect$$EnhancerBySpringCGLIB$$4d10c352 [main] Door-in RestController : String com.sapient.service.RoleImpl.deleteRole(Role)
2020-04-07 11:10:46,107 INFO com.sapient.aspect.UserAspect$$EnhancerBySpringCGLIB$$dbd367f4 [main] before execution of execution(String com.sapient.service.RoleImpl.deleteRole(Role))
2020-04-07 11:10:46,113 DEBUG com.sapient.aspect.MessageAspect$$EnhancerBySpringCGLIB$$4d10c352 [main] Door-out RestController : String com.sapient.service.RoleImpl.deleteRole(Role) : without error : returned :Role Deleted : with Arguments : [] 
2020-04-07 11:10:46,120 DEBUG com.sapient.aspect.MessageAspect$$EnhancerBySpringCGLIB$$4d10c352 [main] Door-in RestController : String com.sapient.service.RoleImpl.addNewRole(Role)
2020-04-07 11:10:46,120 INFO com.sapient.aspect.UserAspect$$EnhancerBySpringCGLIB$$dbd367f4 [main] before execution of execution(String com.sapient.service.RoleImpl.addNewRole(Role))
2020-04-07 11:10:46,121 DEBUG com.sapient.aspect.MessageAspect$$EnhancerBySpringCGLIB$$4d10c352 [main] Door-out RestController : String com.sapient.service.RoleImpl.addNewRole(Role) : without error : returned :Admin : with Arguments : [] 
2020-04-07 11:10:46,127 DEBUG com.sapient.aspect.MessageAspect$$EnhancerBySpringCGLIB$$4d10c352 [main] Door-in RestController : ArrayList com.sapient.service.RoleImpl.getAllRoles()
2020-04-07 11:10:46,128 INFO com.sapient.aspect.UserAspect$$EnhancerBySpringCGLIB$$dbd367f4 [main] before execution of execution(ArrayList com.sapient.service.RoleImpl.getAllRoles())
2020-04-07 11:10:46,128 DEBUG com.sapient.aspect.MessageAspect$$EnhancerBySpringCGLIB$$4d10c352 [main] Door-out RestController : ArrayList com.sapient.service.RoleImpl.getAllRoles() : without error : returned :[] : with Arguments : 
2020-04-07 11:10:46,134 DEBUG com.sapient.aspect.MessageAspect$$EnhancerBySpringCGLIB$$4d10c352 [main] Door-in RestController : Role com.sapient.service.RoleImpl.getRoleById(Integer)
2020-04-07 11:10:46,134 INFO com.sapient.aspect.UserAspect$$EnhancerBySpringCGLIB$$dbd367f4 [main] before execution of execution(Role com.sapient.service.RoleImpl.getRoleById(Integer))
2020-04-07 11:10:46,134 DEBUG com.sapient.aspect.MessageAspect$$EnhancerBySpringCGLIB$$4d10c352 [main] Door-out RestController : Role com.sapient.service.RoleImpl.getRoleById(Integer) : without error : returned : : with Arguments : [1] 
2020-04-07 11:10:46,207 INFO com.sapient.service.UniversityImplTest [main] Starting UniversityImplTest on WKWIN6139632 with PID 23252 (started by akasingh9 in C:\Users\akasingh9\Desktop\MicroServicesPractice\user-management-trial-4)
2020-04-07 11:10:46,207 DEBUG com.sapient.service.UniversityImplTest [main] Running with Spring Boot v2.2.5.RELEASE, Spring v5.2.4.RELEASE
2020-04-07 11:10:46,208 INFO com.sapient.service.UniversityImplTest [main] No active profile set, falling back to default profiles: default
2020-04-07 11:10:53,205 DEBUG com.sapient.aspect.MessageAspect$$EnhancerBySpringCGLIB$$4d10c352 [main] Door-in RestController : Docket com.sapient.user_management.UserManagementApplication.api()
2020-04-07 11:10:53,206 DEBUG com.sapient.aspect.MessageAspect$$EnhancerBySpringCGLIB$$4d10c352 [main] Door-out RestController : Docket com.sapient.user_management.UserManagementApplication.api() : without error : returned :springfox.documentation.spring.web.plugins.Docket@7c4272c2 : with Arguments : 
2020-04-07 11:10:53,799 INFO com.sapient.service.UniversityImplTest [main] Started UniversityImplTest in 7.655 seconds (JVM running for 93.366)
2020-04-07 11:10:53,807 DEBUG com.sapient.aspect.MessageAspect$$EnhancerBySpringCGLIB$$4d10c352 [main] Door-in RestController : University com.sapient.service.UniversityImpl.addNewUniversity(University)
2020-04-07 11:10:53,808 INFO com.sapient.aspect.UserAspect$$EnhancerBySpringCGLIB$$dbd367f4 [main] before execution of execution(University com.sapient.service.UniversityImpl.addNewUniversity(University))
2020-04-07 11:10:53,814 DEBUG com.sapient.aspect.MessageAspect$$EnhancerBySpringCGLIB$$4d10c352 [main] Door-out RestController : University com.sapient.service.UniversityImpl.addNewUniversity(University) : without error : returned : : with Arguments : [] 
2020-04-07 11:10:53,892 INFO com.sapient.service.UserImplTest [main] Starting UserImplTest on WKWIN6139632 with PID 23252 (started by akasingh9 in C:\Users\akasingh9\Desktop\MicroServicesPractice\user-management-trial-4)
2020-04-07 11:10:53,893 DEBUG com.sapient.service.UserImplTest [main] Running with Spring Boot v2.2.5.RELEASE, Spring v5.2.4.RELEASE
2020-04-07 11:10:53,893 INFO com.sapient.service.UserImplTest [main] No active profile set, falling back to default profiles: default
2020-04-07 11:11:00,565 DEBUG com.sapient.aspect.MessageAspect$$EnhancerBySpringCGLIB$$4d10c352 [main] Door-in RestController : Docket com.sapient.user_management.UserManagementApplication.api()
2020-04-07 11:11:00,565 DEBUG com.sapient.aspect.MessageAspect$$EnhancerBySpringCGLIB$$4d10c352 [main] Door-out RestController : Docket com.sapient.user_management.UserManagementApplication.api() : without error : returned :springfox.documentation.spring.web.plugins.Docket@5a2adcd : with Arguments : 
2020-04-07 11:11:01,087 INFO com.sapient.service.UserImplTest [main] Started UserImplTest in 7.263 seconds (JVM running for 100.655)
2020-04-07 11:11:01,099 DEBUG com.sapient.aspect.MessageAspect$$EnhancerBySpringCGLIB$$4d10c352 [main] Door-in RestController : String com.sapient.service.UserImpl.deleteUser(User)
2020-04-07 11:11:01,100 INFO com.sapient.aspect.UserAspect$$EnhancerBySpringCGLIB$$dbd367f4 [main] before execution of execution(String com.sapient.service.UserImpl.deleteUser(User))
2020-04-07 11:11:01,113 DEBUG com.sapient.aspect.MessageAspect$$EnhancerBySpringCGLIB$$4d10c352 [main] Door-out RestController : String com.sapient.service.UserImpl.deleteUser(User) : without error : returned :User Deleted : with Arguments : [] 
2020-04-07 11:11:01,124 DEBUG com.sapient.aspect.MessageAspect$$EnhancerBySpringCGLIB$$4d10c352 [main] Door-in RestController : Integer com.sapient.service.UserImpl.addNewUser(User)
2020-04-07 11:11:01,124 INFO com.sapient.aspect.UserAspect$$EnhancerBySpringCGLIB$$dbd367f4 [main] before execution of execution(Integer com.sapient.service.UserImpl.addNewUser(User))
2020-04-07 11:11:01,343 DEBUG com.sapient.aspect.MessageAspect$$EnhancerBySpringCGLIB$$4d10c352 [main] Door-in RestController : Object org.springframework.data.repository.CrudRepository.save(Object)
2020-04-07 11:11:01,457 ERROR org.hibernate.engine.jdbc.spi.SqlExceptionHelper [main] ERROR: duplicate key value violates unique constraint "uk_8yv0ygjennfmftgiiqfqyhq5o"
  Detail: Key (email)=(prem@abc.in) already exists.
2020-04-07 11:11:01,476 INFO com.sapient.aspect.UserAspect [main] Invalid CustomerId. Exception Thrown by save
2020-04-07 11:11:01,476 ERROR com.sapient.aspect.MessageAspect$$EnhancerBySpringCGLIB$$4d10c352 [main] Message Not Found
2020-04-07 11:11:01,477 DEBUG com.sapient.aspect.MessageAspect$$EnhancerBySpringCGLIB$$4d10c352 [main] Door-out RestController : Integer com.sapient.service.UserImpl.addNewUser(User) : without error : returned :1 : with Arguments : [] 
2020-04-07 11:11:01,486 DEBUG com.sapient.aspect.MessageAspect$$EnhancerBySpringCGLIB$$4d10c352 [main] Door-in RestController : ArrayList com.sapient.service.UserImpl.getUserWithAllRoles(String)
2020-04-07 11:11:01,486 INFO com.sapient.aspect.UserAspect$$EnhancerBySpringCGLIB$$dbd367f4 [main] before execution of execution(ArrayList com.sapient.service.UserImpl.getUserWithAllRoles(String))
2020-04-07 11:11:01,487 DEBUG com.sapient.aspect.MessageAspect$$EnhancerBySpringCGLIB$$4d10c352 [main] Door-out RestController : ArrayList com.sapient.service.UserImpl.getUserWithAllRoles(String) : without error : returned :[] : with Arguments : [prem@abc.in] 
2020-04-07 11:11:01,495 DEBUG com.sapient.aspect.MessageAspect$$EnhancerBySpringCGLIB$$4d10c352 [main] Door-in RestController : ArrayList com.sapient.service.UserImpl.getUserByRole(String)
2020-04-07 11:11:01,495 INFO com.sapient.aspect.UserAspect$$EnhancerBySpringCGLIB$$dbd367f4 [main] before execution of execution(ArrayList com.sapient.service.UserImpl.getUserByRole(String))
2020-04-07 11:11:01,495 DEBUG com.sapient.aspect.MessageAspect$$EnhancerBySpringCGLIB$$4d10c352 [main] Door-out RestController : ArrayList com.sapient.service.UserImpl.getUserByRole(String) : without error : returned :[] : with Arguments : [Admin] 
2020-04-07 11:11:01,504 DEBUG com.sapient.aspect.MessageAspect$$EnhancerBySpringCGLIB$$4d10c352 [main] Door-in RestController : boolean com.sapient.service.UserImpl.isUserValid(String)
2020-04-07 11:11:01,504 INFO com.sapient.aspect.UserAspect$$EnhancerBySpringCGLIB$$dbd367f4 [main] before execution of execution(boolean com.sapient.service.UserImpl.isUserValid(String))
2020-04-07 11:11:01,505 DEBUG com.sapient.aspect.MessageAspect$$EnhancerBySpringCGLIB$$4d10c352 [main] Door-out RestController : boolean com.sapient.service.UserImpl.isUserValid(String) : without error : returned :false : with Arguments : [prem@abc.in] 
2020-04-07 11:11:01,514 DEBUG com.sapient.aspect.MessageAspect$$EnhancerBySpringCGLIB$$4d10c352 [main] Door-in RestController : ArrayList com.sapient.service.UserImpl.getAllUsers()
2020-04-07 11:11:01,514 INFO com.sapient.aspect.UserAspect$$EnhancerBySpringCGLIB$$dbd367f4 [main] before execution of execution(ArrayList com.sapient.service.UserImpl.getAllUsers())
2020-04-07 11:11:01,515 DEBUG com.sapient.aspect.MessageAspect$$EnhancerBySpringCGLIB$$4d10c352 [main] Door-out RestController : ArrayList com.sapient.service.UserImpl.getAllUsers() : without error : returned :[] : with Arguments : 
2020-04-07 11:11:01,523 DEBUG com.sapient.aspect.MessageAspect$$EnhancerBySpringCGLIB$$4d10c352 [main] Door-in RestController : ArrayList com.sapient.service.UserImpl.searchUserByQuery(String)
2020-04-07 11:11:01,523 INFO com.sapient.aspect.UserAspect$$EnhancerBySpringCGLIB$$dbd367f4 [main] before execution of execution(ArrayList com.sapient.service.UserImpl.searchUserByQuery(String))
2020-04-07 11:11:01,524 DEBUG com.sapient.aspect.MessageAspect$$EnhancerBySpringCGLIB$$4d10c352 [main] Door-out RestController : ArrayList com.sapient.service.UserImpl.searchUserByQuery(String) : without error : returned :[] : with Arguments : [prem] 
2020-04-07 11:11:01,532 DEBUG com.sapient.aspect.MessageAspect$$EnhancerBySpringCGLIB$$4d10c352 [main] Door-in RestController : ArrayList com.sapient.service.UserImpl.getAllUsersByBatchId(Integer)
2020-04-07 11:11:01,532 INFO com.sapient.aspect.UserAspect$$EnhancerBySpringCGLIB$$dbd367f4 [main] before execution of execution(ArrayList com.sapient.service.UserImpl.getAllUsersByBatchId(Integer))
2020-04-07 11:11:01,532 DEBUG com.sapient.aspect.MessageAspect$$EnhancerBySpringCGLIB$$4d10c352 [main] Door-out RestController : ArrayList com.sapient.service.UserImpl.getAllUsersByBatchId(Integer) : without error : returned :[] : with Arguments : [1] 
2020-04-07 11:11:01,542 DEBUG com.sapient.aspect.MessageAspect$$EnhancerBySpringCGLIB$$4d10c352 [main] Door-in RestController : ArrayList com.sapient.service.UserImpl.searchUserByMobile(long)
2020-04-07 11:11:01,542 INFO com.sapient.aspect.UserAspect$$EnhancerBySpringCGLIB$$dbd367f4 [main] before execution of execution(ArrayList com.sapient.service.UserImpl.searchUserByMobile(long))
2020-04-07 11:11:01,543 DEBUG com.sapient.aspect.MessageAspect$$EnhancerBySpringCGLIB$$4d10c352 [main] Door-out RestController : ArrayList com.sapient.service.UserImpl.searchUserByMobile(long) : without error : returned :[] : with Arguments : [7550181] 
2020-04-07 11:11:01,551 DEBUG com.sapient.aspect.MessageAspect$$EnhancerBySpringCGLIB$$4d10c352 [main] Door-in RestController : User com.sapient.service.UserImpl.getUserByEmail(String)
2020-04-07 11:11:01,551 INFO com.sapient.aspect.UserAspect$$EnhancerBySpringCGLIB$$dbd367f4 [main] before execution of execution(User com.sapient.service.UserImpl.getUserByEmail(String))
2020-04-07 11:11:01,552 DEBUG com.sapient.aspect.MessageAspect$$EnhancerBySpringCGLIB$$4d10c352 [main] Door-out RestController : User com.sapient.service.UserImpl.getUserByEmail(String) : without error : returned : : with Arguments : [prem@abc.in] 
2020-04-07 11:11:01,560 DEBUG com.sapient.aspect.MessageAspect$$EnhancerBySpringCGLIB$$4d10c352 [main] Door-in RestController : boolean com.sapient.service.UserImpl.isUserValid(String)
2020-04-07 11:11:01,561 INFO com.sapient.aspect.UserAspect$$EnhancerBySpringCGLIB$$dbd367f4 [main] before execution of execution(boolean com.sapient.service.UserImpl.isUserValid(String))
2020-04-07 11:11:01,561 DEBUG com.sapient.aspect.MessageAspect$$EnhancerBySpringCGLIB$$4d10c352 [main] Door-out RestController : boolean com.sapient.service.UserImpl.isUserValid(String) : without error : returned :true : with Arguments : [asdas@gmail.com] 
2020-04-07 11:11:01,570 DEBUG com.sapient.aspect.MessageAspect$$EnhancerBySpringCGLIB$$4d10c352 [main] Door-in RestController : ArrayList com.sapient.service.UserImpl.getAllUsersByBatchIdAndCategoryId(Integer,Integer)
2020-04-07 11:11:01,570 INFO com.sapient.aspect.UserAspect$$EnhancerBySpringCGLIB$$dbd367f4 [main] before execution of execution(ArrayList com.sapient.service.UserImpl.getAllUsersByBatchIdAndCategoryId(Integer,Integer))
2020-04-07 11:11:01,570 DEBUG com.sapient.aspect.MessageAspect$$EnhancerBySpringCGLIB$$4d10c352 [main] Door-out RestController : ArrayList com.sapient.service.UserImpl.getAllUsersByBatchIdAndCategoryId(Integer,Integer) : without error : returned :[] : with Arguments : [1] [1] 
2020-04-07 11:11:01,580 DEBUG com.sapient.aspect.MessageAspect$$EnhancerBySpringCGLIB$$4d10c352 [main] Door-in RestController : User com.sapient.service.UserImpl.getUserById(Integer)
2020-04-07 11:11:01,580 INFO com.sapient.aspect.UserAspect$$EnhancerBySpringCGLIB$$dbd367f4 [main] before execution of execution(User com.sapient.service.UserImpl.getUserById(Integer))
2020-04-07 11:11:01,580 DEBUG com.sapient.aspect.MessageAspect$$EnhancerBySpringCGLIB$$4d10c352 [main] Door-out RestController : User com.sapient.service.UserImpl.getUserById(Integer) : without error : returned : : with Arguments : [1] 
2020-04-07 11:11:01,641 INFO com.sapient.service.UserRoleImplTest [main] Starting UserRoleImplTest on WKWIN6139632 with PID 23252 (started by akasingh9 in C:\Users\akasingh9\Desktop\MicroServicesPractice\user-management-trial-4)
2020-04-07 11:11:01,641 DEBUG com.sapient.service.UserRoleImplTest [main] Running with Spring Boot v2.2.5.RELEASE, Spring v5.2.4.RELEASE
2020-04-07 11:11:01,641 INFO com.sapient.service.UserRoleImplTest [main] No active profile set, falling back to default profiles: default
2020-04-07 11:11:08,052 DEBUG com.sapient.aspect.MessageAspect$$EnhancerBySpringCGLIB$$4d10c352 [main] Door-in RestController : Docket com.sapient.user_management.UserManagementApplication.api()
2020-04-07 11:11:08,053 DEBUG com.sapient.aspect.MessageAspect$$EnhancerBySpringCGLIB$$4d10c352 [main] Door-out RestController : Docket com.sapient.user_management.UserManagementApplication.api() : without error : returned :springfox.documentation.spring.web.plugins.Docket@7de9d7c7 : with Arguments : 
2020-04-07 11:11:08,782 INFO com.sapient.service.UserRoleImplTest [main] Started UserRoleImplTest in 7.195 seconds (JVM running for 108.35)
2020-04-07 11:11:08,793 DEBUG com.sapient.aspect.MessageAspect$$EnhancerBySpringCGLIB$$4d10c352 [main] Door-in RestController : Integer com.sapient.service.UserRoleImpl.addNewUserRole(UserRole)
2020-04-07 11:11:08,793 INFO com.sapient.aspect.UserAspect$$EnhancerBySpringCGLIB$$dbd367f4 [main] before execution of execution(Integer com.sapient.service.UserRoleImpl.addNewUserRole(UserRole))
2020-04-07 11:11:08,803 DEBUG com.sapient.aspect.MessageAspect$$EnhancerBySpringCGLIB$$4d10c352 [main] Door-out RestController : Integer com.sapient.service.UserRoleImpl.addNewUserRole(UserRole) : without error : returned :1 : with Arguments : [com.sapient.model.UserRole@626f0377] 
2020-04-07 11:12:32,252 INFO com.sapient.user_management.UserManagementApplicationTests [main] Starting UserManagementApplicationTests on WKWIN6139632 with PID 6868 (started by akasingh9 in C:\Users\akasingh9\Desktop\MicroServicesPractice\user-management-trial-4)
2020-04-07 11:12:32,258 DEBUG com.sapient.user_management.UserManagementApplicationTests [main] Running with Spring Boot v2.2.5.RELEASE, Spring v5.2.4.RELEASE
2020-04-07 11:12:32,260 INFO com.sapient.user_management.UserManagementApplicationTests [main] No active profile set, falling back to default profiles: default
2020-04-07 11:12:44,477 DEBUG com.sapient.aspect.MessageAspect$$EnhancerBySpringCGLIB$$8fbc29ae [main] Door-in RestController : Docket com.sapient.user_management.UserManagementApplication.api()
2020-04-07 11:12:44,563 DEBUG com.sapient.aspect.MessageAspect$$EnhancerBySpringCGLIB$$8fbc29ae [main] Door-out RestController : Docket com.sapient.user_management.UserManagementApplication.api() : without error : returned :springfox.documentation.spring.web.plugins.Docket@2a9565d7 : with Arguments : 
2020-04-07 11:12:45,907 INFO com.sapient.user_management.UserManagementApplicationTests [main] Started UserManagementApplicationTests in 14.191 seconds (JVM running for 17.595)
2020-04-07 11:12:46,301 INFO com.sapient.controller.BatchCategoryControllerTest [main] Starting BatchCategoryControllerTest on WKWIN6139632 with PID 6868 (started by akasingh9 in C:\Users\akasingh9\Desktop\MicroServicesPractice\user-management-trial-4)
2020-04-07 11:12:46,302 DEBUG com.sapient.controller.BatchCategoryControllerTest [main] Running with Spring Boot v2.2.5.RELEASE, Spring v5.2.4.RELEASE
2020-04-07 11:12:46,302 INFO com.sapient.controller.BatchCategoryControllerTest [main] No active profile set, falling back to default profiles: default
2020-04-07 11:12:51,864 DEBUG com.sapient.aspect.MessageAspect$$EnhancerBySpringCGLIB$$8fbc29ae [main] Door-in RestController : Docket com.sapient.user_management.UserManagementApplication.api()
2020-04-07 11:12:51,865 DEBUG com.sapient.aspect.MessageAspect$$EnhancerBySpringCGLIB$$8fbc29ae [main] Door-out RestController : Docket com.sapient.user_management.UserManagementApplication.api() : without error : returned :springfox.documentation.spring.web.plugins.Docket@57cc0333 : with Arguments : 
2020-04-07 11:12:52,669 INFO com.sapient.controller.BatchCategoryControllerTest [main] Started BatchCategoryControllerTest in 6.428 seconds (JVM running for 24.357)
2020-04-07 11:12:52,746 DEBUG com.sapient.aspect.MessageAspect$$EnhancerBySpringCGLIB$$8fbc29ae [main] Door-in RestController : Object com.sapient.controller.BatchCategoryController.getBatchCategoryById(Integer)
2020-04-07 11:12:52,776 DEBUG com.sapient.aspect.MessageAspect$$EnhancerBySpringCGLIB$$8fbc29ae [main] Door-out RestController : Object com.sapient.controller.BatchCategoryController.getBatchCategoryById(Integer) : without error : returned :<200 OK OK,[],[]> : with Arguments : [1] 
2020-04-07 11:12:52,790 DEBUG com.sapient.aspect.MessageAspect$$EnhancerBySpringCGLIB$$8fbc29ae [main] Door-in RestController : Object com.sapient.controller.BatchCategoryController.getBatchCategoryById(Integer)
2020-04-07 11:12:52,791 DEBUG com.sapient.aspect.MessageAspect$$EnhancerBySpringCGLIB$$8fbc29ae [main] Door-out RestController : Object com.sapient.controller.BatchCategoryController.getBatchCategoryById(Integer) : without error : returned :<404 NOT_FOUND Not Found,Categories not found,[]> : with Arguments : [2] 
2020-04-07 11:12:52,925 INFO com.sapient.controller.BatchControllerTest [main] Starting BatchControllerTest on WKWIN6139632 with PID 6868 (started by akasingh9 in C:\Users\akasingh9\Desktop\MicroServicesPractice\user-management-trial-4)
2020-04-07 11:12:52,926 DEBUG com.sapient.controller.BatchControllerTest [main] Running with Spring Boot v2.2.5.RELEASE, Spring v5.2.4.RELEASE
2020-04-07 11:12:52,926 INFO com.sapient.controller.BatchControllerTest [main] No active profile set, falling back to default profiles: default
2020-04-07 11:12:57,959 DEBUG com.sapient.aspect.MessageAspect$$EnhancerBySpringCGLIB$$8fbc29ae [main] Door-in RestController : Docket com.sapient.user_management.UserManagementApplication.api()
2020-04-07 11:12:57,959 DEBUG com.sapient.aspect.MessageAspect$$EnhancerBySpringCGLIB$$8fbc29ae [main] Door-out RestController : Docket com.sapient.user_management.UserManagementApplication.api() : without error : returned :springfox.documentation.spring.web.plugins.Docket@21143041 : with Arguments : 
2020-04-07 11:12:58,735 INFO com.sapient.controller.BatchControllerTest [main] Started BatchControllerTest in 5.912 seconds (JVM running for 30.423)
2020-04-07 11:12:58,745 DEBUG com.sapient.aspect.MessageAspect$$EnhancerBySpringCGLIB$$8fbc29ae [main] Door-in RestController : Object com.sapient.controller.BatchController.getBatchById(Integer)
2020-04-07 11:12:58,755 INFO com.sapient.controller.BatchController [main] Batch returned with details null
2020-04-07 11:12:58,758 DEBUG com.sapient.aspect.MessageAspect$$EnhancerBySpringCGLIB$$8fbc29ae [main] Door-out RestController : Object com.sapient.controller.BatchController.getBatchById(Integer) : without error : returned :<404 NOT_FOUND Not Found,Batch not found,[]> : with Arguments : [2] 
2020-04-07 11:12:58,776 DEBUG com.sapient.aspect.MessageAspect$$EnhancerBySpringCGLIB$$8fbc29ae [main] Door-in RestController : Object com.sapient.controller.BatchController.getBatchById(Integer)
2020-04-07 11:12:58,776 INFO com.sapient.controller.BatchController [main] Batch returned with details 
2020-04-07 11:12:58,777 DEBUG com.sapient.aspect.MessageAspect$$EnhancerBySpringCGLIB$$8fbc29ae [main] Door-out RestController : Object com.sapient.controller.BatchController.getBatchById(Integer) : without error : returned :<200 OK OK,,[]> : with Arguments : [1] 
2020-04-07 11:12:58,787 DEBUG com.sapient.aspect.MessageAspect$$EnhancerBySpringCGLIB$$8fbc29ae [main] Door-in RestController : Object com.sapient.controller.BatchController.deleteBatch(Batch)
2020-04-07 11:12:58,788 DEBUG com.sapient.aspect.MessageAspect$$EnhancerBySpringCGLIB$$8fbc29ae [main] Door-out RestController : Object com.sapient.controller.BatchController.deleteBatch(Batch) : without error : returned :<200 OK OK,[]> : with Arguments : [] 
2020-04-07 11:12:58,803 DEBUG com.sapient.aspect.MessageAspect$$EnhancerBySpringCGLIB$$8fbc29ae [main] Door-in RestController : Object com.sapient.controller.BatchController.getallBatches()
2020-04-07 11:12:58,804 DEBUG com.sapient.aspect.MessageAspect$$EnhancerBySpringCGLIB$$8fbc29ae [main] Door-out RestController : Object com.sapient.controller.BatchController.getallBatches() : without error : returned :<200 OK OK,[],[]> : with Arguments : 
2020-04-07 11:12:58,892 INFO com.sapient.controller.RoleControllerTest [main] Starting RoleControllerTest on WKWIN6139632 with PID 6868 (started by akasingh9 in C:\Users\akasingh9\Desktop\MicroServicesPractice\user-management-trial-4)
2020-04-07 11:12:58,892 DEBUG com.sapient.controller.RoleControllerTest [main] Running with Spring Boot v2.2.5.RELEASE, Spring v5.2.4.RELEASE
2020-04-07 11:12:58,893 INFO com.sapient.controller.RoleControllerTest [main] No active profile set, falling back to default profiles: default
2020-04-07 11:13:03,899 DEBUG com.sapient.aspect.MessageAspect$$EnhancerBySpringCGLIB$$8fbc29ae [main] Door-in RestController : Docket com.sapient.user_management.UserManagementApplication.api()
2020-04-07 11:13:03,899 DEBUG com.sapient.aspect.MessageAspect$$EnhancerBySpringCGLIB$$8fbc29ae [main] Door-out RestController : Docket com.sapient.user_management.UserManagementApplication.api() : without error : returned :springfox.documentation.spring.web.plugins.Docket@1e4f8430 : with Arguments : 
2020-04-07 11:13:04,518 INFO com.sapient.controller.RoleControllerTest [main] Started RoleControllerTest in 5.706 seconds (JVM running for 36.206)
2020-04-07 11:13:04,533 DEBUG com.sapient.aspect.MessageAspect$$EnhancerBySpringCGLIB$$8fbc29ae [main] Door-in RestController : Object com.sapient.controller.RoleController.addNew(Role)
2020-04-07 11:13:04,544 DEBUG com.sapient.aspect.MessageAspect$$EnhancerBySpringCGLIB$$8fbc29ae [main] Door-out RestController : Object com.sapient.controller.RoleController.addNew(Role) : without error : returned :Prem : with Arguments : [] 
2020-04-07 11:13:04,556 DEBUG com.sapient.aspect.MessageAspect$$EnhancerBySpringCGLIB$$8fbc29ae [main] Door-in RestController : Object com.sapient.controller.RoleController.getRoleById(Integer)
2020-04-07 11:13:04,556 INFO com.sapient.controller.RoleController [main] Role returned with details 
2020-04-07 11:13:04,556 DEBUG com.sapient.aspect.MessageAspect$$EnhancerBySpringCGLIB$$8fbc29ae [main] Door-out RestController : Object com.sapient.controller.RoleController.getRoleById(Integer) : without error : returned :<200 OK OK,,[]> : with Arguments : [1] 
2020-04-07 11:13:04,565 DEBUG com.sapient.aspect.MessageAspect$$EnhancerBySpringCGLIB$$8fbc29ae [main] Door-in RestController : Object com.sapient.controller.RoleController.getRoleById(Integer)
2020-04-07 11:13:04,566 INFO com.sapient.controller.RoleController [main] Role returned with details null
2020-04-07 11:13:04,566 DEBUG com.sapient.aspect.MessageAspect$$EnhancerBySpringCGLIB$$8fbc29ae [main] Door-out RestController : Object com.sapient.controller.RoleController.getRoleById(Integer) : without error : returned :<404 NOT_FOUND Not Found,Role not found,[]> : with Arguments : [2] 
2020-04-07 11:13:04,575 DEBUG com.sapient.aspect.MessageAspect$$EnhancerBySpringCGLIB$$8fbc29ae [main] Door-in RestController : Object com.sapient.controller.RoleController.deleteRole(Role)
2020-04-07 11:13:04,576 DEBUG com.sapient.aspect.MessageAspect$$EnhancerBySpringCGLIB$$8fbc29ae [main] Door-out RestController : Object com.sapient.controller.RoleController.deleteRole(Role) : without error : returned :<200 OK OK,[]> : with Arguments : [] 
2020-04-07 11:13:04,586 DEBUG com.sapient.aspect.MessageAspect$$EnhancerBySpringCGLIB$$8fbc29ae [main] Door-in RestController : Object com.sapient.controller.RoleController.getallRoles()
2020-04-07 11:13:04,587 DEBUG com.sapient.aspect.MessageAspect$$EnhancerBySpringCGLIB$$8fbc29ae [main] Door-out RestController : Object com.sapient.controller.RoleController.getallRoles() : without error : returned :<200 OK OK,[],[]> : with Arguments : 
2020-04-07 11:13:04,675 INFO com.sapient.controller.SearchControllerTest [main] Starting SearchControllerTest on WKWIN6139632 with PID 6868 (started by akasingh9 in C:\Users\akasingh9\Desktop\MicroServicesPractice\user-management-trial-4)
2020-04-07 11:13:04,675 DEBUG com.sapient.controller.SearchControllerTest [main] Running with Spring Boot v2.2.5.RELEASE, Spring v5.2.4.RELEASE
2020-04-07 11:13:04,676 INFO com.sapient.controller.SearchControllerTest [main] No active profile set, falling back to default profiles: default
2020-04-07 11:13:10,619 DEBUG com.sapient.aspect.MessageAspect$$EnhancerBySpringCGLIB$$8fbc29ae [main] Door-in RestController : Docket com.sapient.user_management.UserManagementApplication.api()
2020-04-07 11:13:10,620 DEBUG com.sapient.aspect.MessageAspect$$EnhancerBySpringCGLIB$$8fbc29ae [main] Door-out RestController : Docket com.sapient.user_management.UserManagementApplication.api() : without error : returned :springfox.documentation.spring.web.plugins.Docket@17caf362 : with Arguments : 
2020-04-07 11:13:11,547 INFO com.sapient.controller.SearchControllerTest [main] Started SearchControllerTest in 6.941 seconds (JVM running for 43.235)
2020-04-07 11:13:11,561 DEBUG com.sapient.aspect.MessageAspect$$EnhancerBySpringCGLIB$$8fbc29ae [main] Door-in RestController : Object com.sapient.controller.SearchController.getUserByQuery(String)
2020-04-07 11:13:11,570 DEBUG com.sapient.aspect.MessageAspect$$EnhancerBySpringCGLIB$$8fbc29ae [main] Door-out RestController : Object com.sapient.controller.SearchController.getUserByQuery(String) : without error : returned :[] : with Arguments : [Prem] 
2020-04-07 11:13:11,583 DEBUG com.sapient.aspect.MessageAspect$$EnhancerBySpringCGLIB$$8fbc29ae [main] Door-in RestController : Object com.sapient.controller.UserController.getUserById(Integer)
2020-04-07 11:13:11,594 INFO com.sapient.controller.UserController [main] User returned with details null
2020-04-07 11:13:11,595 DEBUG com.sapient.aspect.MessageAspect$$EnhancerBySpringCGLIB$$8fbc29ae [main] Door-out RestController : Object com.sapient.controller.UserController.getUserById(Integer) : without error : returned :<404 NOT_FOUND Not Found,User not found,[]> : with Arguments : [2] 
2020-04-07 11:13:11,603 DEBUG com.sapient.aspect.MessageAspect$$EnhancerBySpringCGLIB$$8fbc29ae [main] Door-in RestController : Object com.sapient.controller.UserController.getUserById(Integer)
2020-04-07 11:13:11,604 INFO com.sapient.controller.UserController [main] User returned with details 
2020-04-07 11:13:11,604 DEBUG com.sapient.aspect.MessageAspect$$EnhancerBySpringCGLIB$$8fbc29ae [main] Door-out RestController : Object com.sapient.controller.UserController.getUserById(Integer) : without error : returned :<200 OK OK,,[]> : with Arguments : [1] 
2020-04-07 11:13:11,611 DEBUG com.sapient.aspect.MessageAspect$$EnhancerBySpringCGLIB$$8fbc29ae [main] Door-in RestController : Object com.sapient.controller.UserController.deleteUser(User)
2020-04-07 11:13:11,612 DEBUG com.sapient.aspect.MessageAspect$$EnhancerBySpringCGLIB$$8fbc29ae [main] Door-out RestController : Object com.sapient.controller.UserController.deleteUser(User) : without error : returned :<200 OK OK,[]> : with Arguments : [] 
2020-04-07 11:13:11,620 DEBUG com.sapient.aspect.MessageAspect$$EnhancerBySpringCGLIB$$8fbc29ae [main] Door-in RestController : Object com.sapient.controller.UserController.getallUsers()
2020-04-07 11:13:11,621 DEBUG com.sapient.aspect.MessageAspect$$EnhancerBySpringCGLIB$$8fbc29ae [main] Door-out RestController : Object com.sapient.controller.UserController.getallUsers() : without error : returned :<200 OK OK,[],[]> : with Arguments : 
2020-04-07 11:13:12,238 INFO com.sapient.service.BatchCategoryImplTest [main] Starting BatchCategoryImplTest on WKWIN6139632 with PID 6868 (started by akasingh9 in C:\Users\akasingh9\Desktop\MicroServicesPractice\user-management-trial-4)
2020-04-07 11:13:12,239 DEBUG com.sapient.service.BatchCategoryImplTest [main] Running with Spring Boot v2.2.5.RELEASE, Spring v5.2.4.RELEASE
2020-04-07 11:13:12,239 INFO com.sapient.service.BatchCategoryImplTest [main] No active profile set, falling back to default profiles: default
2020-04-07 11:13:20,788 DEBUG com.sapient.aspect.MessageAspect$$EnhancerBySpringCGLIB$$8fbc29ae [main] Door-in RestController : Docket com.sapient.user_management.UserManagementApplication.api()
2020-04-07 11:13:20,788 DEBUG com.sapient.aspect.MessageAspect$$EnhancerBySpringCGLIB$$8fbc29ae [main] Door-out RestController : Docket com.sapient.user_management.UserManagementApplication.api() : without error : returned :springfox.documentation.spring.web.plugins.Docket@53a52b3f : with Arguments : 
2020-04-07 11:13:21,402 INFO com.sapient.service.BatchCategoryImplTest [main] Started BatchCategoryImplTest in 9.263 seconds (JVM running for 53.09)
2020-04-07 11:13:21,417 DEBUG com.sapient.aspect.MessageAspect$$EnhancerBySpringCGLIB$$8fbc29ae [main] Door-in RestController : Integer com.sapient.service.BatchCategoryImpl.addNewBatchCategory(BatchCategory)
2020-04-07 11:13:21,417 INFO com.sapient.aspect.UserAspect$$EnhancerBySpringCGLIB$$1e7ece50 [main] before execution of execution(Integer com.sapient.service.BatchCategoryImpl.addNewBatchCategory(BatchCategory))
2020-04-07 11:13:21,426 DEBUG com.sapient.aspect.MessageAspect$$EnhancerBySpringCGLIB$$8fbc29ae [main] Door-out RestController : Integer com.sapient.service.BatchCategoryImpl.addNewBatchCategory(BatchCategory) : without error : returned :1 : with Arguments : [com.sapient.model.BatchCategory@35caab4c] 
2020-04-07 11:13:21,432 DEBUG com.sapient.aspect.MessageAspect$$EnhancerBySpringCGLIB$$8fbc29ae [main] Door-in RestController : ArrayList com.sapient.service.BatchCategoryImpl.getAllCategoriesOfBatchId(Integer)
2020-04-07 11:13:21,432 INFO com.sapient.aspect.UserAspect$$EnhancerBySpringCGLIB$$1e7ece50 [main] before execution of execution(ArrayList com.sapient.service.BatchCategoryImpl.getAllCategoriesOfBatchId(Integer))
2020-04-07 11:13:21,432 DEBUG com.sapient.aspect.MessageAspect$$EnhancerBySpringCGLIB$$8fbc29ae [main] Door-out RestController : ArrayList com.sapient.service.BatchCategoryImpl.getAllCategoriesOfBatchId(Integer) : without error : returned :[] : with Arguments : [1] 
2020-04-07 11:13:21,539 INFO com.sapient.service.BatchImplTest [main] Starting BatchImplTest on WKWIN6139632 with PID 6868 (started by akasingh9 in C:\Users\akasingh9\Desktop\MicroServicesPractice\user-management-trial-4)
2020-04-07 11:13:21,539 DEBUG com.sapient.service.BatchImplTest [main] Running with Spring Boot v2.2.5.RELEASE, Spring v5.2.4.RELEASE
2020-04-07 11:13:21,539 INFO com.sapient.service.BatchImplTest [main] No active profile set, falling back to default profiles: default
2020-04-07 11:13:32,064 DEBUG com.sapient.aspect.MessageAspect$$EnhancerBySpringCGLIB$$8fbc29ae [main] Door-in RestController : Docket com.sapient.user_management.UserManagementApplication.api()
2020-04-07 11:13:32,065 DEBUG com.sapient.aspect.MessageAspect$$EnhancerBySpringCGLIB$$8fbc29ae [main] Door-out RestController : Docket com.sapient.user_management.UserManagementApplication.api() : without error : returned :springfox.documentation.spring.web.plugins.Docket@7015b29b : with Arguments : 
2020-04-07 11:13:32,589 INFO com.sapient.service.BatchImplTest [main] Started BatchImplTest in 11.337 seconds (JVM running for 64.484)
2020-04-07 11:13:32,624 DEBUG com.sapient.aspect.MessageAspect$$EnhancerBySpringCGLIB$$8fbc29ae [main] Door-in RestController : Integer com.sapient.service.BatchImpl.addNewBatch(Batch)
2020-04-07 11:13:32,625 INFO com.sapient.aspect.UserAspect$$EnhancerBySpringCGLIB$$1e7ece50 [main] before execution of execution(Integer com.sapient.service.BatchImpl.addNewBatch(Batch))
2020-04-07 11:13:32,631 DEBUG com.sapient.aspect.MessageAspect$$EnhancerBySpringCGLIB$$8fbc29ae [main] Door-out RestController : Integer com.sapient.service.BatchImpl.addNewBatch(Batch) : without error : returned :1 : with Arguments : [] 
2020-04-07 11:13:32,637 DEBUG com.sapient.aspect.MessageAspect$$EnhancerBySpringCGLIB$$8fbc29ae [main] Door-in RestController : String com.sapient.service.BatchImpl.deleteBatch(Batch)
2020-04-07 11:13:32,638 INFO com.sapient.aspect.UserAspect$$EnhancerBySpringCGLIB$$1e7ece50 [main] before execution of execution(String com.sapient.service.BatchImpl.deleteBatch(Batch))
2020-04-07 11:13:32,640 DEBUG com.sapient.aspect.MessageAspect$$EnhancerBySpringCGLIB$$8fbc29ae [main] Door-out RestController : String com.sapient.service.BatchImpl.deleteBatch(Batch) : without error : returned :Batch Deleted : with Arguments : [] 
2020-04-07 11:13:32,646 DEBUG com.sapient.aspect.MessageAspect$$EnhancerBySpringCGLIB$$8fbc29ae [main] Door-in RestController : ArrayList com.sapient.service.BatchImpl.getAllBatches()
2020-04-07 11:13:32,646 INFO com.sapient.aspect.UserAspect$$EnhancerBySpringCGLIB$$1e7ece50 [main] before execution of execution(ArrayList com.sapient.service.BatchImpl.getAllBatches())
2020-04-07 11:13:32,647 DEBUG com.sapient.aspect.MessageAspect$$EnhancerBySpringCGLIB$$8fbc29ae [main] Door-out RestController : ArrayList com.sapient.service.BatchImpl.getAllBatches() : without error : returned :[] : with Arguments : 
2020-04-07 11:13:32,654 DEBUG com.sapient.aspect.MessageAspect$$EnhancerBySpringCGLIB$$8fbc29ae [main] Door-in RestController : Batch com.sapient.service.BatchImpl.getBatchById(Integer)
2020-04-07 11:13:32,655 INFO com.sapient.aspect.UserAspect$$EnhancerBySpringCGLIB$$1e7ece50 [main] before execution of execution(Batch com.sapient.service.BatchImpl.getBatchById(Integer))
2020-04-07 11:13:32,655 DEBUG com.sapient.aspect.MessageAspect$$EnhancerBySpringCGLIB$$8fbc29ae [main] Door-out RestController : Batch com.sapient.service.BatchImpl.getBatchById(Integer) : without error : returned : : with Arguments : [1] 
2020-04-07 11:13:32,797 INFO com.sapient.service.CategoryImplTest [main] Starting CategoryImplTest on WKWIN6139632 with PID 6868 (started by akasingh9 in C:\Users\akasingh9\Desktop\MicroServicesPractice\user-management-trial-4)
2020-04-07 11:13:32,797 DEBUG com.sapient.service.CategoryImplTest [main] Running with Spring Boot v2.2.5.RELEASE, Spring v5.2.4.RELEASE
2020-04-07 11:13:32,798 INFO com.sapient.service.CategoryImplTest [main] No active profile set, falling back to default profiles: default
2020-04-07 11:13:42,554 DEBUG com.sapient.aspect.MessageAspect$$EnhancerBySpringCGLIB$$8fbc29ae [main] Door-in RestController : Docket com.sapient.user_management.UserManagementApplication.api()
2020-04-07 11:13:42,555 DEBUG com.sapient.aspect.MessageAspect$$EnhancerBySpringCGLIB$$8fbc29ae [main] Door-out RestController : Docket com.sapient.user_management.UserManagementApplication.api() : without error : returned :springfox.documentation.spring.web.plugins.Docket@74c1cd1d : with Arguments : 
2020-04-07 11:13:43,288 INFO com.sapient.service.CategoryImplTest [main] Started CategoryImplTest in 10.82 seconds (JVM running for 75.386)
2020-04-07 11:13:43,309 DEBUG com.sapient.aspect.MessageAspect$$EnhancerBySpringCGLIB$$8fbc29ae [main] Door-in RestController : String com.sapient.service.CategoryImpl.deleteCategory(Category)
2020-04-07 11:13:43,310 INFO com.sapient.aspect.UserAspect$$EnhancerBySpringCGLIB$$1e7ece50 [main] before execution of execution(String com.sapient.service.CategoryImpl.deleteCategory(Category))
2020-04-07 11:13:43,320 DEBUG com.sapient.aspect.MessageAspect$$EnhancerBySpringCGLIB$$8fbc29ae [main] Door-out RestController : String com.sapient.service.CategoryImpl.deleteCategory(Category) : without error : returned :Category Deleted : with Arguments : [] 
2020-04-07 11:13:43,328 DEBUG com.sapient.aspect.MessageAspect$$EnhancerBySpringCGLIB$$8fbc29ae [main] Door-in RestController : Integer com.sapient.service.CategoryImpl.getCategoryByName(Category)
2020-04-07 11:13:43,329 INFO com.sapient.aspect.UserAspect$$EnhancerBySpringCGLIB$$1e7ece50 [main] before execution of execution(Integer com.sapient.service.CategoryImpl.getCategoryByName(Category))
2020-04-07 11:13:43,329 DEBUG com.sapient.aspect.MessageAspect$$EnhancerBySpringCGLIB$$8fbc29ae [main] Door-out RestController : Integer com.sapient.service.CategoryImpl.getCategoryByName(Category) : without error : returned :1 : with Arguments : [] 
2020-04-07 11:13:43,337 DEBUG com.sapient.aspect.MessageAspect$$EnhancerBySpringCGLIB$$8fbc29ae [main] Door-in RestController : Integer com.sapient.service.CategoryImpl.addNewCategory(Category)
2020-04-07 11:13:43,338 INFO com.sapient.aspect.UserAspect$$EnhancerBySpringCGLIB$$1e7ece50 [main] before execution of execution(Integer com.sapient.service.CategoryImpl.addNewCategory(Category))
2020-04-07 11:13:43,338 DEBUG com.sapient.aspect.MessageAspect$$EnhancerBySpringCGLIB$$8fbc29ae [main] Door-out RestController : Integer com.sapient.service.CategoryImpl.addNewCategory(Category) : without error : returned :1 : with Arguments : [] 
2020-04-07 11:13:43,345 DEBUG com.sapient.aspect.MessageAspect$$EnhancerBySpringCGLIB$$8fbc29ae [main] Door-in RestController : ArrayList com.sapient.service.CategoryImpl.getAllCategories()
2020-04-07 11:13:43,345 INFO com.sapient.aspect.UserAspect$$EnhancerBySpringCGLIB$$1e7ece50 [main] before execution of execution(ArrayList com.sapient.service.CategoryImpl.getAllCategories())
2020-04-07 11:13:43,345 DEBUG com.sapient.aspect.MessageAspect$$EnhancerBySpringCGLIB$$8fbc29ae [main] Door-out RestController : ArrayList com.sapient.service.CategoryImpl.getAllCategories() : without error : returned :[] : with Arguments : 
2020-04-07 11:13:43,352 DEBUG com.sapient.aspect.MessageAspect$$EnhancerBySpringCGLIB$$8fbc29ae [main] Door-in RestController : ArrayList com.sapient.service.CategoryImpl.getAllCategories()
2020-04-07 11:13:43,353 INFO com.sapient.aspect.UserAspect$$EnhancerBySpringCGLIB$$1e7ece50 [main] before execution of execution(ArrayList com.sapient.service.CategoryImpl.getAllCategories())
2020-04-07 11:13:43,354 DEBUG com.sapient.aspect.MessageAspect$$EnhancerBySpringCGLIB$$8fbc29ae [main] Door-out RestController : ArrayList com.sapient.service.CategoryImpl.getAllCategories() : without error : returned :[] : with Arguments : 
2020-04-07 11:13:43,354 DEBUG com.sapient.aspect.MessageAspect$$EnhancerBySpringCGLIB$$8fbc29ae [main] Door-in RestController : boolean com.sapient.service.CategoryImpl.isCategoryExists(Category)
2020-04-07 11:13:43,354 INFO com.sapient.aspect.UserAspect$$EnhancerBySpringCGLIB$$1e7ece50 [main] before execution of execution(boolean com.sapient.service.CategoryImpl.isCategoryExists(Category))
2020-04-07 11:13:43,355 DEBUG com.sapient.aspect.MessageAspect$$EnhancerBySpringCGLIB$$8fbc29ae [main] Door-out RestController : boolean com.sapient.service.CategoryImpl.isCategoryExists(Category) : without error : returned :true : with Arguments : [] 
2020-04-07 11:13:43,363 DEBUG com.sapient.aspect.MessageAspect$$EnhancerBySpringCGLIB$$8fbc29ae [main] Door-in RestController : boolean com.sapient.service.CategoryImpl.isCategoryExists(Category)
2020-04-07 11:13:43,363 INFO com.sapient.aspect.UserAspect$$EnhancerBySpringCGLIB$$1e7ece50 [main] before execution of execution(boolean com.sapient.service.CategoryImpl.isCategoryExists(Category))
2020-04-07 11:13:43,363 DEBUG com.sapient.aspect.MessageAspect$$EnhancerBySpringCGLIB$$8fbc29ae [main] Door-out RestController : boolean com.sapient.service.CategoryImpl.isCategoryExists(Category) : without error : returned :false : with Arguments : [] 
2020-04-07 11:13:43,369 DEBUG com.sapient.aspect.MessageAspect$$EnhancerBySpringCGLIB$$8fbc29ae [main] Door-in RestController : Category com.sapient.service.CategoryImpl.getCategoryById(Integer)
2020-04-07 11:13:43,369 INFO com.sapient.aspect.UserAspect$$EnhancerBySpringCGLIB$$1e7ece50 [main] before execution of execution(Category com.sapient.service.CategoryImpl.getCategoryById(Integer))
2020-04-07 11:13:43,369 DEBUG com.sapient.aspect.MessageAspect$$EnhancerBySpringCGLIB$$8fbc29ae [main] Door-out RestController : Category com.sapient.service.CategoryImpl.getCategoryById(Integer) : without error : returned : : with Arguments : [1] 
2020-04-07 11:13:43,513 INFO com.sapient.service.InstituteImplTest [main] Starting InstituteImplTest on WKWIN6139632 with PID 6868 (started by akasingh9 in C:\Users\akasingh9\Desktop\MicroServicesPractice\user-management-trial-4)
2020-04-07 11:13:43,513 DEBUG com.sapient.service.InstituteImplTest [main] Running with Spring Boot v2.2.5.RELEASE, Spring v5.2.4.RELEASE
2020-04-07 11:13:43,513 INFO com.sapient.service.InstituteImplTest [main] No active profile set, falling back to default profiles: default
2020-04-07 11:13:52,183 DEBUG com.sapient.aspect.MessageAspect$$EnhancerBySpringCGLIB$$8fbc29ae [main] Door-in RestController : Docket com.sapient.user_management.UserManagementApplication.api()
2020-04-07 11:13:52,185 DEBUG com.sapient.aspect.MessageAspect$$EnhancerBySpringCGLIB$$8fbc29ae [main] Door-out RestController : Docket com.sapient.user_management.UserManagementApplication.api() : without error : returned :springfox.documentation.spring.web.plugins.Docket@155ae856 : with Arguments : 
2020-04-07 11:13:52,733 INFO com.sapient.service.InstituteImplTest [main] Started InstituteImplTest in 9.446 seconds (JVM running for 84.923)
2020-04-07 11:13:52,742 DEBUG com.sapient.aspect.MessageAspect$$EnhancerBySpringCGLIB$$8fbc29ae [main] Door-in RestController : Institute com.sapient.service.InstituteImpl.addNewInstitute(Institute)
2020-04-07 11:13:52,743 INFO com.sapient.aspect.UserAspect$$EnhancerBySpringCGLIB$$1e7ece50 [main] before execution of execution(Institute com.sapient.service.InstituteImpl.addNewInstitute(Institute))
2020-04-07 11:13:52,751 DEBUG com.sapient.aspect.MessageAspect$$EnhancerBySpringCGLIB$$8fbc29ae [main] Door-out RestController : Institute com.sapient.service.InstituteImpl.addNewInstitute(Institute) : without error : returned : : with Arguments : [] 
2020-04-07 11:13:52,758 DEBUG com.sapient.aspect.MessageAspect$$EnhancerBySpringCGLIB$$8fbc29ae [main] Door-in RestController : Institute com.sapient.service.InstituteImpl.getInstituteById(Integer)
2020-04-07 11:13:52,758 INFO com.sapient.aspect.UserAspect$$EnhancerBySpringCGLIB$$1e7ece50 [main] before execution of execution(Institute com.sapient.service.InstituteImpl.getInstituteById(Integer))
2020-04-07 11:13:52,759 DEBUG com.sapient.aspect.MessageAspect$$EnhancerBySpringCGLIB$$8fbc29ae [main] Door-out RestController : Institute com.sapient.service.InstituteImpl.getInstituteById(Integer) : without error : returned : : with Arguments : [1] 
2020-04-07 11:13:52,843 INFO com.sapient.service.RoleImplTest [main] Starting RoleImplTest on WKWIN6139632 with PID 6868 (started by akasingh9 in C:\Users\akasingh9\Desktop\MicroServicesPractice\user-management-trial-4)
2020-04-07 11:13:52,844 DEBUG com.sapient.service.RoleImplTest [main] Running with Spring Boot v2.2.5.RELEASE, Spring v5.2.4.RELEASE
2020-04-07 11:13:52,844 INFO com.sapient.service.RoleImplTest [main] No active profile set, falling back to default profiles: default
2020-04-07 11:13:59,210 DEBUG com.sapient.aspect.MessageAspect$$EnhancerBySpringCGLIB$$8fbc29ae [main] Door-in RestController : Docket com.sapient.user_management.UserManagementApplication.api()
2020-04-07 11:13:59,210 DEBUG com.sapient.aspect.MessageAspect$$EnhancerBySpringCGLIB$$8fbc29ae [main] Door-out RestController : Docket com.sapient.user_management.UserManagementApplication.api() : without error : returned :springfox.documentation.spring.web.plugins.Docket@6e84faac : with Arguments : 
2020-04-07 11:13:59,925 INFO com.sapient.service.RoleImplTest [main] Started RoleImplTest in 7.196 seconds (JVM running for 92.155)
2020-04-07 11:13:59,934 DEBUG com.sapient.aspect.MessageAspect$$EnhancerBySpringCGLIB$$8fbc29ae [main] Door-in RestController : String com.sapient.service.RoleImpl.deleteRole(Role)
2020-04-07 11:13:59,934 INFO com.sapient.aspect.UserAspect$$EnhancerBySpringCGLIB$$1e7ece50 [main] before execution of execution(String com.sapient.service.RoleImpl.deleteRole(Role))
2020-04-07 11:13:59,941 DEBUG com.sapient.aspect.MessageAspect$$EnhancerBySpringCGLIB$$8fbc29ae [main] Door-out RestController : String com.sapient.service.RoleImpl.deleteRole(Role) : without error : returned :Role Deleted : with Arguments : [] 
2020-04-07 11:13:59,947 DEBUG com.sapient.aspect.MessageAspect$$EnhancerBySpringCGLIB$$8fbc29ae [main] Door-in RestController : String com.sapient.service.RoleImpl.addNewRole(Role)
2020-04-07 11:13:59,947 INFO com.sapient.aspect.UserAspect$$EnhancerBySpringCGLIB$$1e7ece50 [main] before execution of execution(String com.sapient.service.RoleImpl.addNewRole(Role))
2020-04-07 11:13:59,947 DEBUG com.sapient.aspect.MessageAspect$$EnhancerBySpringCGLIB$$8fbc29ae [main] Door-out RestController : String com.sapient.service.RoleImpl.addNewRole(Role) : without error : returned :Admin : with Arguments : [] 
2020-04-07 11:13:59,956 DEBUG com.sapient.aspect.MessageAspect$$EnhancerBySpringCGLIB$$8fbc29ae [main] Door-in RestController : ArrayList com.sapient.service.RoleImpl.getAllRoles()
2020-04-07 11:13:59,956 INFO com.sapient.aspect.UserAspect$$EnhancerBySpringCGLIB$$1e7ece50 [main] before execution of execution(ArrayList com.sapient.service.RoleImpl.getAllRoles())
2020-04-07 11:13:59,956 DEBUG com.sapient.aspect.MessageAspect$$EnhancerBySpringCGLIB$$8fbc29ae [main] Door-out RestController : ArrayList com.sapient.service.RoleImpl.getAllRoles() : without error : returned :[] : with Arguments : 
2020-04-07 11:13:59,962 DEBUG com.sapient.aspect.MessageAspect$$EnhancerBySpringCGLIB$$8fbc29ae [main] Door-in RestController : Role com.sapient.service.RoleImpl.getRoleById(Integer)
2020-04-07 11:13:59,963 INFO com.sapient.aspect.UserAspect$$EnhancerBySpringCGLIB$$1e7ece50 [main] before execution of execution(Role com.sapient.service.RoleImpl.getRoleById(Integer))
2020-04-07 11:13:59,963 DEBUG com.sapient.aspect.MessageAspect$$EnhancerBySpringCGLIB$$8fbc29ae [main] Door-out RestController : Role com.sapient.service.RoleImpl.getRoleById(Integer) : without error : returned : : with Arguments : [1] 
2020-04-07 11:14:00,041 INFO com.sapient.service.UniversityImplTest [main] Starting UniversityImplTest on WKWIN6139632 with PID 6868 (started by akasingh9 in C:\Users\akasingh9\Desktop\MicroServicesPractice\user-management-trial-4)
2020-04-07 11:14:00,041 DEBUG com.sapient.service.UniversityImplTest [main] Running with Spring Boot v2.2.5.RELEASE, Spring v5.2.4.RELEASE
2020-04-07 11:14:00,042 INFO com.sapient.service.UniversityImplTest [main] No active profile set, falling back to default profiles: default
2020-04-07 11:14:06,946 DEBUG com.sapient.aspect.MessageAspect$$EnhancerBySpringCGLIB$$8fbc29ae [main] Door-in RestController : Docket com.sapient.user_management.UserManagementApplication.api()
2020-04-07 11:14:06,947 DEBUG com.sapient.aspect.MessageAspect$$EnhancerBySpringCGLIB$$8fbc29ae [main] Door-out RestController : Docket com.sapient.user_management.UserManagementApplication.api() : without error : returned :springfox.documentation.spring.web.plugins.Docket@5a6e1f51 : with Arguments : 
2020-04-07 11:14:07,501 INFO com.sapient.service.UniversityImplTest [main] Started UniversityImplTest in 7.558 seconds (JVM running for 99.758)
2020-04-07 11:14:07,509 DEBUG com.sapient.aspect.MessageAspect$$EnhancerBySpringCGLIB$$8fbc29ae [main] Door-in RestController : University com.sapient.service.UniversityImpl.addNewUniversity(University)
2020-04-07 11:14:07,509 INFO com.sapient.aspect.UserAspect$$EnhancerBySpringCGLIB$$1e7ece50 [main] before execution of execution(University com.sapient.service.UniversityImpl.addNewUniversity(University))
2020-04-07 11:14:07,515 DEBUG com.sapient.aspect.MessageAspect$$EnhancerBySpringCGLIB$$8fbc29ae [main] Door-out RestController : University com.sapient.service.UniversityImpl.addNewUniversity(University) : without error : returned : : with Arguments : [] 
2020-04-07 11:14:07,572 INFO com.sapient.service.UserImplTest [main] Starting UserImplTest on WKWIN6139632 with PID 6868 (started by akasingh9 in C:\Users\akasingh9\Desktop\MicroServicesPractice\user-management-trial-4)
2020-04-07 11:14:07,573 DEBUG com.sapient.service.UserImplTest [main] Running with Spring Boot v2.2.5.RELEASE, Spring v5.2.4.RELEASE
2020-04-07 11:14:07,573 INFO com.sapient.service.UserImplTest [main] No active profile set, falling back to default profiles: default
2020-04-07 11:14:14,247 DEBUG com.sapient.aspect.MessageAspect$$EnhancerBySpringCGLIB$$8fbc29ae [main] Door-in RestController : Docket com.sapient.user_management.UserManagementApplication.api()
2020-04-07 11:14:14,248 DEBUG com.sapient.aspect.MessageAspect$$EnhancerBySpringCGLIB$$8fbc29ae [main] Door-out RestController : Docket com.sapient.user_management.UserManagementApplication.api() : without error : returned :springfox.documentation.spring.web.plugins.Docket@6b542f10 : with Arguments : 
2020-04-07 11:14:14,765 INFO com.sapient.service.UserImplTest [main] Started UserImplTest in 7.259 seconds (JVM running for 107.038)
2020-04-07 11:14:14,776 DEBUG com.sapient.aspect.MessageAspect$$EnhancerBySpringCGLIB$$8fbc29ae [main] Door-in RestController : String com.sapient.service.UserImpl.deleteUser(User)
2020-04-07 11:14:14,776 INFO com.sapient.aspect.UserAspect$$EnhancerBySpringCGLIB$$1e7ece50 [main] before execution of execution(String com.sapient.service.UserImpl.deleteUser(User))
2020-04-07 11:14:14,788 DEBUG com.sapient.aspect.MessageAspect$$EnhancerBySpringCGLIB$$8fbc29ae [main] Door-out RestController : String com.sapient.service.UserImpl.deleteUser(User) : without error : returned :User Deleted : with Arguments : [] 
2020-04-07 11:14:14,797 DEBUG com.sapient.aspect.MessageAspect$$EnhancerBySpringCGLIB$$8fbc29ae [main] Door-in RestController : Integer com.sapient.service.UserImpl.addNewUser(User)
2020-04-07 11:14:14,797 INFO com.sapient.aspect.UserAspect$$EnhancerBySpringCGLIB$$1e7ece50 [main] before execution of execution(Integer com.sapient.service.UserImpl.addNewUser(User))
2020-04-07 11:14:15,028 DEBUG com.sapient.aspect.MessageAspect$$EnhancerBySpringCGLIB$$8fbc29ae [main] Door-in RestController : Object org.springframework.data.repository.CrudRepository.save(Object)
2020-04-07 11:14:15,149 ERROR org.hibernate.engine.jdbc.spi.SqlExceptionHelper [main] ERROR: duplicate key value violates unique constraint "uk_8yv0ygjennfmftgiiqfqyhq5o"
  Detail: Key (email)=(prem@abc.in) already exists.
2020-04-07 11:14:15,170 INFO com.sapient.aspect.UserAspect [main] Invalid CustomerId. Exception Thrown by save
2020-04-07 11:14:15,170 ERROR com.sapient.aspect.MessageAspect$$EnhancerBySpringCGLIB$$8fbc29ae [main] Message Not Found
2020-04-07 11:14:15,170 DEBUG com.sapient.aspect.MessageAspect$$EnhancerBySpringCGLIB$$8fbc29ae [main] Door-out RestController : Integer com.sapient.service.UserImpl.addNewUser(User) : without error : returned :1 : with Arguments : [] 
2020-04-07 11:14:15,181 DEBUG com.sapient.aspect.MessageAspect$$EnhancerBySpringCGLIB$$8fbc29ae [main] Door-in RestController : ArrayList com.sapient.service.UserImpl.getUserWithAllRoles(String)
2020-04-07 11:14:15,182 INFO com.sapient.aspect.UserAspect$$EnhancerBySpringCGLIB$$1e7ece50 [main] before execution of execution(ArrayList com.sapient.service.UserImpl.getUserWithAllRoles(String))
2020-04-07 11:14:15,183 DEBUG com.sapient.aspect.MessageAspect$$EnhancerBySpringCGLIB$$8fbc29ae [main] Door-out RestController : ArrayList com.sapient.service.UserImpl.getUserWithAllRoles(String) : without error : returned :[] : with Arguments : [prem@abc.in] 
2020-04-07 11:14:15,191 DEBUG com.sapient.aspect.MessageAspect$$EnhancerBySpringCGLIB$$8fbc29ae [main] Door-in RestController : ArrayList com.sapient.service.UserImpl.getUserByRole(String)
2020-04-07 11:14:15,191 INFO com.sapient.aspect.UserAspect$$EnhancerBySpringCGLIB$$1e7ece50 [main] before execution of execution(ArrayList com.sapient.service.UserImpl.getUserByRole(String))
2020-04-07 11:14:15,192 DEBUG com.sapient.aspect.MessageAspect$$EnhancerBySpringCGLIB$$8fbc29ae [main] Door-out RestController : ArrayList com.sapient.service.UserImpl.getUserByRole(String) : without error : returned :[] : with Arguments : [Admin] 
2020-04-07 11:14:15,201 DEBUG com.sapient.aspect.MessageAspect$$EnhancerBySpringCGLIB$$8fbc29ae [main] Door-in RestController : boolean com.sapient.service.UserImpl.isUserValid(String)
2020-04-07 11:14:15,201 INFO com.sapient.aspect.UserAspect$$EnhancerBySpringCGLIB$$1e7ece50 [main] before execution of execution(boolean com.sapient.service.UserImpl.isUserValid(String))
2020-04-07 11:14:15,202 DEBUG com.sapient.aspect.MessageAspect$$EnhancerBySpringCGLIB$$8fbc29ae [main] Door-out RestController : boolean com.sapient.service.UserImpl.isUserValid(String) : without error : returned :false : with Arguments : [prem@abc.in] 
2020-04-07 11:14:15,212 DEBUG com.sapient.aspect.MessageAspect$$EnhancerBySpringCGLIB$$8fbc29ae [main] Door-in RestController : ArrayList com.sapient.service.UserImpl.getAllUsers()
2020-04-07 11:14:15,212 INFO com.sapient.aspect.UserAspect$$EnhancerBySpringCGLIB$$1e7ece50 [main] before execution of execution(ArrayList com.sapient.service.UserImpl.getAllUsers())
2020-04-07 11:14:15,212 DEBUG com.sapient.aspect.MessageAspect$$EnhancerBySpringCGLIB$$8fbc29ae [main] Door-out RestController : ArrayList com.sapient.service.UserImpl.getAllUsers() : without error : returned :[] : with Arguments : 
2020-04-07 11:14:15,222 DEBUG com.sapient.aspect.MessageAspect$$EnhancerBySpringCGLIB$$8fbc29ae [main] Door-in RestController : ArrayList com.sapient.service.UserImpl.searchUserByQuery(String)
2020-04-07 11:14:15,222 INFO com.sapient.aspect.UserAspect$$EnhancerBySpringCGLIB$$1e7ece50 [main] before execution of execution(ArrayList com.sapient.service.UserImpl.searchUserByQuery(String))
2020-04-07 11:14:15,222 DEBUG com.sapient.aspect.MessageAspect$$EnhancerBySpringCGLIB$$8fbc29ae [main] Door-out RestController : ArrayList com.sapient.service.UserImpl.searchUserByQuery(String) : without error : returned :[] : with Arguments : [prem] 
2020-04-07 11:14:15,231 DEBUG com.sapient.aspect.MessageAspect$$EnhancerBySpringCGLIB$$8fbc29ae [main] Door-in RestController : ArrayList com.sapient.service.UserImpl.getAllUsersByBatchId(Integer)
2020-04-07 11:14:15,232 INFO com.sapient.aspect.UserAspect$$EnhancerBySpringCGLIB$$1e7ece50 [main] before execution of execution(ArrayList com.sapient.service.UserImpl.getAllUsersByBatchId(Integer))
2020-04-07 11:14:15,232 DEBUG com.sapient.aspect.MessageAspect$$EnhancerBySpringCGLIB$$8fbc29ae [main] Door-out RestController : ArrayList com.sapient.service.UserImpl.getAllUsersByBatchId(Integer) : without error : returned :[] : with Arguments : [1] 
2020-04-07 11:14:15,240 DEBUG com.sapient.aspect.MessageAspect$$EnhancerBySpringCGLIB$$8fbc29ae [main] Door-in RestController : ArrayList com.sapient.service.UserImpl.searchUserByMobile(long)
2020-04-07 11:14:15,240 INFO com.sapient.aspect.UserAspect$$EnhancerBySpringCGLIB$$1e7ece50 [main] before execution of execution(ArrayList com.sapient.service.UserImpl.searchUserByMobile(long))
2020-04-07 11:14:15,241 DEBUG com.sapient.aspect.MessageAspect$$EnhancerBySpringCGLIB$$8fbc29ae [main] Door-out RestController : ArrayList com.sapient.service.UserImpl.searchUserByMobile(long) : without error : returned :[] : with Arguments : [7550181] 
2020-04-07 11:14:15,250 DEBUG com.sapient.aspect.MessageAspect$$EnhancerBySpringCGLIB$$8fbc29ae [main] Door-in RestController : User com.sapient.service.UserImpl.getUserByEmail(String)
2020-04-07 11:14:15,250 INFO com.sapient.aspect.UserAspect$$EnhancerBySpringCGLIB$$1e7ece50 [main] before execution of execution(User com.sapient.service.UserImpl.getUserByEmail(String))
2020-04-07 11:14:15,251 DEBUG com.sapient.aspect.MessageAspect$$EnhancerBySpringCGLIB$$8fbc29ae [main] Door-out RestController : User com.sapient.service.UserImpl.getUserByEmail(String) : without error : returned : : with Arguments : [prem@abc.in] 
2020-04-07 11:14:15,259 DEBUG com.sapient.aspect.MessageAspect$$EnhancerBySpringCGLIB$$8fbc29ae [main] Door-in RestController : boolean com.sapient.service.UserImpl.isUserValid(String)
2020-04-07 11:14:15,259 INFO com.sapient.aspect.UserAspect$$EnhancerBySpringCGLIB$$1e7ece50 [main] before execution of execution(boolean com.sapient.service.UserImpl.isUserValid(String))
2020-04-07 11:14:15,259 DEBUG com.sapient.aspect.MessageAspect$$EnhancerBySpringCGLIB$$8fbc29ae [main] Door-out RestController : boolean com.sapient.service.UserImpl.isUserValid(String) : without error : returned :true : with Arguments : [asdas@gmail.com] 
2020-04-07 11:14:15,269 DEBUG com.sapient.aspect.MessageAspect$$EnhancerBySpringCGLIB$$8fbc29ae [main] Door-in RestController : ArrayList com.sapient.service.UserImpl.getAllUsersByBatchIdAndCategoryId(Integer,Integer)
2020-04-07 11:14:15,269 INFO com.sapient.aspect.UserAspect$$EnhancerBySpringCGLIB$$1e7ece50 [main] before execution of execution(ArrayList com.sapient.service.UserImpl.getAllUsersByBatchIdAndCategoryId(Integer,Integer))
2020-04-07 11:14:15,270 DEBUG com.sapient.aspect.MessageAspect$$EnhancerBySpringCGLIB$$8fbc29ae [main] Door-out RestController : ArrayList com.sapient.service.UserImpl.getAllUsersByBatchIdAndCategoryId(Integer,Integer) : without error : returned :[] : with Arguments : [1] [1] 
2020-04-07 11:14:15,278 DEBUG com.sapient.aspect.MessageAspect$$EnhancerBySpringCGLIB$$8fbc29ae [main] Door-in RestController : User com.sapient.service.UserImpl.getUserById(Integer)
2020-04-07 11:14:15,278 INFO com.sapient.aspect.UserAspect$$EnhancerBySpringCGLIB$$1e7ece50 [main] before execution of execution(User com.sapient.service.UserImpl.getUserById(Integer))
2020-04-07 11:14:15,279 DEBUG com.sapient.aspect.MessageAspect$$EnhancerBySpringCGLIB$$8fbc29ae [main] Door-out RestController : User com.sapient.service.UserImpl.getUserById(Integer) : without error : returned : : with Arguments : [1] 
2020-04-07 11:14:15,337 INFO com.sapient.service.UserRoleImplTest [main] Starting UserRoleImplTest on WKWIN6139632 with PID 6868 (started by akasingh9 in C:\Users\akasingh9\Desktop\MicroServicesPractice\user-management-trial-4)
2020-04-07 11:14:15,338 DEBUG com.sapient.service.UserRoleImplTest [main] Running with Spring Boot v2.2.5.RELEASE, Spring v5.2.4.RELEASE
2020-04-07 11:14:15,338 INFO com.sapient.service.UserRoleImplTest [main] No active profile set, falling back to default profiles: default
2020-04-07 11:14:22,954 DEBUG com.sapient.aspect.MessageAspect$$EnhancerBySpringCGLIB$$8fbc29ae [main] Door-in RestController : Docket com.sapient.user_management.UserManagementApplication.api()
2020-04-07 11:14:22,954 DEBUG com.sapient.aspect.MessageAspect$$EnhancerBySpringCGLIB$$8fbc29ae [main] Door-out RestController : Docket com.sapient.user_management.UserManagementApplication.api() : without error : returned :springfox.documentation.spring.web.plugins.Docket@44e6d939 : with Arguments : 
2020-04-07 11:14:23,499 INFO com.sapient.service.UserRoleImplTest [main] Started UserRoleImplTest in 8.223 seconds (JVM running for 115.782)
2020-04-07 11:14:23,508 DEBUG com.sapient.aspect.MessageAspect$$EnhancerBySpringCGLIB$$8fbc29ae [main] Door-in RestController : Integer com.sapient.service.UserRoleImpl.addNewUserRole(UserRole)
2020-04-07 11:14:23,508 INFO com.sapient.aspect.UserAspect$$EnhancerBySpringCGLIB$$1e7ece50 [main] before execution of execution(Integer com.sapient.service.UserRoleImpl.addNewUserRole(UserRole))
2020-04-07 11:14:23,514 DEBUG com.sapient.aspect.MessageAspect$$EnhancerBySpringCGLIB$$8fbc29ae [main] Door-out RestController : Integer com.sapient.service.UserRoleImpl.addNewUserRole(UserRole) : without error : returned :1 : with Arguments : [com.sapient.model.UserRole@662468cb] 
