2020-04-06 14:14:55,271 INFO com.sapient.user_management.UserManagementApplicationTests [main] Starting UserManagementApplicationTests on WKWIN6139632 with PID 30196 (started by akasingh9 in C:\Users\akasingh9\Desktop\MicroServicesPractice\user-management-trial-4)
2020-04-06 14:14:55,278 DEBUG com.sapient.user_management.UserManagementApplicationTests [main] Running with Spring Boot v2.2.5.RELEASE, Spring v5.2.4.RELEASE
2020-04-06 14:14:55,279 INFO com.sapient.user_management.UserManagementApplicationTests [main] No active profile set, falling back to default profiles: default
2020-04-06 14:15:01,164 DEBUG com.sapient.aspect.MessageAspect$$EnhancerBySpringCGLIB$$4d10c352 [main] Door-in RestController : Docket com.sapient.user_management.UserManagementApplication.api()
2020-04-06 14:15:01,230 DEBUG com.sapient.aspect.MessageAspect$$EnhancerBySpringCGLIB$$4d10c352 [main] Door-out RestController : Docket com.sapient.user_management.UserManagementApplication.api() : without error : returned :springfox.documentation.spring.web.plugins.Docket@7957aa57 : with Arguments : 
2020-04-06 14:15:01,804 INFO com.sapient.user_management.UserManagementApplicationTests [main] Started UserManagementApplicationTests in 6.883 seconds (JVM running for 8.364)
2020-04-06 14:15:01,994 INFO com.sapient.controller.BatchCategoryControllerTest [main] Starting BatchCategoryControllerTest on WKWIN6139632 with PID 30196 (started by akasingh9 in C:\Users\akasingh9\Desktop\MicroServicesPractice\user-management-trial-4)
2020-04-06 14:15:01,994 DEBUG com.sapient.controller.BatchCategoryControllerTest [main] Running with Spring Boot v2.2.5.RELEASE, Spring v5.2.4.RELEASE
2020-04-06 14:15:01,996 INFO com.sapient.controller.BatchCategoryControllerTest [main] No active profile set, falling back to default profiles: default
2020-04-06 14:15:04,444 DEBUG com.sapient.aspect.MessageAspect$$EnhancerBySpringCGLIB$$4d10c352 [main] Door-in RestController : Docket com.sapient.user_management.UserManagementApplication.api()
2020-04-06 14:15:04,444 DEBUG com.sapient.aspect.MessageAspect$$EnhancerBySpringCGLIB$$4d10c352 [main] Door-out RestController : Docket com.sapient.user_management.UserManagementApplication.api() : without error : returned :springfox.documentation.spring.web.plugins.Docket@1f591b2e : with Arguments : 
2020-04-06 14:15:04,810 INFO com.sapient.controller.BatchCategoryControllerTest [main] Started BatchCategoryControllerTest in 2.853 seconds (JVM running for 11.37)
2020-04-06 14:15:04,859 DEBUG com.sapient.aspect.MessageAspect$$EnhancerBySpringCGLIB$$4d10c352 [main] Door-in RestController : Object com.sapient.controller.BatchCategoryController.getBatchCategoryById(Integer)
2020-04-06 14:15:04,878 DEBUG com.sapient.aspect.MessageAspect$$EnhancerBySpringCGLIB$$4d10c352 [main] Door-out RestController : Object com.sapient.controller.BatchCategoryController.getBatchCategoryById(Integer) : without error : returned :<200 OK OK,[],[]> : with Arguments : [1] 
2020-04-06 14:15:04,887 DEBUG com.sapient.aspect.MessageAspect$$EnhancerBySpringCGLIB$$4d10c352 [main] Door-in RestController : Object com.sapient.controller.BatchCategoryController.getBatchCategoryById(Integer)
2020-04-06 14:15:04,888 DEBUG com.sapient.aspect.MessageAspect$$EnhancerBySpringCGLIB$$4d10c352 [main] Door-out RestController : Object com.sapient.controller.BatchCategoryController.getBatchCategoryById(Integer) : without error : returned :<404 NOT_FOUND Not Found,Categories not found,[]> : with Arguments : [2] 
2020-04-06 14:15:04,941 INFO com.sapient.controller.BatchControllerTest [main] Starting BatchControllerTest on WKWIN6139632 with PID 30196 (started by akasingh9 in C:\Users\akasingh9\Desktop\MicroServicesPractice\user-management-trial-4)
2020-04-06 14:15:04,941 DEBUG com.sapient.controller.BatchControllerTest [main] Running with Spring Boot v2.2.5.RELEASE, Spring v5.2.4.RELEASE
2020-04-06 14:15:04,942 INFO com.sapient.controller.BatchControllerTest [main] No active profile set, falling back to default profiles: default
2020-04-06 14:15:07,228 DEBUG com.sapient.aspect.MessageAspect$$EnhancerBySpringCGLIB$$4d10c352 [main] Door-in RestController : Docket com.sapient.user_management.UserManagementApplication.api()
2020-04-06 14:15:07,229 DEBUG com.sapient.aspect.MessageAspect$$EnhancerBySpringCGLIB$$4d10c352 [main] Door-out RestController : Docket com.sapient.user_management.UserManagementApplication.api() : without error : returned :springfox.documentation.spring.web.plugins.Docket@67d6bb59 : with Arguments : 
2020-04-06 14:15:07,670 INFO com.sapient.controller.BatchControllerTest [main] Started BatchControllerTest in 2.774 seconds (JVM running for 14.231)
2020-04-06 14:15:07,677 DEBUG com.sapient.aspect.MessageAspect$$EnhancerBySpringCGLIB$$4d10c352 [main] Door-in RestController : Object com.sapient.controller.BatchController.getBatchById(Integer)
2020-04-06 14:15:07,684 INFO com.sapient.controller.BatchController [main] Batch returned with details null
2020-04-06 14:15:07,695 DEBUG com.sapient.aspect.MessageAspect$$EnhancerBySpringCGLIB$$4d10c352 [main] Door-out RestController : Object com.sapient.controller.BatchController.getBatchById(Integer) : without error : returned :<404 NOT_FOUND Not Found,Batch not found,[]> : with Arguments : [2] 
2020-04-06 14:15:07,705 DEBUG com.sapient.aspect.MessageAspect$$EnhancerBySpringCGLIB$$4d10c352 [main] Door-in RestController : Object com.sapient.controller.BatchController.getBatchById(Integer)
2020-04-06 14:15:07,706 INFO com.sapient.controller.BatchController [main] Batch returned with details 
2020-04-06 14:15:07,706 DEBUG com.sapient.aspect.MessageAspect$$EnhancerBySpringCGLIB$$4d10c352 [main] Door-out RestController : Object com.sapient.controller.BatchController.getBatchById(Integer) : without error : returned :<200 OK OK,,[]> : with Arguments : [1] 
2020-04-06 14:15:07,711 DEBUG com.sapient.aspect.MessageAspect$$EnhancerBySpringCGLIB$$4d10c352 [main] Door-in RestController : Object com.sapient.controller.BatchController.deleteBatch(Batch)
2020-04-06 14:15:07,712 DEBUG com.sapient.aspect.MessageAspect$$EnhancerBySpringCGLIB$$4d10c352 [main] Door-out RestController : Object com.sapient.controller.BatchController.deleteBatch(Batch) : without error : returned :<200 OK OK,[]> : with Arguments : [] 
2020-04-06 14:15:07,721 DEBUG com.sapient.aspect.MessageAspect$$EnhancerBySpringCGLIB$$4d10c352 [main] Door-in RestController : Object com.sapient.controller.BatchController.getallBatches()
2020-04-06 14:15:07,721 DEBUG com.sapient.aspect.MessageAspect$$EnhancerBySpringCGLIB$$4d10c352 [main] Door-out RestController : Object com.sapient.controller.BatchController.getallBatches() : without error : returned :<200 OK OK,[],[]> : with Arguments : 
2020-04-06 14:15:07,765 INFO com.sapient.controller.RoleControllerTest [main] Starting RoleControllerTest on WKWIN6139632 with PID 30196 (started by akasingh9 in C:\Users\akasingh9\Desktop\MicroServicesPractice\user-management-trial-4)
2020-04-06 14:15:07,765 DEBUG com.sapient.controller.RoleControllerTest [main] Running with Spring Boot v2.2.5.RELEASE, Spring v5.2.4.RELEASE
2020-04-06 14:15:07,766 INFO com.sapient.controller.RoleControllerTest [main] No active profile set, falling back to default profiles: default
2020-04-06 14:15:10,515 DEBUG com.sapient.aspect.MessageAspect$$EnhancerBySpringCGLIB$$4d10c352 [main] Door-in RestController : Docket com.sapient.user_management.UserManagementApplication.api()
2020-04-06 14:15:10,516 DEBUG com.sapient.aspect.MessageAspect$$EnhancerBySpringCGLIB$$4d10c352 [main] Door-out RestController : Docket com.sapient.user_management.UserManagementApplication.api() : without error : returned :springfox.documentation.spring.web.plugins.Docket@42c7781a : with Arguments : 
2020-04-06 14:15:10,849 INFO com.sapient.controller.RoleControllerTest [main] Started RoleControllerTest in 3.121 seconds (JVM running for 17.409)
2020-04-06 14:15:10,867 DEBUG com.sapient.aspect.MessageAspect$$EnhancerBySpringCGLIB$$4d10c352 [main] Door-in RestController : Object com.sapient.controller.RoleController.addNew(Role)
2020-04-06 14:15:10,872 DEBUG com.sapient.aspect.MessageAspect$$EnhancerBySpringCGLIB$$4d10c352 [main] Door-out RestController : Object com.sapient.controller.RoleController.addNew(Role) : without error : returned :Prem : with Arguments : [] 
2020-04-06 14:15:10,877 DEBUG com.sapient.aspect.MessageAspect$$EnhancerBySpringCGLIB$$4d10c352 [main] Door-in RestController : Object com.sapient.controller.RoleController.getRoleById(Integer)
2020-04-06 14:15:10,877 INFO com.sapient.controller.RoleController [main] Role returned with details 
2020-04-06 14:15:10,877 DEBUG com.sapient.aspect.MessageAspect$$EnhancerBySpringCGLIB$$4d10c352 [main] Door-out RestController : Object com.sapient.controller.RoleController.getRoleById(Integer) : without error : returned :<200 OK OK,,[]> : with Arguments : [1] 
2020-04-06 14:15:10,882 DEBUG com.sapient.aspect.MessageAspect$$EnhancerBySpringCGLIB$$4d10c352 [main] Door-in RestController : Object com.sapient.controller.RoleController.getRoleById(Integer)
2020-04-06 14:15:10,882 INFO com.sapient.controller.RoleController [main] Role returned with details null
2020-04-06 14:15:10,882 DEBUG com.sapient.aspect.MessageAspect$$EnhancerBySpringCGLIB$$4d10c352 [main] Door-out RestController : Object com.sapient.controller.RoleController.getRoleById(Integer) : without error : returned :<404 NOT_FOUND Not Found,Role not found,[]> : with Arguments : [2] 
2020-04-06 14:15:10,887 DEBUG com.sapient.aspect.MessageAspect$$EnhancerBySpringCGLIB$$4d10c352 [main] Door-in RestController : Object com.sapient.controller.RoleController.deleteRole(Role)
2020-04-06 14:15:10,887 DEBUG com.sapient.aspect.MessageAspect$$EnhancerBySpringCGLIB$$4d10c352 [main] Door-out RestController : Object com.sapient.controller.RoleController.deleteRole(Role) : without error : returned :<200 OK OK,[]> : with Arguments : [] 
2020-04-06 14:15:10,893 DEBUG com.sapient.aspect.MessageAspect$$EnhancerBySpringCGLIB$$4d10c352 [main] Door-in RestController : Object com.sapient.controller.RoleController.getallRoles()
2020-04-06 14:15:10,893 DEBUG com.sapient.aspect.MessageAspect$$EnhancerBySpringCGLIB$$4d10c352 [main] Door-out RestController : Object com.sapient.controller.RoleController.getallRoles() : without error : returned :<200 OK OK,[],[]> : with Arguments : 
2020-04-06 14:15:10,942 INFO com.sapient.controller.SearchControllerTest [main] Starting SearchControllerTest on WKWIN6139632 with PID 30196 (started by akasingh9 in C:\Users\akasingh9\Desktop\MicroServicesPractice\user-management-trial-4)
2020-04-06 14:15:10,942 DEBUG com.sapient.controller.SearchControllerTest [main] Running with Spring Boot v2.2.5.RELEASE, Spring v5.2.4.RELEASE
2020-04-06 14:15:10,942 INFO com.sapient.controller.SearchControllerTest [main] No active profile set, falling back to default profiles: default
2020-04-06 14:15:13,829 DEBUG com.sapient.aspect.MessageAspect$$EnhancerBySpringCGLIB$$4d10c352 [main] Door-in RestController : Docket com.sapient.user_management.UserManagementApplication.api()
2020-04-06 14:15:13,830 DEBUG com.sapient.aspect.MessageAspect$$EnhancerBySpringCGLIB$$4d10c352 [main] Door-out RestController : Docket com.sapient.user_management.UserManagementApplication.api() : without error : returned :springfox.documentation.spring.web.plugins.Docket@6c758c74 : with Arguments : 
2020-04-06 14:15:14,220 INFO com.sapient.controller.SearchControllerTest [main] Started SearchControllerTest in 3.321 seconds (JVM running for 20.78)
2020-04-06 14:15:14,228 DEBUG com.sapient.aspect.MessageAspect$$EnhancerBySpringCGLIB$$4d10c352 [main] Door-in RestController : Object com.sapient.controller.SearchController.getUserByQuery(String)
2020-04-06 14:15:14,235 DEBUG com.sapient.aspect.MessageAspect$$EnhancerBySpringCGLIB$$4d10c352 [main] Door-out RestController : Object com.sapient.controller.SearchController.getUserByQuery(String) : without error : returned :[] : with Arguments : [Prem] 
2020-04-06 14:15:14,245 DEBUG com.sapient.aspect.MessageAspect$$EnhancerBySpringCGLIB$$4d10c352 [main] Door-in RestController : Object com.sapient.controller.UserController.getUserById(Integer)
2020-04-06 14:15:14,259 INFO com.sapient.controller.UserController [main] User returned with details null
2020-04-06 14:15:14,259 DEBUG com.sapient.aspect.MessageAspect$$EnhancerBySpringCGLIB$$4d10c352 [main] Door-out RestController : Object com.sapient.controller.UserController.getUserById(Integer) : without error : returned :<404 NOT_FOUND Not Found,User not found,[]> : with Arguments : [2] 
2020-04-06 14:15:14,271 DEBUG com.sapient.aspect.MessageAspect$$EnhancerBySpringCGLIB$$4d10c352 [main] Door-in RestController : Object com.sapient.controller.UserController.getUserById(Integer)
2020-04-06 14:15:14,272 INFO com.sapient.controller.UserController [main] User returned with details 
2020-04-06 14:15:14,272 DEBUG com.sapient.aspect.MessageAspect$$EnhancerBySpringCGLIB$$4d10c352 [main] Door-out RestController : Object com.sapient.controller.UserController.getUserById(Integer) : without error : returned :<200 OK OK,,[]> : with Arguments : [1] 
2020-04-06 14:15:14,279 DEBUG com.sapient.aspect.MessageAspect$$EnhancerBySpringCGLIB$$4d10c352 [main] Door-in RestController : Object com.sapient.controller.UserController.deleteUser(User)
2020-04-06 14:15:14,281 DEBUG com.sapient.aspect.MessageAspect$$EnhancerBySpringCGLIB$$4d10c352 [main] Door-out RestController : Object com.sapient.controller.UserController.deleteUser(User) : without error : returned :<200 OK OK,[]> : with Arguments : [] 
2020-04-06 14:15:14,289 DEBUG com.sapient.aspect.MessageAspect$$EnhancerBySpringCGLIB$$4d10c352 [main] Door-in RestController : Object com.sapient.controller.UserController.getallUsers()
2020-04-06 14:15:14,290 DEBUG com.sapient.aspect.MessageAspect$$EnhancerBySpringCGLIB$$4d10c352 [main] Door-out RestController : Object com.sapient.controller.UserController.getallUsers() : without error : returned :<200 OK OK,[],[]> : with Arguments : 
2020-04-06 14:15:14,793 INFO com.sapient.service.BatchCategoryImplTest [main] Starting BatchCategoryImplTest on WKWIN6139632 with PID 30196 (started by akasingh9 in C:\Users\akasingh9\Desktop\MicroServicesPractice\user-management-trial-4)
2020-04-06 14:15:14,793 DEBUG com.sapient.service.BatchCategoryImplTest [main] Running with Spring Boot v2.2.5.RELEASE, Spring v5.2.4.RELEASE
2020-04-06 14:15:14,793 INFO com.sapient.service.BatchCategoryImplTest [main] No active profile set, falling back to default profiles: default
2020-04-06 14:15:18,432 DEBUG com.sapient.aspect.MessageAspect$$EnhancerBySpringCGLIB$$4d10c352 [main] Door-in RestController : Docket com.sapient.user_management.UserManagementApplication.api()
2020-04-06 14:15:18,432 DEBUG com.sapient.aspect.MessageAspect$$EnhancerBySpringCGLIB$$4d10c352 [main] Door-out RestController : Docket com.sapient.user_management.UserManagementApplication.api() : without error : returned :springfox.documentation.spring.web.plugins.Docket@543d242e : with Arguments : 
2020-04-06 14:15:18,780 INFO com.sapient.service.BatchCategoryImplTest [main] Started BatchCategoryImplTest in 4.055 seconds (JVM running for 25.34)
2020-04-06 14:15:18,787 DEBUG com.sapient.aspect.MessageAspect$$EnhancerBySpringCGLIB$$4d10c352 [main] Door-in RestController : Integer com.sapient.service.BatchCategoryImpl.addNewBatchCategory(BatchCategory)
2020-04-06 14:15:18,787 INFO com.sapient.aspect.UserAspect$$EnhancerBySpringCGLIB$$dbd367f4 [main] before execution of execution(Integer com.sapient.service.BatchCategoryImpl.addNewBatchCategory(BatchCategory))
2020-04-06 14:15:18,793 DEBUG com.sapient.aspect.MessageAspect$$EnhancerBySpringCGLIB$$4d10c352 [main] Door-out RestController : Integer com.sapient.service.BatchCategoryImpl.addNewBatchCategory(BatchCategory) : without error : returned :1 : with Arguments : [com.sapient.model.BatchCategory@397fd951] 
2020-04-06 14:15:18,797 DEBUG com.sapient.aspect.MessageAspect$$EnhancerBySpringCGLIB$$4d10c352 [main] Door-in RestController : ArrayList com.sapient.service.BatchCategoryImpl.getAllCategoriesOfBatchId(Integer)
2020-04-06 14:15:18,797 INFO com.sapient.aspect.UserAspect$$EnhancerBySpringCGLIB$$dbd367f4 [main] before execution of execution(ArrayList com.sapient.service.BatchCategoryImpl.getAllCategoriesOfBatchId(Integer))
2020-04-06 14:15:18,797 DEBUG com.sapient.aspect.MessageAspect$$EnhancerBySpringCGLIB$$4d10c352 [main] Door-out RestController : ArrayList com.sapient.service.BatchCategoryImpl.getAllCategoriesOfBatchId(Integer) : without error : returned :[] : with Arguments : [1] 
2020-04-06 14:15:18,836 INFO com.sapient.service.BatchImplTest [main] Starting BatchImplTest on WKWIN6139632 with PID 30196 (started by akasingh9 in C:\Users\akasingh9\Desktop\MicroServicesPractice\user-management-trial-4)
2020-04-06 14:15:18,836 DEBUG com.sapient.service.BatchImplTest [main] Running with Spring Boot v2.2.5.RELEASE, Spring v5.2.4.RELEASE
2020-04-06 14:15:18,836 INFO com.sapient.service.BatchImplTest [main] No active profile set, falling back to default profiles: default
2020-04-06 14:15:21,890 DEBUG com.sapient.aspect.MessageAspect$$EnhancerBySpringCGLIB$$4d10c352 [main] Door-in RestController : Docket com.sapient.user_management.UserManagementApplication.api()
2020-04-06 14:15:21,890 DEBUG com.sapient.aspect.MessageAspect$$EnhancerBySpringCGLIB$$4d10c352 [main] Door-out RestController : Docket com.sapient.user_management.UserManagementApplication.api() : without error : returned :springfox.documentation.spring.web.plugins.Docket@29fe45a3 : with Arguments : 
2020-04-06 14:15:22,151 INFO com.sapient.service.BatchImplTest [main] Started BatchImplTest in 3.349 seconds (JVM running for 28.712)
2020-04-06 14:15:22,170 DEBUG com.sapient.aspect.MessageAspect$$EnhancerBySpringCGLIB$$4d10c352 [main] Door-in RestController : Integer com.sapient.service.BatchImpl.addNewBatch(Batch)
2020-04-06 14:15:22,170 INFO com.sapient.aspect.UserAspect$$EnhancerBySpringCGLIB$$dbd367f4 [main] before execution of execution(Integer com.sapient.service.BatchImpl.addNewBatch(Batch))
2020-04-06 14:15:22,174 DEBUG com.sapient.aspect.MessageAspect$$EnhancerBySpringCGLIB$$4d10c352 [main] Door-out RestController : Integer com.sapient.service.BatchImpl.addNewBatch(Batch) : without error : returned :1 : with Arguments : [] 
2020-04-06 14:15:22,179 DEBUG com.sapient.aspect.MessageAspect$$EnhancerBySpringCGLIB$$4d10c352 [main] Door-in RestController : String com.sapient.service.BatchImpl.deleteBatch(Batch)
2020-04-06 14:15:22,179 INFO com.sapient.aspect.UserAspect$$EnhancerBySpringCGLIB$$dbd367f4 [main] before execution of execution(String com.sapient.service.BatchImpl.deleteBatch(Batch))
2020-04-06 14:15:22,180 DEBUG com.sapient.aspect.MessageAspect$$EnhancerBySpringCGLIB$$4d10c352 [main] Door-out RestController : String com.sapient.service.BatchImpl.deleteBatch(Batch) : without error : returned :Batch Deleted : with Arguments : [] 
2020-04-06 14:15:22,184 DEBUG com.sapient.aspect.MessageAspect$$EnhancerBySpringCGLIB$$4d10c352 [main] Door-in RestController : ArrayList com.sapient.service.BatchImpl.getAllBatches()
2020-04-06 14:15:22,185 INFO com.sapient.aspect.UserAspect$$EnhancerBySpringCGLIB$$dbd367f4 [main] before execution of execution(ArrayList com.sapient.service.BatchImpl.getAllBatches())
2020-04-06 14:15:22,185 DEBUG com.sapient.aspect.MessageAspect$$EnhancerBySpringCGLIB$$4d10c352 [main] Door-out RestController : ArrayList com.sapient.service.BatchImpl.getAllBatches() : without error : returned :[] : with Arguments : 
2020-04-06 14:15:22,189 DEBUG com.sapient.aspect.MessageAspect$$EnhancerBySpringCGLIB$$4d10c352 [main] Door-in RestController : Batch com.sapient.service.BatchImpl.getBatchById(Integer)
2020-04-06 14:15:22,189 INFO com.sapient.aspect.UserAspect$$EnhancerBySpringCGLIB$$dbd367f4 [main] before execution of execution(Batch com.sapient.service.BatchImpl.getBatchById(Integer))
2020-04-06 14:15:22,190 DEBUG com.sapient.aspect.MessageAspect$$EnhancerBySpringCGLIB$$4d10c352 [main] Door-out RestController : Batch com.sapient.service.BatchImpl.getBatchById(Integer) : without error : returned : : with Arguments : [1] 
2020-04-06 14:15:22,250 INFO com.sapient.service.CategoryImplTest [main] Starting CategoryImplTest on WKWIN6139632 with PID 30196 (started by akasingh9 in C:\Users\akasingh9\Desktop\MicroServicesPractice\user-management-trial-4)
2020-04-06 14:15:22,250 DEBUG com.sapient.service.CategoryImplTest [main] Running with Spring Boot v2.2.5.RELEASE, Spring v5.2.4.RELEASE
2020-04-06 14:15:22,251 INFO com.sapient.service.CategoryImplTest [main] No active profile set, falling back to default profiles: default
2020-04-06 14:15:25,577 DEBUG com.sapient.aspect.MessageAspect$$EnhancerBySpringCGLIB$$4d10c352 [main] Door-in RestController : Docket com.sapient.user_management.UserManagementApplication.api()
2020-04-06 14:15:25,577 DEBUG com.sapient.aspect.MessageAspect$$EnhancerBySpringCGLIB$$4d10c352 [main] Door-out RestController : Docket com.sapient.user_management.UserManagementApplication.api() : without error : returned :springfox.documentation.spring.web.plugins.Docket@7808fb63 : with Arguments : 
2020-04-06 14:15:25,922 INFO com.sapient.service.CategoryImplTest [main] Started CategoryImplTest in 3.715 seconds (JVM running for 32.482)
2020-04-06 14:15:25,933 DEBUG com.sapient.aspect.MessageAspect$$EnhancerBySpringCGLIB$$4d10c352 [main] Door-in RestController : String com.sapient.service.CategoryImpl.deleteCategory(Category)
2020-04-06 14:15:25,933 INFO com.sapient.aspect.UserAspect$$EnhancerBySpringCGLIB$$dbd367f4 [main] before execution of execution(String com.sapient.service.CategoryImpl.deleteCategory(Category))
2020-04-06 14:15:25,939 DEBUG com.sapient.aspect.MessageAspect$$EnhancerBySpringCGLIB$$4d10c352 [main] Door-out RestController : String com.sapient.service.CategoryImpl.deleteCategory(Category) : without error : returned :Category Deleted : with Arguments : [] 
2020-04-06 14:15:25,944 DEBUG com.sapient.aspect.MessageAspect$$EnhancerBySpringCGLIB$$4d10c352 [main] Door-in RestController : Integer com.sapient.service.CategoryImpl.getCategoryByName(Category)
2020-04-06 14:15:25,944 INFO com.sapient.aspect.UserAspect$$EnhancerBySpringCGLIB$$dbd367f4 [main] before execution of execution(Integer com.sapient.service.CategoryImpl.getCategoryByName(Category))
2020-04-06 14:15:25,945 DEBUG com.sapient.aspect.MessageAspect$$EnhancerBySpringCGLIB$$4d10c352 [main] Door-out RestController : Integer com.sapient.service.CategoryImpl.getCategoryByName(Category) : without error : returned :1 : with Arguments : [] 
2020-04-06 14:15:25,949 DEBUG com.sapient.aspect.MessageAspect$$EnhancerBySpringCGLIB$$4d10c352 [main] Door-in RestController : Integer com.sapient.service.CategoryImpl.addNewCategory(Category)
2020-04-06 14:15:25,949 INFO com.sapient.aspect.UserAspect$$EnhancerBySpringCGLIB$$dbd367f4 [main] before execution of execution(Integer com.sapient.service.CategoryImpl.addNewCategory(Category))
2020-04-06 14:15:25,949 DEBUG com.sapient.aspect.MessageAspect$$EnhancerBySpringCGLIB$$4d10c352 [main] Door-out RestController : Integer com.sapient.service.CategoryImpl.addNewCategory(Category) : without error : returned :1 : with Arguments : [] 
2020-04-06 14:15:25,954 DEBUG com.sapient.aspect.MessageAspect$$EnhancerBySpringCGLIB$$4d10c352 [main] Door-in RestController : ArrayList com.sapient.service.CategoryImpl.getAllCategories()
2020-04-06 14:15:25,954 INFO com.sapient.aspect.UserAspect$$EnhancerBySpringCGLIB$$dbd367f4 [main] before execution of execution(ArrayList com.sapient.service.CategoryImpl.getAllCategories())
2020-04-06 14:15:25,955 DEBUG com.sapient.aspect.MessageAspect$$EnhancerBySpringCGLIB$$4d10c352 [main] Door-out RestController : ArrayList com.sapient.service.CategoryImpl.getAllCategories() : without error : returned :[] : with Arguments : 
2020-04-06 14:15:25,959 DEBUG com.sapient.aspect.MessageAspect$$EnhancerBySpringCGLIB$$4d10c352 [main] Door-in RestController : ArrayList com.sapient.service.CategoryImpl.getAllCategories()
2020-04-06 14:15:25,959 INFO com.sapient.aspect.UserAspect$$EnhancerBySpringCGLIB$$dbd367f4 [main] before execution of execution(ArrayList com.sapient.service.CategoryImpl.getAllCategories())
2020-04-06 14:15:25,959 DEBUG com.sapient.aspect.MessageAspect$$EnhancerBySpringCGLIB$$4d10c352 [main] Door-out RestController : ArrayList com.sapient.service.CategoryImpl.getAllCategories() : without error : returned :[] : with Arguments : 
2020-04-06 14:15:25,959 DEBUG com.sapient.aspect.MessageAspect$$EnhancerBySpringCGLIB$$4d10c352 [main] Door-in RestController : boolean com.sapient.service.CategoryImpl.isCategoryExists(Category)
2020-04-06 14:15:25,959 INFO com.sapient.aspect.UserAspect$$EnhancerBySpringCGLIB$$dbd367f4 [main] before execution of execution(boolean com.sapient.service.CategoryImpl.isCategoryExists(Category))
2020-04-06 14:15:25,960 DEBUG com.sapient.aspect.MessageAspect$$EnhancerBySpringCGLIB$$4d10c352 [main] Door-out RestController : boolean com.sapient.service.CategoryImpl.isCategoryExists(Category) : without error : returned :true : with Arguments : [] 
2020-04-06 14:15:25,964 DEBUG com.sapient.aspect.MessageAspect$$EnhancerBySpringCGLIB$$4d10c352 [main] Door-in RestController : boolean com.sapient.service.CategoryImpl.isCategoryExists(Category)
2020-04-06 14:15:25,965 INFO com.sapient.aspect.UserAspect$$EnhancerBySpringCGLIB$$dbd367f4 [main] before execution of execution(boolean com.sapient.service.CategoryImpl.isCategoryExists(Category))
2020-04-06 14:15:25,965 DEBUG com.sapient.aspect.MessageAspect$$EnhancerBySpringCGLIB$$4d10c352 [main] Door-out RestController : boolean com.sapient.service.CategoryImpl.isCategoryExists(Category) : without error : returned :false : with Arguments : [] 
2020-04-06 14:15:25,970 DEBUG com.sapient.aspect.MessageAspect$$EnhancerBySpringCGLIB$$4d10c352 [main] Door-in RestController : Category com.sapient.service.CategoryImpl.getCategoryById(Integer)
2020-04-06 14:15:25,970 INFO com.sapient.aspect.UserAspect$$EnhancerBySpringCGLIB$$dbd367f4 [main] before execution of execution(Category com.sapient.service.CategoryImpl.getCategoryById(Integer))
2020-04-06 14:15:25,970 DEBUG com.sapient.aspect.MessageAspect$$EnhancerBySpringCGLIB$$4d10c352 [main] Door-out RestController : Category com.sapient.service.CategoryImpl.getCategoryById(Integer) : without error : returned : : with Arguments : [1] 
2020-04-06 14:15:26,018 INFO com.sapient.service.InstituteImplTest [main] Starting InstituteImplTest on WKWIN6139632 with PID 30196 (started by akasingh9 in C:\Users\akasingh9\Desktop\MicroServicesPractice\user-management-trial-4)
2020-04-06 14:15:26,018 DEBUG com.sapient.service.InstituteImplTest [main] Running with Spring Boot v2.2.5.RELEASE, Spring v5.2.4.RELEASE
2020-04-06 14:15:26,018 INFO com.sapient.service.InstituteImplTest [main] No active profile set, falling back to default profiles: default
2020-04-06 14:15:29,153 DEBUG com.sapient.aspect.MessageAspect$$EnhancerBySpringCGLIB$$4d10c352 [main] Door-in RestController : Docket com.sapient.user_management.UserManagementApplication.api()
2020-04-06 14:15:29,153 DEBUG com.sapient.aspect.MessageAspect$$EnhancerBySpringCGLIB$$4d10c352 [main] Door-out RestController : Docket com.sapient.user_management.UserManagementApplication.api() : without error : returned :springfox.documentation.spring.web.plugins.Docket@3284a02f : with Arguments : 
2020-04-06 14:15:29,432 INFO com.sapient.service.InstituteImplTest [main] Started InstituteImplTest in 3.456 seconds (JVM running for 35.992)
2020-04-06 14:15:29,436 DEBUG com.sapient.aspect.MessageAspect$$EnhancerBySpringCGLIB$$4d10c352 [main] Door-in RestController : Institute com.sapient.service.InstituteImpl.addNewInstitute(Institute)
2020-04-06 14:15:29,436 INFO com.sapient.aspect.UserAspect$$EnhancerBySpringCGLIB$$dbd367f4 [main] before execution of execution(Institute com.sapient.service.InstituteImpl.addNewInstitute(Institute))
2020-04-06 14:15:29,441 DEBUG com.sapient.aspect.MessageAspect$$EnhancerBySpringCGLIB$$4d10c352 [main] Door-out RestController : Institute com.sapient.service.InstituteImpl.addNewInstitute(Institute) : without error : returned : : with Arguments : [] 
2020-04-06 14:15:29,450 DEBUG com.sapient.aspect.MessageAspect$$EnhancerBySpringCGLIB$$4d10c352 [main] Door-in RestController : Institute com.sapient.service.InstituteImpl.getInstituteById(Integer)
2020-04-06 14:15:29,450 INFO com.sapient.aspect.UserAspect$$EnhancerBySpringCGLIB$$dbd367f4 [main] before execution of execution(Institute com.sapient.service.InstituteImpl.getInstituteById(Integer))
2020-04-06 14:15:29,451 DEBUG com.sapient.aspect.MessageAspect$$EnhancerBySpringCGLIB$$4d10c352 [main] Door-out RestController : Institute com.sapient.service.InstituteImpl.getInstituteById(Integer) : without error : returned : : with Arguments : [1] 
2020-04-06 14:15:29,488 INFO com.sapient.service.RoleImplTest [main] Starting RoleImplTest on WKWIN6139632 with PID 30196 (started by akasingh9 in C:\Users\akasingh9\Desktop\MicroServicesPractice\user-management-trial-4)
2020-04-06 14:15:29,488 DEBUG com.sapient.service.RoleImplTest [main] Running with Spring Boot v2.2.5.RELEASE, Spring v5.2.4.RELEASE
2020-04-06 14:15:29,488 INFO com.sapient.service.RoleImplTest [main] No active profile set, falling back to default profiles: default
2020-04-06 14:15:32,581 DEBUG com.sapient.aspect.MessageAspect$$EnhancerBySpringCGLIB$$4d10c352 [main] Door-in RestController : Docket com.sapient.user_management.UserManagementApplication.api()
2020-04-06 14:15:32,582 DEBUG com.sapient.aspect.MessageAspect$$EnhancerBySpringCGLIB$$4d10c352 [main] Door-out RestController : Docket com.sapient.user_management.UserManagementApplication.api() : without error : returned :springfox.documentation.spring.web.plugins.Docket@6d54bb1 : with Arguments : 
2020-04-06 14:15:32,866 INFO com.sapient.service.RoleImplTest [main] Started RoleImplTest in 3.41 seconds (JVM running for 39.426)
2020-04-06 14:15:32,871 DEBUG com.sapient.aspect.MessageAspect$$EnhancerBySpringCGLIB$$4d10c352 [main] Door-in RestController : String com.sapient.service.RoleImpl.deleteRole(Role)
2020-04-06 14:15:32,871 INFO com.sapient.aspect.UserAspect$$EnhancerBySpringCGLIB$$dbd367f4 [main] before execution of execution(String com.sapient.service.RoleImpl.deleteRole(Role))
2020-04-06 14:15:32,876 DEBUG com.sapient.aspect.MessageAspect$$EnhancerBySpringCGLIB$$4d10c352 [main] Door-out RestController : String com.sapient.service.RoleImpl.deleteRole(Role) : without error : returned :Role Deleted : with Arguments : [] 
2020-04-06 14:15:32,881 DEBUG com.sapient.aspect.MessageAspect$$EnhancerBySpringCGLIB$$4d10c352 [main] Door-in RestController : String com.sapient.service.RoleImpl.addNewRole(Role)
2020-04-06 14:15:32,881 INFO com.sapient.aspect.UserAspect$$EnhancerBySpringCGLIB$$dbd367f4 [main] before execution of execution(String com.sapient.service.RoleImpl.addNewRole(Role))
2020-04-06 14:15:32,881 DEBUG com.sapient.aspect.MessageAspect$$EnhancerBySpringCGLIB$$4d10c352 [main] Door-out RestController : String com.sapient.service.RoleImpl.addNewRole(Role) : without error : returned :Admin : with Arguments : [] 
2020-04-06 14:15:32,885 DEBUG com.sapient.aspect.MessageAspect$$EnhancerBySpringCGLIB$$4d10c352 [main] Door-in RestController : ArrayList com.sapient.service.RoleImpl.getAllRoles()
2020-04-06 14:15:32,885 INFO com.sapient.aspect.UserAspect$$EnhancerBySpringCGLIB$$dbd367f4 [main] before execution of execution(ArrayList com.sapient.service.RoleImpl.getAllRoles())
2020-04-06 14:15:32,886 DEBUG com.sapient.aspect.MessageAspect$$EnhancerBySpringCGLIB$$4d10c352 [main] Door-out RestController : ArrayList com.sapient.service.RoleImpl.getAllRoles() : without error : returned :[] : with Arguments : 
2020-04-06 14:15:32,890 DEBUG com.sapient.aspect.MessageAspect$$EnhancerBySpringCGLIB$$4d10c352 [main] Door-in RestController : Role com.sapient.service.RoleImpl.getRoleById(Integer)
2020-04-06 14:15:32,890 INFO com.sapient.aspect.UserAspect$$EnhancerBySpringCGLIB$$dbd367f4 [main] before execution of execution(Role com.sapient.service.RoleImpl.getRoleById(Integer))
2020-04-06 14:15:32,890 DEBUG com.sapient.aspect.MessageAspect$$EnhancerBySpringCGLIB$$4d10c352 [main] Door-out RestController : Role com.sapient.service.RoleImpl.getRoleById(Integer) : without error : returned : : with Arguments : [1] 
2020-04-06 14:15:32,926 INFO com.sapient.service.UniversityImplTest [main] Starting UniversityImplTest on WKWIN6139632 with PID 30196 (started by akasingh9 in C:\Users\akasingh9\Desktop\MicroServicesPractice\user-management-trial-4)
2020-04-06 14:15:32,926 DEBUG com.sapient.service.UniversityImplTest [main] Running with Spring Boot v2.2.5.RELEASE, Spring v5.2.4.RELEASE
2020-04-06 14:15:32,927 INFO com.sapient.service.UniversityImplTest [main] No active profile set, falling back to default profiles: default
2020-04-06 14:15:36,338 DEBUG com.sapient.aspect.MessageAspect$$EnhancerBySpringCGLIB$$4d10c352 [main] Door-in RestController : Docket com.sapient.user_management.UserManagementApplication.api()
2020-04-06 14:15:36,338 DEBUG com.sapient.aspect.MessageAspect$$EnhancerBySpringCGLIB$$4d10c352 [main] Door-out RestController : Docket com.sapient.user_management.UserManagementApplication.api() : without error : returned :springfox.documentation.spring.web.plugins.Docket@53eb6ac5 : with Arguments : 
2020-04-06 14:15:36,680 INFO com.sapient.service.UniversityImplTest [main] Started UniversityImplTest in 3.785 seconds (JVM running for 43.24)
2020-04-06 14:15:36,685 DEBUG com.sapient.aspect.MessageAspect$$EnhancerBySpringCGLIB$$4d10c352 [main] Door-in RestController : University com.sapient.service.UniversityImpl.addNewUniversity(University)
2020-04-06 14:15:36,686 INFO com.sapient.aspect.UserAspect$$EnhancerBySpringCGLIB$$dbd367f4 [main] before execution of execution(University com.sapient.service.UniversityImpl.addNewUniversity(University))
2020-04-06 14:15:36,690 DEBUG com.sapient.aspect.MessageAspect$$EnhancerBySpringCGLIB$$4d10c352 [main] Door-out RestController : University com.sapient.service.UniversityImpl.addNewUniversity(University) : without error : returned : : with Arguments : [] 
2020-04-06 14:15:36,725 INFO com.sapient.service.UserImplTest [main] Starting UserImplTest on WKWIN6139632 with PID 30196 (started by akasingh9 in C:\Users\akasingh9\Desktop\MicroServicesPractice\user-management-trial-4)
2020-04-06 14:15:36,726 DEBUG com.sapient.service.UserImplTest [main] Running with Spring Boot v2.2.5.RELEASE, Spring v5.2.4.RELEASE
2020-04-06 14:15:36,726 INFO com.sapient.service.UserImplTest [main] No active profile set, falling back to default profiles: default
2020-04-06 14:15:40,016 DEBUG com.sapient.aspect.MessageAspect$$EnhancerBySpringCGLIB$$4d10c352 [main] Door-in RestController : Docket com.sapient.user_management.UserManagementApplication.api()
2020-04-06 14:15:40,016 DEBUG com.sapient.aspect.MessageAspect$$EnhancerBySpringCGLIB$$4d10c352 [main] Door-out RestController : Docket com.sapient.user_management.UserManagementApplication.api() : without error : returned :springfox.documentation.spring.web.plugins.Docket@6b72226a : with Arguments : 
2020-04-06 14:15:40,396 INFO com.sapient.service.UserImplTest [main] Started UserImplTest in 3.701 seconds (JVM running for 46.956)
2020-04-06 14:15:40,408 DEBUG com.sapient.aspect.MessageAspect$$EnhancerBySpringCGLIB$$4d10c352 [main] Door-in RestController : String com.sapient.service.UserImpl.deleteUser(User)
2020-04-06 14:15:40,408 INFO com.sapient.aspect.UserAspect$$EnhancerBySpringCGLIB$$dbd367f4 [main] before execution of execution(String com.sapient.service.UserImpl.deleteUser(User))
2020-04-06 14:15:40,421 DEBUG com.sapient.aspect.MessageAspect$$EnhancerBySpringCGLIB$$4d10c352 [main] Door-out RestController : String com.sapient.service.UserImpl.deleteUser(User) : without error : returned :User Deleted : with Arguments : [] 
2020-04-06 14:15:40,427 DEBUG com.sapient.aspect.MessageAspect$$EnhancerBySpringCGLIB$$4d10c352 [main] Door-in RestController : Integer com.sapient.service.UserImpl.addNewUser(User)
2020-04-06 14:15:40,427 INFO com.sapient.aspect.UserAspect$$EnhancerBySpringCGLIB$$dbd367f4 [main] before execution of execution(Integer com.sapient.service.UserImpl.addNewUser(User))
2020-04-06 14:15:40,544 DEBUG com.sapient.aspect.MessageAspect$$EnhancerBySpringCGLIB$$4d10c352 [main] Door-in RestController : Object org.springframework.data.repository.CrudRepository.save(Object)
2020-04-06 14:15:40,633 ERROR org.hibernate.engine.jdbc.spi.SqlExceptionHelper [main] ERROR: duplicate key value violates unique constraint "uk_8yv0ygjennfmftgiiqfqyhq5o"
  Detail: Key (email)=(prem@abc.in) already exists.
2020-04-06 14:15:40,645 INFO com.sapient.aspect.UserAspect [main] Invalid CustomerId. Exception Thrown by save
2020-04-06 14:15:40,645 ERROR com.sapient.aspect.MessageAspect$$EnhancerBySpringCGLIB$$4d10c352 [main] Message Not Found
2020-04-06 14:15:40,646 DEBUG com.sapient.aspect.MessageAspect$$EnhancerBySpringCGLIB$$4d10c352 [main] Door-out RestController : Integer com.sapient.service.UserImpl.addNewUser(User) : without error : returned :1 : with Arguments : [] 
2020-04-06 14:15:40,652 DEBUG com.sapient.aspect.MessageAspect$$EnhancerBySpringCGLIB$$4d10c352 [main] Door-in RestController : ArrayList com.sapient.service.UserImpl.getUserWithAllRoles(String)
2020-04-06 14:15:40,652 INFO com.sapient.aspect.UserAspect$$EnhancerBySpringCGLIB$$dbd367f4 [main] before execution of execution(ArrayList com.sapient.service.UserImpl.getUserWithAllRoles(String))
2020-04-06 14:15:40,653 DEBUG com.sapient.aspect.MessageAspect$$EnhancerBySpringCGLIB$$4d10c352 [main] Door-out RestController : ArrayList com.sapient.service.UserImpl.getUserWithAllRoles(String) : without error : returned :[] : with Arguments : [prem@abc.in] 
2020-04-06 14:15:40,659 DEBUG com.sapient.aspect.MessageAspect$$EnhancerBySpringCGLIB$$4d10c352 [main] Door-in RestController : ArrayList com.sapient.service.UserImpl.getUserByRole(String)
2020-04-06 14:15:40,660 INFO com.sapient.aspect.UserAspect$$EnhancerBySpringCGLIB$$dbd367f4 [main] before execution of execution(ArrayList com.sapient.service.UserImpl.getUserByRole(String))
2020-04-06 14:15:40,660 DEBUG com.sapient.aspect.MessageAspect$$EnhancerBySpringCGLIB$$4d10c352 [main] Door-out RestController : ArrayList com.sapient.service.UserImpl.getUserByRole(String) : without error : returned :[] : with Arguments : [Admin] 
2020-04-06 14:15:40,667 DEBUG com.sapient.aspect.MessageAspect$$EnhancerBySpringCGLIB$$4d10c352 [main] Door-in RestController : boolean com.sapient.service.UserImpl.isUserValid(String)
2020-04-06 14:15:40,668 INFO com.sapient.aspect.UserAspect$$EnhancerBySpringCGLIB$$dbd367f4 [main] before execution of execution(boolean com.sapient.service.UserImpl.isUserValid(String))
2020-04-06 14:15:40,668 DEBUG com.sapient.aspect.MessageAspect$$EnhancerBySpringCGLIB$$4d10c352 [main] Door-out RestController : boolean com.sapient.service.UserImpl.isUserValid(String) : without error : returned :false : with Arguments : [prem@abc.in] 
2020-04-06 14:15:40,676 DEBUG com.sapient.aspect.MessageAspect$$EnhancerBySpringCGLIB$$4d10c352 [main] Door-in RestController : ArrayList com.sapient.service.UserImpl.getAllUsers()
2020-04-06 14:15:40,676 INFO com.sapient.aspect.UserAspect$$EnhancerBySpringCGLIB$$dbd367f4 [main] before execution of execution(ArrayList com.sapient.service.UserImpl.getAllUsers())
2020-04-06 14:15:40,677 DEBUG com.sapient.aspect.MessageAspect$$EnhancerBySpringCGLIB$$4d10c352 [main] Door-out RestController : ArrayList com.sapient.service.UserImpl.getAllUsers() : without error : returned :[] : with Arguments : 
2020-04-06 14:15:40,687 DEBUG com.sapient.aspect.MessageAspect$$EnhancerBySpringCGLIB$$4d10c352 [main] Door-in RestController : ArrayList com.sapient.service.UserImpl.searchUserByQuery(String)
2020-04-06 14:15:40,687 INFO com.sapient.aspect.UserAspect$$EnhancerBySpringCGLIB$$dbd367f4 [main] before execution of execution(ArrayList com.sapient.service.UserImpl.searchUserByQuery(String))
2020-04-06 14:15:40,688 DEBUG com.sapient.aspect.MessageAspect$$EnhancerBySpringCGLIB$$4d10c352 [main] Door-out RestController : ArrayList com.sapient.service.UserImpl.searchUserByQuery(String) : without error : returned :[] : with Arguments : [prem] 
2020-04-06 14:15:40,697 DEBUG com.sapient.aspect.MessageAspect$$EnhancerBySpringCGLIB$$4d10c352 [main] Door-in RestController : ArrayList com.sapient.service.UserImpl.getAllUsersByBatchId(Integer)
2020-04-06 14:15:40,697 INFO com.sapient.aspect.UserAspect$$EnhancerBySpringCGLIB$$dbd367f4 [main] before execution of execution(ArrayList com.sapient.service.UserImpl.getAllUsersByBatchId(Integer))
2020-04-06 14:15:40,697 DEBUG com.sapient.aspect.MessageAspect$$EnhancerBySpringCGLIB$$4d10c352 [main] Door-out RestController : ArrayList com.sapient.service.UserImpl.getAllUsersByBatchId(Integer) : without error : returned :[] : with Arguments : [1] 
2020-04-06 14:15:40,710 DEBUG com.sapient.aspect.MessageAspect$$EnhancerBySpringCGLIB$$4d10c352 [main] Door-in RestController : ArrayList com.sapient.service.UserImpl.searchUserByMobile(long)
2020-04-06 14:15:40,710 INFO com.sapient.aspect.UserAspect$$EnhancerBySpringCGLIB$$dbd367f4 [main] before execution of execution(ArrayList com.sapient.service.UserImpl.searchUserByMobile(long))
2020-04-06 14:15:40,711 DEBUG com.sapient.aspect.MessageAspect$$EnhancerBySpringCGLIB$$4d10c352 [main] Door-out RestController : ArrayList com.sapient.service.UserImpl.searchUserByMobile(long) : without error : returned :[] : with Arguments : [7550181] 
2020-04-06 14:15:40,730 DEBUG com.sapient.aspect.MessageAspect$$EnhancerBySpringCGLIB$$4d10c352 [main] Door-in RestController : User com.sapient.service.UserImpl.getUserByEmail(String)
2020-04-06 14:15:40,730 INFO com.sapient.aspect.UserAspect$$EnhancerBySpringCGLIB$$dbd367f4 [main] before execution of execution(User com.sapient.service.UserImpl.getUserByEmail(String))
2020-04-06 14:15:40,731 DEBUG com.sapient.aspect.MessageAspect$$EnhancerBySpringCGLIB$$4d10c352 [main] Door-out RestController : User com.sapient.service.UserImpl.getUserByEmail(String) : without error : returned : : with Arguments : [prem@abc.in] 
2020-04-06 14:15:40,736 DEBUG com.sapient.aspect.MessageAspect$$EnhancerBySpringCGLIB$$4d10c352 [main] Door-in RestController : boolean com.sapient.service.UserImpl.isUserValid(String)
2020-04-06 14:15:40,736 INFO com.sapient.aspect.UserAspect$$EnhancerBySpringCGLIB$$dbd367f4 [main] before execution of execution(boolean com.sapient.service.UserImpl.isUserValid(String))
2020-04-06 14:15:40,737 DEBUG com.sapient.aspect.MessageAspect$$EnhancerBySpringCGLIB$$4d10c352 [main] Door-out RestController : boolean com.sapient.service.UserImpl.isUserValid(String) : without error : returned :true : with Arguments : [asdas@gmail.com] 
2020-04-06 14:15:40,745 DEBUG com.sapient.aspect.MessageAspect$$EnhancerBySpringCGLIB$$4d10c352 [main] Door-in RestController : ArrayList com.sapient.service.UserImpl.getAllUsersByBatchIdAndCategoryId(Integer,Integer)
2020-04-06 14:15:40,746 INFO com.sapient.aspect.UserAspect$$EnhancerBySpringCGLIB$$dbd367f4 [main] before execution of execution(ArrayList com.sapient.service.UserImpl.getAllUsersByBatchIdAndCategoryId(Integer,Integer))
2020-04-06 14:15:40,746 DEBUG com.sapient.aspect.MessageAspect$$EnhancerBySpringCGLIB$$4d10c352 [main] Door-out RestController : ArrayList com.sapient.service.UserImpl.getAllUsersByBatchIdAndCategoryId(Integer,Integer) : without error : returned :[] : with Arguments : [1] [1] 
2020-04-06 14:15:40,752 DEBUG com.sapient.aspect.MessageAspect$$EnhancerBySpringCGLIB$$4d10c352 [main] Door-in RestController : User com.sapient.service.UserImpl.getUserById(Integer)
2020-04-06 14:15:40,752 INFO com.sapient.aspect.UserAspect$$EnhancerBySpringCGLIB$$dbd367f4 [main] before execution of execution(User com.sapient.service.UserImpl.getUserById(Integer))
2020-04-06 14:15:40,753 DEBUG com.sapient.aspect.MessageAspect$$EnhancerBySpringCGLIB$$4d10c352 [main] Door-out RestController : User com.sapient.service.UserImpl.getUserById(Integer) : without error : returned : : with Arguments : [1] 
2020-04-06 14:15:40,792 INFO com.sapient.service.UserRoleImplTest [main] Starting UserRoleImplTest on WKWIN6139632 with PID 30196 (started by akasingh9 in C:\Users\akasingh9\Desktop\MicroServicesPractice\user-management-trial-4)
2020-04-06 14:15:40,792 DEBUG com.sapient.service.UserRoleImplTest [main] Running with Spring Boot v2.2.5.RELEASE, Spring v5.2.4.RELEASE
2020-04-06 14:15:40,792 INFO com.sapient.service.UserRoleImplTest [main] No active profile set, falling back to default profiles: default
2020-04-06 14:15:44,194 DEBUG com.sapient.aspect.MessageAspect$$EnhancerBySpringCGLIB$$4d10c352 [main] Door-in RestController : Docket com.sapient.user_management.UserManagementApplication.api()
2020-04-06 14:15:44,194 DEBUG com.sapient.aspect.MessageAspect$$EnhancerBySpringCGLIB$$4d10c352 [main] Door-out RestController : Docket com.sapient.user_management.UserManagementApplication.api() : without error : returned :springfox.documentation.spring.web.plugins.Docket@356feae3 : with Arguments : 
2020-04-06 14:15:44,466 INFO com.sapient.service.UserRoleImplTest [main] Started UserRoleImplTest in 3.709 seconds (JVM running for 51.026)
2020-04-06 14:15:44,471 DEBUG com.sapient.aspect.MessageAspect$$EnhancerBySpringCGLIB$$4d10c352 [main] Door-in RestController : Integer com.sapient.service.UserRoleImpl.addNewUserRole(UserRole)
2020-04-06 14:15:44,471 INFO com.sapient.aspect.UserAspect$$EnhancerBySpringCGLIB$$dbd367f4 [main] before execution of execution(Integer com.sapient.service.UserRoleImpl.addNewUserRole(UserRole))
2020-04-06 14:15:44,476 DEBUG com.sapient.aspect.MessageAspect$$EnhancerBySpringCGLIB$$4d10c352 [main] Door-out RestController : Integer com.sapient.service.UserRoleImpl.addNewUserRole(UserRole) : without error : returned :1 : with Arguments : [com.sapient.model.UserRole@abf4b39] 
