2020-04-02 18:51:18,701 INFO com.sapient.user_management.UserManagementApplication [restartedMain] Starting UserManagementApplication on WKWIN6139632 with PID 9792 (C:\Users\akasingh9\Desktop\MicroServicesPractice\user-management-trial-4\target\classes started by akasingh9 in C:\Users\akasingh9\Desktop\MicroServicesPractice\user-management-trial-4)
2020-04-02 18:51:18,704 DEBUG com.sapient.user_management.UserManagementApplication [restartedMain] Running with Spring Boot v2.2.5.RELEASE, Spring v5.2.4.RELEASE
2020-04-02 18:51:18,705 INFO com.sapient.user_management.UserManagementApplication [restartedMain] No active profile set, falling back to default profiles: default
2020-04-02 18:51:28,301 DEBUG com.sapient.aspect.MessageAspect$$EnhancerBySpringCGLIB$$70d22e26 [restartedMain] Door-in RestController : Docket com.sapient.user_management.UserManagementApplication.api()
2020-04-02 18:51:28,324 DEBUG com.sapient.aspect.MessageAspect$$EnhancerBySpringCGLIB$$70d22e26 [restartedMain] Door-out RestController : Docket com.sapient.user_management.UserManagementApplication.api() : without error : returned :springfox.documentation.spring.web.plugins.Docket@5969eb0b : with Arguments : 
2020-04-02 18:51:29,767 INFO com.sapient.user_management.UserManagementApplication [restartedMain] Started UserManagementApplication in 11.655 seconds (JVM running for 12.65)
2020-04-02 18:51:55,437 DEBUG com.sapient.aspect.MessageAspect$$EnhancerBySpringCGLIB$$70d22e26 [http-nio-6769-exec-2] Door-in RestController : Object com.sapient.controller.UserController.addNew(UserRoleObject)
2020-04-02 18:51:55,444 DEBUG com.sapient.aspect.MessageAspect$$EnhancerBySpringCGLIB$$70d22e26 [http-nio-6769-exec-2] Door-in RestController : Integer com.sapient.service.UserImpl.addNewUser(User)
2020-04-02 18:51:55,445 INFO com.sapient.aspect.UserAspect$$EnhancerBySpringCGLIB$$ff94d2c8 [http-nio-6769-exec-2] before execution of execution(Integer com.sapient.service.UserImpl.addNewUser(User))
2020-04-02 18:51:55,461 DEBUG com.sapient.aspect.MessageAspect$$EnhancerBySpringCGLIB$$70d22e26 [http-nio-6769-exec-2] Door-in RestController : Object org.springframework.data.repository.CrudRepository.save(Object)
2020-04-02 18:51:55,545 INFO com.sapient.aspect.UserAspect$$EnhancerBySpringCGLIB$$ff94d2c8 [http-nio-6769-exec-2] execution(Object org.springframework.data.repository.CrudRepository.save(Object)) returned with value 
2020-04-02 18:51:55,545 DEBUG com.sapient.aspect.MessageAspect$$EnhancerBySpringCGLIB$$70d22e26 [http-nio-6769-exec-2] Door-out RestController : Object org.springframework.data.repository.CrudRepository.save(Object) : without error : returned : : with Arguments : [] 
2020-04-02 18:51:55,545 ERROR com.sapient.aspect.MessageAspect$$EnhancerBySpringCGLIB$$70d22e26 [http-nio-6769-exec-2] Message Not Found
2020-04-02 18:51:55,546 DEBUG com.sapient.aspect.MessageAspect$$EnhancerBySpringCGLIB$$70d22e26 [http-nio-6769-exec-2] Door-in RestController : User com.sapient.service.UserImpl.getUserById(Integer)
2020-04-02 18:51:55,546 INFO com.sapient.aspect.UserAspect$$EnhancerBySpringCGLIB$$ff94d2c8 [http-nio-6769-exec-2] before execution of execution(User com.sapient.service.UserImpl.getUserById(Integer))
2020-04-02 18:51:55,546 DEBUG com.sapient.aspect.MessageAspect$$EnhancerBySpringCGLIB$$70d22e26 [http-nio-6769-exec-2] Door-in RestController : Optional org.springframework.data.repository.CrudRepository.findById(Object)
2020-04-02 18:51:55,556 INFO com.sapient.aspect.UserAspect [http-nio-6769-exec-2] Invalid CustomerId. Exception Thrown by findById
2020-04-02 18:51:55,556 ERROR com.sapient.aspect.MessageAspect$$EnhancerBySpringCGLIB$$70d22e26 [http-nio-6769-exec-2] Message Not Found
2020-04-02 18:51:55,556 ERROR com.sapient.aspect.MessageAspect$$EnhancerBySpringCGLIB$$70d22e26 [http-nio-6769-exec-2] Message Not Found
2020-04-02 18:51:55,556 DEBUG com.sapient.aspect.MessageAspect$$EnhancerBySpringCGLIB$$70d22e26 [http-nio-6769-exec-2] Door-in RestController : Role com.sapient.service.RoleImpl.getRoleById(Integer)
2020-04-02 18:51:55,556 INFO com.sapient.aspect.UserAspect$$EnhancerBySpringCGLIB$$ff94d2c8 [http-nio-6769-exec-2] before execution of execution(Role com.sapient.service.RoleImpl.getRoleById(Integer))
2020-04-02 18:51:55,563 DEBUG com.sapient.aspect.MessageAspect$$EnhancerBySpringCGLIB$$70d22e26 [http-nio-6769-exec-2] Door-in RestController : Optional org.springframework.data.repository.CrudRepository.findById(Object)
2020-04-02 18:51:55,587 INFO com.sapient.aspect.UserAspect$$EnhancerBySpringCGLIB$$ff94d2c8 [http-nio-6769-exec-2] execution(Optional org.springframework.data.repository.CrudRepository.findById(Object)) returned with value Optional[]
2020-04-02 18:51:55,587 DEBUG com.sapient.aspect.MessageAspect$$EnhancerBySpringCGLIB$$70d22e26 [http-nio-6769-exec-2] Door-out RestController : Optional org.springframework.data.repository.CrudRepository.findById(Object) : without error : returned :Optional[] : with Arguments : [2] 
2020-04-02 18:51:55,587 DEBUG com.sapient.aspect.MessageAspect$$EnhancerBySpringCGLIB$$70d22e26 [http-nio-6769-exec-2] Door-out RestController : Role com.sapient.service.RoleImpl.getRoleById(Integer) : without error : returned : : with Arguments : [2] 
2020-04-02 18:51:55,587 DEBUG com.sapient.aspect.MessageAspect$$EnhancerBySpringCGLIB$$70d22e26 [http-nio-6769-exec-2] Door-in RestController : Integer com.sapient.service.UserRoleImpl.addNewUserRole(UserRole)
2020-04-02 18:51:55,587 INFO com.sapient.aspect.UserAspect$$EnhancerBySpringCGLIB$$ff94d2c8 [http-nio-6769-exec-2] before execution of execution(Integer com.sapient.service.UserRoleImpl.addNewUserRole(UserRole))
2020-04-02 18:51:55,593 DEBUG com.sapient.aspect.MessageAspect$$EnhancerBySpringCGLIB$$70d22e26 [http-nio-6769-exec-2] Door-in RestController : Object org.springframework.data.repository.CrudRepository.save(Object)
2020-04-02 18:51:55,601 INFO com.sapient.aspect.UserAspect$$EnhancerBySpringCGLIB$$ff94d2c8 [http-nio-6769-exec-2] execution(Object org.springframework.data.repository.CrudRepository.save(Object)) returned with value com.sapient.model.UserRole@43f5c31
2020-04-02 18:51:55,602 DEBUG com.sapient.aspect.MessageAspect$$EnhancerBySpringCGLIB$$70d22e26 [http-nio-6769-exec-2] Door-out RestController : Object org.springframework.data.repository.CrudRepository.save(Object) : without error : returned :com.sapient.model.UserRole@43f5c31 : with Arguments : [com.sapient.model.UserRole@43f5c31] 
2020-04-02 18:51:55,602 DEBUG com.sapient.aspect.MessageAspect$$EnhancerBySpringCGLIB$$70d22e26 [http-nio-6769-exec-2] Door-out RestController : Integer com.sapient.service.UserRoleImpl.addNewUserRole(UserRole) : without error : returned :9 : with Arguments : [com.sapient.model.UserRole@43f5c31] 
2020-04-02 18:51:55,604 DEBUG com.sapient.aspect.MessageAspect$$EnhancerBySpringCGLIB$$70d22e26 [http-nio-6769-exec-2] Door-out RestController : Object com.sapient.controller.UserController.addNew(UserRoleObject) : without error : returned :<200 OK OK,[9],[]> : with Arguments : [com.sapient.controller.UserRoleObject@148e032d] 
2020-04-02 19:02:40,371 INFO com.sapient.user_management.UserManagementApplication [restartedMain] Starting UserManagementApplication on WKWIN6139632 with PID 9792 (C:\Users\akasingh9\Desktop\MicroServicesPractice\user-management-trial-4\target\classes started by akasingh9 in C:\Users\akasingh9\Desktop\MicroServicesPractice\user-management-trial-4)
2020-04-02 19:02:40,371 DEBUG com.sapient.user_management.UserManagementApplication [restartedMain] Running with Spring Boot v2.2.5.RELEASE, Spring v5.2.4.RELEASE
2020-04-02 19:02:40,371 INFO com.sapient.user_management.UserManagementApplication [restartedMain] No active profile set, falling back to default profiles: default
2020-04-02 19:02:43,506 DEBUG com.sapient.aspect.MessageAspect$$EnhancerBySpringCGLIB$$70d22e26 [restartedMain] Door-in RestController : Docket com.sapient.user_management.UserManagementApplication.api()
2020-04-02 19:02:43,512 DEBUG com.sapient.aspect.MessageAspect$$EnhancerBySpringCGLIB$$70d22e26 [restartedMain] Door-out RestController : Docket com.sapient.user_management.UserManagementApplication.api() : without error : returned :springfox.documentation.spring.web.plugins.Docket@18c447dc : with Arguments : 
2020-04-02 19:02:44,021 INFO com.sapient.user_management.UserManagementApplication [restartedMain] Started UserManagementApplication in 3.697 seconds (JVM running for 686.904)
2020-04-02 19:08:02,917 INFO com.sapient.user_management.UserManagementApplication [restartedMain] Starting UserManagementApplication on WKWIN6139632 with PID 4088 (C:\Users\akasingh9\Desktop\MicroServicesPractice\user-management-trial-4\target\classes started by akasingh9 in C:\Users\akasingh9\Desktop\MicroServicesPractice\user-management-trial-4)
2020-04-02 19:08:02,920 DEBUG com.sapient.user_management.UserManagementApplication [restartedMain] Running with Spring Boot v2.2.5.RELEASE, Spring v5.2.4.RELEASE
2020-04-02 19:08:02,921 INFO com.sapient.user_management.UserManagementApplication [restartedMain] No active profile set, falling back to default profiles: default
2020-04-02 19:08:11,453 DEBUG com.sapient.aspect.MessageAspect$$EnhancerBySpringCGLIB$$f493ee07 [restartedMain] Door-in RestController : Docket com.sapient.user_management.UserManagementApplication.api()
2020-04-02 19:08:11,474 DEBUG com.sapient.aspect.MessageAspect$$EnhancerBySpringCGLIB$$f493ee07 [restartedMain] Door-out RestController : Docket com.sapient.user_management.UserManagementApplication.api() : without error : returned :springfox.documentation.spring.web.plugins.Docket@5feeb89 : with Arguments : 
2020-04-02 19:08:13,003 INFO com.sapient.user_management.UserManagementApplication [restartedMain] Started UserManagementApplication in 10.498 seconds (JVM running for 11.263)
2020-04-02 19:09:05,868 DEBUG com.sapient.aspect.MessageAspect$$EnhancerBySpringCGLIB$$f493ee07 [http-nio-6769-exec-1] Door-in RestController : Object com.sapient.controller.UserController.addNew(UserRoleObject)
2020-04-02 19:09:05,876 DEBUG com.sapient.aspect.MessageAspect$$EnhancerBySpringCGLIB$$f493ee07 [http-nio-6769-exec-1] Door-in RestController : Integer com.sapient.service.UserImpl.addNewUser(User)
2020-04-02 19:09:05,878 INFO com.sapient.aspect.UserAspect$$EnhancerBySpringCGLIB$$835692a9 [http-nio-6769-exec-1] before execution of execution(Integer com.sapient.service.UserImpl.addNewUser(User))
2020-04-02 19:09:05,896 DEBUG com.sapient.aspect.MessageAspect$$EnhancerBySpringCGLIB$$f493ee07 [http-nio-6769-exec-1] Door-in RestController : Object org.springframework.data.repository.CrudRepository.save(Object)
2020-04-02 19:09:05,983 INFO com.sapient.aspect.UserAspect$$EnhancerBySpringCGLIB$$835692a9 [http-nio-6769-exec-1] execution(Object org.springframework.data.repository.CrudRepository.save(Object)) returned with value 
2020-04-02 19:09:05,983 DEBUG com.sapient.aspect.MessageAspect$$EnhancerBySpringCGLIB$$f493ee07 [http-nio-6769-exec-1] Door-out RestController : Object org.springframework.data.repository.CrudRepository.save(Object) : without error : returned : : with Arguments : [] 
2020-04-02 19:09:05,984 DEBUG com.sapient.aspect.MessageAspect$$EnhancerBySpringCGLIB$$f493ee07 [http-nio-6769-exec-1] Door-in RestController : Object org.springframework.data.repository.CrudRepository.save(Object)
2020-04-02 19:09:05,991 INFO com.sapient.aspect.UserAspect$$EnhancerBySpringCGLIB$$835692a9 [http-nio-6769-exec-1] execution(Object org.springframework.data.repository.CrudRepository.save(Object)) returned with value com.sapient.model.UserCredentials@7e165a14
2020-04-02 19:09:05,991 DEBUG com.sapient.aspect.MessageAspect$$EnhancerBySpringCGLIB$$f493ee07 [http-nio-6769-exec-1] Door-out RestController : Object org.springframework.data.repository.CrudRepository.save(Object) : without error : returned :com.sapient.model.UserCredentials@7e165a14 : with Arguments : [com.sapient.model.UserCredentials@7e165a14] 
2020-04-02 19:09:05,991 DEBUG com.sapient.aspect.MessageAspect$$EnhancerBySpringCGLIB$$f493ee07 [http-nio-6769-exec-1] Door-out RestController : Integer com.sapient.service.UserImpl.addNewUser(User) : without error : returned :10 : with Arguments : [] 
2020-04-02 19:09:05,991 DEBUG com.sapient.aspect.MessageAspect$$EnhancerBySpringCGLIB$$f493ee07 [http-nio-6769-exec-1] Door-in RestController : User com.sapient.service.UserImpl.getUserById(Integer)
2020-04-02 19:09:05,991 INFO com.sapient.aspect.UserAspect$$EnhancerBySpringCGLIB$$835692a9 [http-nio-6769-exec-1] before execution of execution(User com.sapient.service.UserImpl.getUserById(Integer))
2020-04-02 19:09:05,992 DEBUG com.sapient.aspect.MessageAspect$$EnhancerBySpringCGLIB$$f493ee07 [http-nio-6769-exec-1] Door-in RestController : Optional org.springframework.data.repository.CrudRepository.findById(Object)
2020-04-02 19:09:06,004 INFO com.sapient.aspect.UserAspect$$EnhancerBySpringCGLIB$$835692a9 [http-nio-6769-exec-1] execution(Optional org.springframework.data.repository.CrudRepository.findById(Object)) returned with value Optional[]
2020-04-02 19:09:06,004 DEBUG com.sapient.aspect.MessageAspect$$EnhancerBySpringCGLIB$$f493ee07 [http-nio-6769-exec-1] Door-out RestController : Optional org.springframework.data.repository.CrudRepository.findById(Object) : without error : returned :Optional[] : with Arguments : [10] 
2020-04-02 19:09:06,004 DEBUG com.sapient.aspect.MessageAspect$$EnhancerBySpringCGLIB$$f493ee07 [http-nio-6769-exec-1] Door-out RestController : User com.sapient.service.UserImpl.getUserById(Integer) : without error : returned : : with Arguments : [10] 
2020-04-02 19:09:06,004 DEBUG com.sapient.aspect.MessageAspect$$EnhancerBySpringCGLIB$$f493ee07 [http-nio-6769-exec-1] Door-in RestController : Role com.sapient.service.RoleImpl.getRoleById(Integer)
2020-04-02 19:09:06,005 INFO com.sapient.aspect.UserAspect$$EnhancerBySpringCGLIB$$835692a9 [http-nio-6769-exec-1] before execution of execution(Role com.sapient.service.RoleImpl.getRoleById(Integer))
2020-04-02 19:09:06,011 DEBUG com.sapient.aspect.MessageAspect$$EnhancerBySpringCGLIB$$f493ee07 [http-nio-6769-exec-1] Door-in RestController : Optional org.springframework.data.repository.CrudRepository.findById(Object)
2020-04-02 19:09:06,022 INFO com.sapient.aspect.UserAspect$$EnhancerBySpringCGLIB$$835692a9 [http-nio-6769-exec-1] execution(Optional org.springframework.data.repository.CrudRepository.findById(Object)) returned with value Optional[]
2020-04-02 19:09:06,022 DEBUG com.sapient.aspect.MessageAspect$$EnhancerBySpringCGLIB$$f493ee07 [http-nio-6769-exec-1] Door-out RestController : Optional org.springframework.data.repository.CrudRepository.findById(Object) : without error : returned :Optional[] : with Arguments : [2] 
2020-04-02 19:09:06,022 DEBUG com.sapient.aspect.MessageAspect$$EnhancerBySpringCGLIB$$f493ee07 [http-nio-6769-exec-1] Door-out RestController : Role com.sapient.service.RoleImpl.getRoleById(Integer) : without error : returned : : with Arguments : [2] 
2020-04-02 19:09:06,022 DEBUG com.sapient.aspect.MessageAspect$$EnhancerBySpringCGLIB$$f493ee07 [http-nio-6769-exec-1] Door-in RestController : Integer com.sapient.service.UserRoleImpl.addNewUserRole(UserRole)
2020-04-02 19:09:06,022 INFO com.sapient.aspect.UserAspect$$EnhancerBySpringCGLIB$$835692a9 [http-nio-6769-exec-1] before execution of execution(Integer com.sapient.service.UserRoleImpl.addNewUserRole(UserRole))
2020-04-02 19:09:06,029 DEBUG com.sapient.aspect.MessageAspect$$EnhancerBySpringCGLIB$$f493ee07 [http-nio-6769-exec-1] Door-in RestController : Object org.springframework.data.repository.CrudRepository.save(Object)
2020-04-02 19:09:06,040 INFO com.sapient.aspect.UserAspect$$EnhancerBySpringCGLIB$$835692a9 [http-nio-6769-exec-1] execution(Object org.springframework.data.repository.CrudRepository.save(Object)) returned with value com.sapient.model.UserRole@2e66b90a
2020-04-02 19:09:06,041 DEBUG com.sapient.aspect.MessageAspect$$EnhancerBySpringCGLIB$$f493ee07 [http-nio-6769-exec-1] Door-out RestController : Object org.springframework.data.repository.CrudRepository.save(Object) : without error : returned :com.sapient.model.UserRole@2e66b90a : with Arguments : [com.sapient.model.UserRole@2e66b90a] 
2020-04-02 19:09:06,041 DEBUG com.sapient.aspect.MessageAspect$$EnhancerBySpringCGLIB$$f493ee07 [http-nio-6769-exec-1] Door-out RestController : Integer com.sapient.service.UserRoleImpl.addNewUserRole(UserRole) : without error : returned :10 : with Arguments : [com.sapient.model.UserRole@2e66b90a] 
2020-04-02 19:09:06,043 DEBUG com.sapient.aspect.MessageAspect$$EnhancerBySpringCGLIB$$f493ee07 [http-nio-6769-exec-1] Door-out RestController : Object com.sapient.controller.UserController.addNew(UserRoleObject) : without error : returned :<200 OK OK,[10],[]> : with Arguments : [com.sapient.controller.UserRoleObject@4107fc5a] 
2020-04-02 19:13:55,224 INFO com.sapient.user_management.UserManagementApplication [restartedMain] Starting UserManagementApplication on WKWIN6139632 with PID 4088 (C:\Users\akasingh9\Desktop\MicroServicesPractice\user-management-trial-4\target\classes started by akasingh9 in C:\Users\akasingh9\Desktop\MicroServicesPractice\user-management-trial-4)
2020-04-02 19:13:55,224 DEBUG com.sapient.user_management.UserManagementApplication [restartedMain] Running with Spring Boot v2.2.5.RELEASE, Spring v5.2.4.RELEASE
2020-04-02 19:13:55,225 INFO com.sapient.user_management.UserManagementApplication [restartedMain] No active profile set, falling back to default profiles: default
2020-04-02 19:14:05,974 INFO com.sapient.user_management.UserManagementApplication [restartedMain] Starting UserManagementApplication on WKWIN6139632 with PID 27660 (C:\Users\akasingh9\Desktop\MicroServicesPractice\user-management-trial-4\target\classes started by akasingh9 in C:\Users\akasingh9\Desktop\MicroServicesPractice\user-management-trial-4)
2020-04-02 19:14:05,976 DEBUG com.sapient.user_management.UserManagementApplication [restartedMain] Running with Spring Boot v2.2.5.RELEASE, Spring v5.2.4.RELEASE
2020-04-02 19:14:05,976 INFO com.sapient.user_management.UserManagementApplication [restartedMain] No active profile set, falling back to default profiles: default
2020-04-02 19:14:14,283 DEBUG com.sapient.aspect.MessageAspect$$EnhancerBySpringCGLIB$$98293a4c [restartedMain] Door-in RestController : Docket com.sapient.user_management.UserManagementApplication.api()
2020-04-02 19:14:14,299 DEBUG com.sapient.aspect.MessageAspect$$EnhancerBySpringCGLIB$$98293a4c [restartedMain] Door-out RestController : Docket com.sapient.user_management.UserManagementApplication.api() : without error : returned :springfox.documentation.spring.web.plugins.Docket@d5a8687 : with Arguments : 
2020-04-02 19:14:16,066 INFO com.sapient.user_management.UserManagementApplication [restartedMain] Started UserManagementApplication in 10.432 seconds (JVM running for 11.017)
2020-04-02 19:15:13,943 DEBUG com.sapient.aspect.MessageAspect$$EnhancerBySpringCGLIB$$98293a4c [http-nio-6769-exec-1] Door-in RestController : Object com.sapient.controller.UserController.addNew(UserRoleObject)
2020-04-02 19:15:13,949 DEBUG com.sapient.aspect.MessageAspect$$EnhancerBySpringCGLIB$$98293a4c [http-nio-6769-exec-1] Door-in RestController : Integer com.sapient.service.UserImpl.addNewUser(User)
2020-04-02 19:15:13,950 INFO com.sapient.aspect.UserAspect$$EnhancerBySpringCGLIB$$26ebdeee [http-nio-6769-exec-1] before execution of execution(Integer com.sapient.service.UserImpl.addNewUser(User))
2020-04-02 19:15:13,966 DEBUG com.sapient.aspect.MessageAspect$$EnhancerBySpringCGLIB$$98293a4c [http-nio-6769-exec-1] Door-in RestController : Object org.springframework.data.repository.CrudRepository.save(Object)
2020-04-02 19:15:14,046 INFO com.sapient.aspect.UserAspect$$EnhancerBySpringCGLIB$$26ebdeee [http-nio-6769-exec-1] execution(Object org.springframework.data.repository.CrudRepository.save(Object)) returned with value 
2020-04-02 19:15:14,046 DEBUG com.sapient.aspect.MessageAspect$$EnhancerBySpringCGLIB$$98293a4c [http-nio-6769-exec-1] Door-out RestController : Object org.springframework.data.repository.CrudRepository.save(Object) : without error : returned : : with Arguments : [] 
2020-04-02 19:15:14,047 DEBUG com.sapient.aspect.MessageAspect$$EnhancerBySpringCGLIB$$98293a4c [http-nio-6769-exec-1] Door-in RestController : Object org.springframework.data.repository.CrudRepository.save(Object)
2020-04-02 19:15:14,053 INFO com.sapient.aspect.UserAspect$$EnhancerBySpringCGLIB$$26ebdeee [http-nio-6769-exec-1] execution(Object org.springframework.data.repository.CrudRepository.save(Object)) returned with value com.sapient.model.UserCredentials@50d3c34a
2020-04-02 19:15:14,053 DEBUG com.sapient.aspect.MessageAspect$$EnhancerBySpringCGLIB$$98293a4c [http-nio-6769-exec-1] Door-out RestController : Object org.springframework.data.repository.CrudRepository.save(Object) : without error : returned :com.sapient.model.UserCredentials@50d3c34a : with Arguments : [com.sapient.model.UserCredentials@50d3c34a] 
2020-04-02 19:15:14,053 DEBUG com.sapient.aspect.MessageAspect$$EnhancerBySpringCGLIB$$98293a4c [http-nio-6769-exec-1] Door-out RestController : Integer com.sapient.service.UserImpl.addNewUser(User) : without error : returned :11 : with Arguments : [] 
2020-04-02 19:15:14,054 DEBUG com.sapient.aspect.MessageAspect$$EnhancerBySpringCGLIB$$98293a4c [http-nio-6769-exec-1] Door-in RestController : User com.sapient.service.UserImpl.getUserById(Integer)
2020-04-02 19:15:14,054 INFO com.sapient.aspect.UserAspect$$EnhancerBySpringCGLIB$$26ebdeee [http-nio-6769-exec-1] before execution of execution(User com.sapient.service.UserImpl.getUserById(Integer))
2020-04-02 19:15:14,055 DEBUG com.sapient.aspect.MessageAspect$$EnhancerBySpringCGLIB$$98293a4c [http-nio-6769-exec-1] Door-in RestController : Optional org.springframework.data.repository.CrudRepository.findById(Object)
2020-04-02 19:15:14,069 INFO com.sapient.aspect.UserAspect$$EnhancerBySpringCGLIB$$26ebdeee [http-nio-6769-exec-1] execution(Optional org.springframework.data.repository.CrudRepository.findById(Object)) returned with value Optional[]
2020-04-02 19:15:14,069 DEBUG com.sapient.aspect.MessageAspect$$EnhancerBySpringCGLIB$$98293a4c [http-nio-6769-exec-1] Door-out RestController : Optional org.springframework.data.repository.CrudRepository.findById(Object) : without error : returned :Optional[] : with Arguments : [11] 
2020-04-02 19:15:14,069 DEBUG com.sapient.aspect.MessageAspect$$EnhancerBySpringCGLIB$$98293a4c [http-nio-6769-exec-1] Door-out RestController : User com.sapient.service.UserImpl.getUserById(Integer) : without error : returned : : with Arguments : [11] 
2020-04-02 19:15:14,070 DEBUG com.sapient.aspect.MessageAspect$$EnhancerBySpringCGLIB$$98293a4c [http-nio-6769-exec-1] Door-in RestController : Role com.sapient.service.RoleImpl.getRoleById(Integer)
2020-04-02 19:15:14,070 INFO com.sapient.aspect.UserAspect$$EnhancerBySpringCGLIB$$26ebdeee [http-nio-6769-exec-1] before execution of execution(Role com.sapient.service.RoleImpl.getRoleById(Integer))
2020-04-02 19:15:14,076 DEBUG com.sapient.aspect.MessageAspect$$EnhancerBySpringCGLIB$$98293a4c [http-nio-6769-exec-1] Door-in RestController : Optional org.springframework.data.repository.CrudRepository.findById(Object)
2020-04-02 19:15:14,093 INFO com.sapient.aspect.UserAspect$$EnhancerBySpringCGLIB$$26ebdeee [http-nio-6769-exec-1] execution(Optional org.springframework.data.repository.CrudRepository.findById(Object)) returned with value Optional[]
2020-04-02 19:15:14,093 DEBUG com.sapient.aspect.MessageAspect$$EnhancerBySpringCGLIB$$98293a4c [http-nio-6769-exec-1] Door-out RestController : Optional org.springframework.data.repository.CrudRepository.findById(Object) : without error : returned :Optional[] : with Arguments : [2] 
2020-04-02 19:15:14,094 DEBUG com.sapient.aspect.MessageAspect$$EnhancerBySpringCGLIB$$98293a4c [http-nio-6769-exec-1] Door-out RestController : Role com.sapient.service.RoleImpl.getRoleById(Integer) : without error : returned : : with Arguments : [2] 
2020-04-02 19:15:14,094 DEBUG com.sapient.aspect.MessageAspect$$EnhancerBySpringCGLIB$$98293a4c [http-nio-6769-exec-1] Door-in RestController : Integer com.sapient.service.UserRoleImpl.addNewUserRole(UserRole)
2020-04-02 19:15:14,094 INFO com.sapient.aspect.UserAspect$$EnhancerBySpringCGLIB$$26ebdeee [http-nio-6769-exec-1] before execution of execution(Integer com.sapient.service.UserRoleImpl.addNewUserRole(UserRole))
2020-04-02 19:15:14,100 DEBUG com.sapient.aspect.MessageAspect$$EnhancerBySpringCGLIB$$98293a4c [http-nio-6769-exec-1] Door-in RestController : Object org.springframework.data.repository.CrudRepository.save(Object)
2020-04-02 19:15:14,113 INFO com.sapient.aspect.UserAspect$$EnhancerBySpringCGLIB$$26ebdeee [http-nio-6769-exec-1] execution(Object org.springframework.data.repository.CrudRepository.save(Object)) returned with value com.sapient.model.UserRole@12fc1dd1
2020-04-02 19:15:14,114 DEBUG com.sapient.aspect.MessageAspect$$EnhancerBySpringCGLIB$$98293a4c [http-nio-6769-exec-1] Door-out RestController : Object org.springframework.data.repository.CrudRepository.save(Object) : without error : returned :com.sapient.model.UserRole@12fc1dd1 : with Arguments : [com.sapient.model.UserRole@12fc1dd1] 
2020-04-02 19:15:14,114 DEBUG com.sapient.aspect.MessageAspect$$EnhancerBySpringCGLIB$$98293a4c [http-nio-6769-exec-1] Door-out RestController : Integer com.sapient.service.UserRoleImpl.addNewUserRole(UserRole) : without error : returned :11 : with Arguments : [com.sapient.model.UserRole@12fc1dd1] 
2020-04-02 19:15:14,116 DEBUG com.sapient.aspect.MessageAspect$$EnhancerBySpringCGLIB$$98293a4c [http-nio-6769-exec-1] Door-out RestController : Object com.sapient.controller.UserController.addNew(UserRoleObject) : without error : returned :<200 OK OK,[11],[]> : with Arguments : [com.sapient.controller.UserRoleObject@3cb35321] 
2020-04-02 19:19:44,850 DEBUG com.sapient.aspect.MessageAspect$$EnhancerBySpringCGLIB$$98293a4c [http-nio-6769-exec-3] Door-in RestController : Object com.sapient.controller.UserController.addNew(UserRoleObject)
2020-04-02 19:19:44,850 DEBUG com.sapient.aspect.MessageAspect$$EnhancerBySpringCGLIB$$98293a4c [http-nio-6769-exec-3] Door-in RestController : Integer com.sapient.service.UserImpl.addNewUser(User)
2020-04-02 19:19:44,850 INFO com.sapient.aspect.UserAspect$$EnhancerBySpringCGLIB$$26ebdeee [http-nio-6769-exec-3] before execution of execution(Integer com.sapient.service.UserImpl.addNewUser(User))
2020-04-02 19:19:44,850 DEBUG com.sapient.aspect.MessageAspect$$EnhancerBySpringCGLIB$$98293a4c [http-nio-6769-exec-3] Door-in RestController : Object org.springframework.data.repository.CrudRepository.save(Object)
2020-04-02 19:19:44,856 INFO com.sapient.aspect.UserAspect$$EnhancerBySpringCGLIB$$26ebdeee [http-nio-6769-exec-3] execution(Object org.springframework.data.repository.CrudRepository.save(Object)) returned with value 
2020-04-02 19:19:44,856 DEBUG com.sapient.aspect.MessageAspect$$EnhancerBySpringCGLIB$$98293a4c [http-nio-6769-exec-3] Door-out RestController : Object org.springframework.data.repository.CrudRepository.save(Object) : without error : returned : : with Arguments : [] 
2020-04-02 19:19:44,856 DEBUG com.sapient.aspect.MessageAspect$$EnhancerBySpringCGLIB$$98293a4c [http-nio-6769-exec-3] Door-in RestController : Object org.springframework.data.repository.CrudRepository.save(Object)
2020-04-02 19:19:44,860 INFO com.sapient.aspect.UserAspect$$EnhancerBySpringCGLIB$$26ebdeee [http-nio-6769-exec-3] execution(Object org.springframework.data.repository.CrudRepository.save(Object)) returned with value com.sapient.model.UserCredentials@7a4954f0
2020-04-02 19:19:44,860 DEBUG com.sapient.aspect.MessageAspect$$EnhancerBySpringCGLIB$$98293a4c [http-nio-6769-exec-3] Door-out RestController : Object org.springframework.data.repository.CrudRepository.save(Object) : without error : returned :com.sapient.model.UserCredentials@7a4954f0 : with Arguments : [com.sapient.model.UserCredentials@7a4954f0] 
2020-04-02 19:19:44,860 DEBUG com.sapient.aspect.MessageAspect$$EnhancerBySpringCGLIB$$98293a4c [http-nio-6769-exec-3] Door-out RestController : Integer com.sapient.service.UserImpl.addNewUser(User) : without error : returned :12 : with Arguments : [] 
2020-04-02 19:19:44,860 DEBUG com.sapient.aspect.MessageAspect$$EnhancerBySpringCGLIB$$98293a4c [http-nio-6769-exec-3] Door-in RestController : User com.sapient.service.UserImpl.getUserById(Integer)
2020-04-02 19:19:44,861 INFO com.sapient.aspect.UserAspect$$EnhancerBySpringCGLIB$$26ebdeee [http-nio-6769-exec-3] before execution of execution(User com.sapient.service.UserImpl.getUserById(Integer))
2020-04-02 19:19:44,861 DEBUG com.sapient.aspect.MessageAspect$$EnhancerBySpringCGLIB$$98293a4c [http-nio-6769-exec-3] Door-in RestController : Optional org.springframework.data.repository.CrudRepository.findById(Object)
2020-04-02 19:19:44,862 INFO com.sapient.aspect.UserAspect$$EnhancerBySpringCGLIB$$26ebdeee [http-nio-6769-exec-3] execution(Optional org.springframework.data.repository.CrudRepository.findById(Object)) returned with value Optional[]
2020-04-02 19:19:44,863 DEBUG com.sapient.aspect.MessageAspect$$EnhancerBySpringCGLIB$$98293a4c [http-nio-6769-exec-3] Door-out RestController : Optional org.springframework.data.repository.CrudRepository.findById(Object) : without error : returned :Optional[] : with Arguments : [12] 
2020-04-02 19:19:44,863 DEBUG com.sapient.aspect.MessageAspect$$EnhancerBySpringCGLIB$$98293a4c [http-nio-6769-exec-3] Door-out RestController : User com.sapient.service.UserImpl.getUserById(Integer) : without error : returned : : with Arguments : [12] 
2020-04-02 19:19:44,863 DEBUG com.sapient.aspect.MessageAspect$$EnhancerBySpringCGLIB$$98293a4c [http-nio-6769-exec-3] Door-in RestController : Role com.sapient.service.RoleImpl.getRoleById(Integer)
2020-04-02 19:19:44,863 INFO com.sapient.aspect.UserAspect$$EnhancerBySpringCGLIB$$26ebdeee [http-nio-6769-exec-3] before execution of execution(Role com.sapient.service.RoleImpl.getRoleById(Integer))
2020-04-02 19:19:44,863 DEBUG com.sapient.aspect.MessageAspect$$EnhancerBySpringCGLIB$$98293a4c [http-nio-6769-exec-3] Door-in RestController : Optional org.springframework.data.repository.CrudRepository.findById(Object)
2020-04-02 19:19:44,866 INFO com.sapient.aspect.UserAspect$$EnhancerBySpringCGLIB$$26ebdeee [http-nio-6769-exec-3] execution(Optional org.springframework.data.repository.CrudRepository.findById(Object)) returned with value Optional[]
2020-04-02 19:19:44,867 DEBUG com.sapient.aspect.MessageAspect$$EnhancerBySpringCGLIB$$98293a4c [http-nio-6769-exec-3] Door-out RestController : Optional org.springframework.data.repository.CrudRepository.findById(Object) : without error : returned :Optional[] : with Arguments : [2] 
2020-04-02 19:19:44,867 DEBUG com.sapient.aspect.MessageAspect$$EnhancerBySpringCGLIB$$98293a4c [http-nio-6769-exec-3] Door-out RestController : Role com.sapient.service.RoleImpl.getRoleById(Integer) : without error : returned : : with Arguments : [2] 
2020-04-02 19:19:44,867 DEBUG com.sapient.aspect.MessageAspect$$EnhancerBySpringCGLIB$$98293a4c [http-nio-6769-exec-3] Door-in RestController : Integer com.sapient.service.UserRoleImpl.addNewUserRole(UserRole)
2020-04-02 19:19:44,867 INFO com.sapient.aspect.UserAspect$$EnhancerBySpringCGLIB$$26ebdeee [http-nio-6769-exec-3] before execution of execution(Integer com.sapient.service.UserRoleImpl.addNewUserRole(UserRole))
2020-04-02 19:19:44,867 DEBUG com.sapient.aspect.MessageAspect$$EnhancerBySpringCGLIB$$98293a4c [http-nio-6769-exec-3] Door-in RestController : Object org.springframework.data.repository.CrudRepository.save(Object)
2020-04-02 19:19:44,871 INFO com.sapient.aspect.UserAspect$$EnhancerBySpringCGLIB$$26ebdeee [http-nio-6769-exec-3] execution(Object org.springframework.data.repository.CrudRepository.save(Object)) returned with value com.sapient.model.UserRole@7dd4c0c4
2020-04-02 19:19:44,871 DEBUG com.sapient.aspect.MessageAspect$$EnhancerBySpringCGLIB$$98293a4c [http-nio-6769-exec-3] Door-out RestController : Object org.springframework.data.repository.CrudRepository.save(Object) : without error : returned :com.sapient.model.UserRole@7dd4c0c4 : with Arguments : [com.sapient.model.UserRole@7dd4c0c4] 
2020-04-02 19:19:44,871 DEBUG com.sapient.aspect.MessageAspect$$EnhancerBySpringCGLIB$$98293a4c [http-nio-6769-exec-3] Door-out RestController : Integer com.sapient.service.UserRoleImpl.addNewUserRole(UserRole) : without error : returned :12 : with Arguments : [com.sapient.model.UserRole@7dd4c0c4] 
2020-04-02 19:19:44,871 DEBUG com.sapient.aspect.MessageAspect$$EnhancerBySpringCGLIB$$98293a4c [http-nio-6769-exec-3] Door-out RestController : Object com.sapient.controller.UserController.addNew(UserRoleObject) : without error : returned :<200 OK OK,[12],[]> : with Arguments : [com.sapient.controller.UserRoleObject@11ab7b61] 
2020-04-02 19:20:48,153 INFO com.sapient.user_management.UserManagementApplication [restartedMain] Starting UserManagementApplication on WKWIN6139632 with PID 27660 (C:\Users\akasingh9\Desktop\MicroServicesPractice\user-management-trial-4\target\classes started by akasingh9 in C:\Users\akasingh9\Desktop\MicroServicesPractice\user-management-trial-4)
2020-04-02 19:20:48,154 DEBUG com.sapient.user_management.UserManagementApplication [restartedMain] Running with Spring Boot v2.2.5.RELEASE, Spring v5.2.4.RELEASE
2020-04-02 19:20:48,154 INFO com.sapient.user_management.UserManagementApplication [restartedMain] No active profile set, falling back to default profiles: default
2020-04-02 19:21:06,720 INFO com.sapient.user_management.UserManagementApplication [restartedMain] Starting UserManagementApplication on WKWIN6139632 with PID 23224 (C:\Users\akasingh9\Desktop\MicroServicesPractice\user-management-trial-4\target\classes started by akasingh9 in C:\Users\akasingh9\Desktop\MicroServicesPractice\user-management-trial-4)
2020-04-02 19:21:06,722 DEBUG com.sapient.user_management.UserManagementApplication [restartedMain] Running with Spring Boot v2.2.5.RELEASE, Spring v5.2.4.RELEASE
2020-04-02 19:21:06,722 INFO com.sapient.user_management.UserManagementApplication [restartedMain] No active profile set, falling back to default profiles: default
2020-04-02 19:21:15,972 DEBUG com.sapient.aspect.MessageAspect$$EnhancerBySpringCGLIB$$320b586 [restartedMain] Door-in RestController : Docket com.sapient.user_management.UserManagementApplication.api()
2020-04-02 19:21:15,994 DEBUG com.sapient.aspect.MessageAspect$$EnhancerBySpringCGLIB$$320b586 [restartedMain] Door-out RestController : Docket com.sapient.user_management.UserManagementApplication.api() : without error : returned :springfox.documentation.spring.web.plugins.Docket@2ba674d9 : with Arguments : 
2020-04-02 19:21:17,604 INFO com.sapient.user_management.UserManagementApplication [restartedMain] Started UserManagementApplication in 11.215 seconds (JVM running for 11.825)
2020-04-02 19:22:13,961 DEBUG com.sapient.aspect.MessageAspect$$EnhancerBySpringCGLIB$$320b586 [http-nio-6769-exec-2] Door-in RestController : Object com.sapient.controller.UserController.addNew(UserRoleObject)
2020-04-02 19:22:13,966 DEBUG com.sapient.aspect.MessageAspect$$EnhancerBySpringCGLIB$$320b586 [http-nio-6769-exec-2] Door-in RestController : Integer com.sapient.service.UserImpl.addNewUser(User)
2020-04-02 19:22:13,968 INFO com.sapient.aspect.UserAspect$$EnhancerBySpringCGLIB$$91e35a28 [http-nio-6769-exec-2] before execution of execution(Integer com.sapient.service.UserImpl.addNewUser(User))
2020-04-02 19:22:13,985 DEBUG com.sapient.aspect.MessageAspect$$EnhancerBySpringCGLIB$$320b586 [http-nio-6769-exec-2] Door-in RestController : Object org.springframework.data.repository.CrudRepository.save(Object)
2020-04-02 19:22:14,090 INFO com.sapient.aspect.UserAspect$$EnhancerBySpringCGLIB$$91e35a28 [http-nio-6769-exec-2] execution(Object org.springframework.data.repository.CrudRepository.save(Object)) returned with value 
2020-04-02 19:22:14,090 DEBUG com.sapient.aspect.MessageAspect$$EnhancerBySpringCGLIB$$320b586 [http-nio-6769-exec-2] Door-out RestController : Object org.springframework.data.repository.CrudRepository.save(Object) : without error : returned : : with Arguments : [] 
2020-04-02 19:22:14,091 DEBUG com.sapient.aspect.MessageAspect$$EnhancerBySpringCGLIB$$320b586 [http-nio-6769-exec-2] Door-in RestController : Object org.springframework.data.repository.CrudRepository.save(Object)
2020-04-02 19:22:14,096 INFO com.sapient.aspect.UserAspect$$EnhancerBySpringCGLIB$$91e35a28 [http-nio-6769-exec-2] execution(Object org.springframework.data.repository.CrudRepository.save(Object)) returned with value com.sapient.model.UserCredentials@209240c5
2020-04-02 19:22:14,096 DEBUG com.sapient.aspect.MessageAspect$$EnhancerBySpringCGLIB$$320b586 [http-nio-6769-exec-2] Door-out RestController : Object org.springframework.data.repository.CrudRepository.save(Object) : without error : returned :com.sapient.model.UserCredentials@209240c5 : with Arguments : [com.sapient.model.UserCredentials@209240c5] 
2020-04-02 19:22:14,096 DEBUG com.sapient.aspect.MessageAspect$$EnhancerBySpringCGLIB$$320b586 [http-nio-6769-exec-2] Door-out RestController : Integer com.sapient.service.UserImpl.addNewUser(User) : without error : returned :13 : with Arguments : [] 
2020-04-02 19:22:14,096 DEBUG com.sapient.aspect.MessageAspect$$EnhancerBySpringCGLIB$$320b586 [http-nio-6769-exec-2] Door-in RestController : User com.sapient.service.UserImpl.getUserById(Integer)
2020-04-02 19:22:14,096 INFO com.sapient.aspect.UserAspect$$EnhancerBySpringCGLIB$$91e35a28 [http-nio-6769-exec-2] before execution of execution(User com.sapient.service.UserImpl.getUserById(Integer))
2020-04-02 19:22:14,097 DEBUG com.sapient.aspect.MessageAspect$$EnhancerBySpringCGLIB$$320b586 [http-nio-6769-exec-2] Door-in RestController : Optional org.springframework.data.repository.CrudRepository.findById(Object)
2020-04-02 19:22:14,110 INFO com.sapient.aspect.UserAspect$$EnhancerBySpringCGLIB$$91e35a28 [http-nio-6769-exec-2] execution(Optional org.springframework.data.repository.CrudRepository.findById(Object)) returned with value Optional[]
2020-04-02 19:22:14,111 DEBUG com.sapient.aspect.MessageAspect$$EnhancerBySpringCGLIB$$320b586 [http-nio-6769-exec-2] Door-out RestController : Optional org.springframework.data.repository.CrudRepository.findById(Object) : without error : returned :Optional[] : with Arguments : [13] 
2020-04-02 19:22:14,111 DEBUG com.sapient.aspect.MessageAspect$$EnhancerBySpringCGLIB$$320b586 [http-nio-6769-exec-2] Door-out RestController : User com.sapient.service.UserImpl.getUserById(Integer) : without error : returned : : with Arguments : [13] 
2020-04-02 19:22:14,111 DEBUG com.sapient.aspect.MessageAspect$$EnhancerBySpringCGLIB$$320b586 [http-nio-6769-exec-2] Door-in RestController : Role com.sapient.service.RoleImpl.getRoleById(Integer)
2020-04-02 19:22:14,111 INFO com.sapient.aspect.UserAspect$$EnhancerBySpringCGLIB$$91e35a28 [http-nio-6769-exec-2] before execution of execution(Role com.sapient.service.RoleImpl.getRoleById(Integer))
2020-04-02 19:22:14,115 DEBUG com.sapient.aspect.MessageAspect$$EnhancerBySpringCGLIB$$320b586 [http-nio-6769-exec-2] Door-in RestController : Optional org.springframework.data.repository.CrudRepository.findById(Object)
2020-04-02 19:22:14,134 INFO com.sapient.aspect.UserAspect$$EnhancerBySpringCGLIB$$91e35a28 [http-nio-6769-exec-2] execution(Optional org.springframework.data.repository.CrudRepository.findById(Object)) returned with value Optional[]
2020-04-02 19:22:14,135 DEBUG com.sapient.aspect.MessageAspect$$EnhancerBySpringCGLIB$$320b586 [http-nio-6769-exec-2] Door-out RestController : Optional org.springframework.data.repository.CrudRepository.findById(Object) : without error : returned :Optional[] : with Arguments : [2] 
2020-04-02 19:22:14,135 DEBUG com.sapient.aspect.MessageAspect$$EnhancerBySpringCGLIB$$320b586 [http-nio-6769-exec-2] Door-out RestController : Role com.sapient.service.RoleImpl.getRoleById(Integer) : without error : returned : : with Arguments : [2] 
2020-04-02 19:22:14,135 DEBUG com.sapient.aspect.MessageAspect$$EnhancerBySpringCGLIB$$320b586 [http-nio-6769-exec-2] Door-in RestController : Integer com.sapient.service.UserRoleImpl.addNewUserRole(UserRole)
2020-04-02 19:22:14,135 INFO com.sapient.aspect.UserAspect$$EnhancerBySpringCGLIB$$91e35a28 [http-nio-6769-exec-2] before execution of execution(Integer com.sapient.service.UserRoleImpl.addNewUserRole(UserRole))
2020-04-02 19:22:14,140 DEBUG com.sapient.aspect.MessageAspect$$EnhancerBySpringCGLIB$$320b586 [http-nio-6769-exec-2] Door-in RestController : Object org.springframework.data.repository.CrudRepository.save(Object)
2020-04-02 19:22:14,151 INFO com.sapient.aspect.UserAspect$$EnhancerBySpringCGLIB$$91e35a28 [http-nio-6769-exec-2] execution(Object org.springframework.data.repository.CrudRepository.save(Object)) returned with value com.sapient.model.UserRole@475b31a8
2020-04-02 19:22:14,152 DEBUG com.sapient.aspect.MessageAspect$$EnhancerBySpringCGLIB$$320b586 [http-nio-6769-exec-2] Door-out RestController : Object org.springframework.data.repository.CrudRepository.save(Object) : without error : returned :com.sapient.model.UserRole@475b31a8 : with Arguments : [com.sapient.model.UserRole@475b31a8] 
2020-04-02 19:22:14,152 DEBUG com.sapient.aspect.MessageAspect$$EnhancerBySpringCGLIB$$320b586 [http-nio-6769-exec-2] Door-out RestController : Integer com.sapient.service.UserRoleImpl.addNewUserRole(UserRole) : without error : returned :13 : with Arguments : [com.sapient.model.UserRole@475b31a8] 
2020-04-02 19:22:14,154 DEBUG com.sapient.aspect.MessageAspect$$EnhancerBySpringCGLIB$$320b586 [http-nio-6769-exec-2] Door-out RestController : Object com.sapient.controller.UserController.addNew(UserRoleObject) : without error : returned :<200 OK OK,[13],[]> : with Arguments : [com.sapient.controller.UserRoleObject@7452933e] 
2020-04-02 20:05:25,257 INFO com.sapient.user_management.UserManagementApplication [restartedMain] Starting UserManagementApplication on WKWIN6139632 with PID 22740 (C:\Users\akasingh9\Desktop\MicroServicesPractice\user-management-trial-4\target\classes started by akasingh9 in C:\Users\akasingh9\Desktop\MicroServicesPractice\user-management-trial-4)
2020-04-02 20:05:25,262 DEBUG com.sapient.user_management.UserManagementApplication [restartedMain] Running with Spring Boot v2.2.5.RELEASE, Spring v5.2.4.RELEASE
2020-04-02 20:05:25,264 INFO com.sapient.user_management.UserManagementApplication [restartedMain] No active profile set, falling back to default profiles: default
2020-04-02 20:05:37,269 DEBUG com.sapient.aspect.MessageAspect$$EnhancerBySpringCGLIB$$347242bc [restartedMain] Door-in RestController : Docket com.sapient.user_management.UserManagementApplication.api()
2020-04-02 20:05:37,290 DEBUG com.sapient.aspect.MessageAspect$$EnhancerBySpringCGLIB$$347242bc [restartedMain] Door-out RestController : Docket com.sapient.user_management.UserManagementApplication.api() : without error : returned :springfox.documentation.spring.web.plugins.Docket@2acb1bf4 : with Arguments : 
2020-04-02 20:05:38,880 INFO com.sapient.user_management.UserManagementApplication [restartedMain] Started UserManagementApplication in 14.321 seconds (JVM running for 15.542)
2020-04-02 20:06:25,294 DEBUG com.sapient.aspect.MessageAspect$$EnhancerBySpringCGLIB$$347242bc [http-nio-6769-exec-2] Door-in RestController : Object com.sapient.controller.UserController.addNew(UserRoleObject)
2020-04-02 20:06:25,307 DEBUG com.sapient.aspect.MessageAspect$$EnhancerBySpringCGLIB$$347242bc [http-nio-6769-exec-2] Door-in RestController : Integer com.sapient.service.UserImpl.addNewUser(User)
2020-04-02 20:06:25,308 INFO com.sapient.aspect.UserAspect$$EnhancerBySpringCGLIB$$c334e75e [http-nio-6769-exec-2] before execution of execution(Integer com.sapient.service.UserImpl.addNewUser(User))
2020-04-02 20:06:25,339 DEBUG com.sapient.aspect.MessageAspect$$EnhancerBySpringCGLIB$$347242bc [http-nio-6769-exec-2] Door-in RestController : Object org.springframework.data.repository.CrudRepository.save(Object)
2020-04-02 20:06:25,486 INFO com.sapient.aspect.UserAspect$$EnhancerBySpringCGLIB$$c334e75e [http-nio-6769-exec-2] execution(Object org.springframework.data.repository.CrudRepository.save(Object)) returned with value 
2020-04-02 20:06:25,486 DEBUG com.sapient.aspect.MessageAspect$$EnhancerBySpringCGLIB$$347242bc [http-nio-6769-exec-2] Door-out RestController : Object org.springframework.data.repository.CrudRepository.save(Object) : without error : returned : : with Arguments : [] 
2020-04-02 20:06:25,735 DEBUG com.sapient.aspect.MessageAspect$$EnhancerBySpringCGLIB$$347242bc [http-nio-6769-exec-2] Door-in RestController : Object org.springframework.data.repository.CrudRepository.save(Object)
2020-04-02 20:06:25,745 INFO com.sapient.aspect.UserAspect$$EnhancerBySpringCGLIB$$c334e75e [http-nio-6769-exec-2] execution(Object org.springframework.data.repository.CrudRepository.save(Object)) returned with value com.sapient.model.UserCredentials@1dceaaae
2020-04-02 20:06:25,746 DEBUG com.sapient.aspect.MessageAspect$$EnhancerBySpringCGLIB$$347242bc [http-nio-6769-exec-2] Door-out RestController : Object org.springframework.data.repository.CrudRepository.save(Object) : without error : returned :com.sapient.model.UserCredentials@1dceaaae : with Arguments : [com.sapient.model.UserCredentials@1dceaaae] 
2020-04-02 20:06:25,746 DEBUG com.sapient.aspect.MessageAspect$$EnhancerBySpringCGLIB$$347242bc [http-nio-6769-exec-2] Door-out RestController : Integer com.sapient.service.UserImpl.addNewUser(User) : without error : returned :14 : with Arguments : [] 
2020-04-02 20:06:25,747 DEBUG com.sapient.aspect.MessageAspect$$EnhancerBySpringCGLIB$$347242bc [http-nio-6769-exec-2] Door-in RestController : User com.sapient.service.UserImpl.getUserById(Integer)
2020-04-02 20:06:25,747 INFO com.sapient.aspect.UserAspect$$EnhancerBySpringCGLIB$$c334e75e [http-nio-6769-exec-2] before execution of execution(User com.sapient.service.UserImpl.getUserById(Integer))
2020-04-02 20:06:25,748 DEBUG com.sapient.aspect.MessageAspect$$EnhancerBySpringCGLIB$$347242bc [http-nio-6769-exec-2] Door-in RestController : Optional org.springframework.data.repository.CrudRepository.findById(Object)
2020-04-02 20:06:25,768 INFO com.sapient.aspect.UserAspect$$EnhancerBySpringCGLIB$$c334e75e [http-nio-6769-exec-2] execution(Optional org.springframework.data.repository.CrudRepository.findById(Object)) returned with value Optional[]
2020-04-02 20:06:25,769 DEBUG com.sapient.aspect.MessageAspect$$EnhancerBySpringCGLIB$$347242bc [http-nio-6769-exec-2] Door-out RestController : Optional org.springframework.data.repository.CrudRepository.findById(Object) : without error : returned :Optional[] : with Arguments : [14] 
2020-04-02 20:06:25,770 DEBUG com.sapient.aspect.MessageAspect$$EnhancerBySpringCGLIB$$347242bc [http-nio-6769-exec-2] Door-out RestController : User com.sapient.service.UserImpl.getUserById(Integer) : without error : returned : : with Arguments : [14] 
2020-04-02 20:06:25,770 DEBUG com.sapient.aspect.MessageAspect$$EnhancerBySpringCGLIB$$347242bc [http-nio-6769-exec-2] Door-in RestController : Role com.sapient.service.RoleImpl.getRoleById(Integer)
2020-04-02 20:06:25,770 INFO com.sapient.aspect.UserAspect$$EnhancerBySpringCGLIB$$c334e75e [http-nio-6769-exec-2] before execution of execution(Role com.sapient.service.RoleImpl.getRoleById(Integer))
2020-04-02 20:06:25,780 DEBUG com.sapient.aspect.MessageAspect$$EnhancerBySpringCGLIB$$347242bc [http-nio-6769-exec-2] Door-in RestController : Optional org.springframework.data.repository.CrudRepository.findById(Object)
2020-04-02 20:06:25,805 INFO com.sapient.aspect.UserAspect$$EnhancerBySpringCGLIB$$c334e75e [http-nio-6769-exec-2] execution(Optional org.springframework.data.repository.CrudRepository.findById(Object)) returned with value Optional[]
2020-04-02 20:06:25,806 DEBUG com.sapient.aspect.MessageAspect$$EnhancerBySpringCGLIB$$347242bc [http-nio-6769-exec-2] Door-out RestController : Optional org.springframework.data.repository.CrudRepository.findById(Object) : without error : returned :Optional[] : with Arguments : [2] 
2020-04-02 20:06:25,806 DEBUG com.sapient.aspect.MessageAspect$$EnhancerBySpringCGLIB$$347242bc [http-nio-6769-exec-2] Door-out RestController : Role com.sapient.service.RoleImpl.getRoleById(Integer) : without error : returned : : with Arguments : [2] 
2020-04-02 20:06:25,806 DEBUG com.sapient.aspect.MessageAspect$$EnhancerBySpringCGLIB$$347242bc [http-nio-6769-exec-2] Door-in RestController : Integer com.sapient.service.UserRoleImpl.addNewUserRole(UserRole)
2020-04-02 20:06:25,806 INFO com.sapient.aspect.UserAspect$$EnhancerBySpringCGLIB$$c334e75e [http-nio-6769-exec-2] before execution of execution(Integer com.sapient.service.UserRoleImpl.addNewUserRole(UserRole))
2020-04-02 20:06:25,814 DEBUG com.sapient.aspect.MessageAspect$$EnhancerBySpringCGLIB$$347242bc [http-nio-6769-exec-2] Door-in RestController : Object org.springframework.data.repository.CrudRepository.save(Object)
2020-04-02 20:06:25,831 INFO com.sapient.aspect.UserAspect$$EnhancerBySpringCGLIB$$c334e75e [http-nio-6769-exec-2] execution(Object org.springframework.data.repository.CrudRepository.save(Object)) returned with value com.sapient.model.UserRole@78f68805
2020-04-02 20:06:25,832 DEBUG com.sapient.aspect.MessageAspect$$EnhancerBySpringCGLIB$$347242bc [http-nio-6769-exec-2] Door-out RestController : Object org.springframework.data.repository.CrudRepository.save(Object) : without error : returned :com.sapient.model.UserRole@78f68805 : with Arguments : [com.sapient.model.UserRole@78f68805] 
2020-04-02 20:06:25,832 DEBUG com.sapient.aspect.MessageAspect$$EnhancerBySpringCGLIB$$347242bc [http-nio-6769-exec-2] Door-out RestController : Integer com.sapient.service.UserRoleImpl.addNewUserRole(UserRole) : without error : returned :14 : with Arguments : [com.sapient.model.UserRole@78f68805] 
2020-04-02 20:06:25,834 DEBUG com.sapient.aspect.MessageAspect$$EnhancerBySpringCGLIB$$347242bc [http-nio-6769-exec-2] Door-out RestController : Object com.sapient.controller.UserController.addNew(UserRoleObject) : without error : returned :<200 OK OK,[14],[]> : with Arguments : [com.sapient.controller.UserRoleObject@7cb60d11] 
